TN:
SF:/home/anton/3laba_2kurs/src/DynamicArray.cpp
FN:122,135,_ZN12DynamicArray4MDELEi
FN:13,18,_ZN12DynamicArrayC2Ev
FN:137,144,_ZNK12DynamicArray4MGETB5cxx11Ei
FN:146,153,_ZN12DynamicArray4MSETENSt7__cxx1112basic_stringIcSt11char_traitsIcESaIcEEEi
FN:155,165,_ZN12DynamicArray6resizeEi
FN:167,170,_ZNK12DynamicArray4sizeEv
FN:172,175,_ZNK12DynamicArray10memory_useEv
FN:20,29,_ZN12DynamicArrayC2ERKS_
FN:31,42,_ZN12DynamicArrayC2ESt16initializer_listINSt7__cxx1112basic_stringIcSt11char_traitsIcESaIcEEEE
FN:44,58,_ZN12DynamicArrayaSERKS_
FN:60,63,_ZN12DynamicArrayD2Ev
FN:65,68,_ZN12DynamicArray5beginB5cxx11Ev
FN:70,73,_ZN12DynamicArray3endB5cxx11Ev
FN:75,91,_ZN12DynamicArray5MPUSHENSt7__cxx1112basic_stringIcSt11char_traitsIcESaIcEEE
FN:93,120,_ZN12DynamicArray5MPUSHENSt7__cxx1112basic_stringIcSt11char_traitsIcESaIcEEEi
FNDA:8,_ZN12DynamicArray4MDELEi
FNDA:8,_ZN12DynamicArrayC2Ev
FNDA:74,_ZNK12DynamicArray4MGETB5cxx11Ei
FNDA:6,_ZN12DynamicArray4MSETENSt7__cxx1112basic_stringIcSt11char_traitsIcESaIcEEEi
FNDA:2,_ZN12DynamicArray6resizeEi
FNDA:24,_ZNK12DynamicArray4sizeEv
FNDA:4,_ZNK12DynamicArray10memory_useEv
FNDA:2,_ZN12DynamicArrayC2ERKS_
FNDA:14,_ZN12DynamicArrayC2ESt16initializer_listINSt7__cxx1112basic_stringIcSt11char_traitsIcESaIcEEEE
FNDA:2,_ZN12DynamicArrayaSERKS_
FNDA:24,_ZN12DynamicArrayD2Ev
FNDA:2,_ZN12DynamicArray5beginB5cxx11Ev
FNDA:2,_ZN12DynamicArray3endB5cxx11Ev
FNDA:8,_ZN12DynamicArray5MPUSHENSt7__cxx1112basic_stringIcSt11char_traitsIcESaIcEEE
FNDA:6,_ZN12DynamicArray5MPUSHENSt7__cxx1112basic_stringIcSt11char_traitsIcESaIcEEEi
FNF:15
FNH:15
DA:13,8
DA:14,8
DA:15,16
DA:16,8
DA:17,8
DA:18,8
DA:20,2
DA:21,2
DA:22,2
DA:23,2
DA:24,22
DA:25,12
DA:27,10
DA:29,2
DA:31,14
DA:32,14
DA:33,14
DA:34,14
DA:35,114
DA:37,14
DA:38,64
DA:40,50
DA:42,14
DA:44,2
DA:46,2
DA:48,4
DA:49,2
DA:50,2
DA:51,22
DA:52,12
DA:54,10
DA:57,2
DA:60,24
DA:62,184
DA:63,24
DA:65,2
DA:67,2
DA:70,2
DA:72,2
DA:75,8
DA:77,8
DA:79,16
DA:81,10
DA:83,6
DA:85,10
DA:86,4
DA:87,4
DA:89,8
DA:90,8
DA:91,8
DA:93,6
DA:95,6
DA:97,0
DA:100,6
DA:102,0
DA:104,0
DA:106,0
DA:108,0
DA:109,0
DA:110,0
DA:113,18
DA:115,12
DA:118,6
DA:119,6
DA:120,6
DA:122,8
DA:124,8
DA:126,2
DA:129,8
DA:131,2
DA:134,6
DA:135,6
DA:137,74
DA:139,74
DA:141,74
DA:143,0
DA:146,6
DA:148,6
DA:150,0
DA:152,6
DA:153,6
DA:155,2
DA:157,12
DA:158,4
DA:160,2
DA:162,4
DA:163,2
DA:164,2
DA:165,2
DA:167,24
DA:169,24
DA:172,4
DA:174,4
LF:93
LH:84
end_of_record
TN:
SF:/home/anton/3laba_2kurs/src/FBT.cpp
FN:10,15,_ZN4nodeC2Ei
FN:101,108,_ZNK5QueueIP4nodeE5frontEv
FN:121,126,_ZN3FBTC2Ei
FN:128,138,_ZN3FBTD2Ev
FN:142,178,_ZN3FBT3AddEi
FN:230,246,_ZN3FBT9findPlaceEi
FN:248,262,_ZN3FBT6isFullEv
FN:27,31,_ZN5QueueIP4nodeE4NodeC2ES1_
FN:39,43,_ZN5QueueIP4nodeEC2Ev
FN:45,55,_ZN5QueueIP4nodeEC2ERKS2_
FN:57,65,_ZN5QueueIP4nodeED2Ev
FN:67,70,_ZNK5QueueIP4nodeE8is_emptyEv
FN:72,84,_ZN5QueueIP4nodeE7enqueueES1_
FN:86,99,_ZN5QueueIP4nodeE7dequeueEv
FNDA:28,_ZN4nodeC2Ei
FNDA:116,_ZNK5QueueIP4nodeE5frontEv
FNDA:10,_ZN3FBTC2Ei
FNDA:10,_ZN3FBTD2Ev
FNDA:18,_ZN3FBT3AddEi
FNDA:32,_ZN3FBT9findPlaceEi
FNDA:4,_ZN3FBT6isFullEv
FNDA:166,_ZN5QueueIP4nodeE4NodeC2ES1_
FNDA:20,_ZN5QueueIP4nodeEC2Ev
FNDA:46,_ZN5QueueIP4nodeEC2ERKS2_
FNDA:66,_ZN5QueueIP4nodeED2Ev
FNDA:522,_ZNK5QueueIP4nodeE8is_emptyEv
FNDA:166,_ZN5QueueIP4nodeE7enqueueES1_
FNDA:92,_ZN5QueueIP4nodeE7dequeueEv
FNF:14
FNH:14
DA:10,28
DA:11,28
DA:12,28
DA:13,28
DA:14,28
DA:15,28
DA:27,166
DA:29,166
DA:30,166
DA:31,166
DA:39,20
DA:41,20
DA:42,20
DA:43,20
DA:45,46
DA:47,46
DA:48,46
DA:49,46
DA:50,156
DA:52,110
DA:53,110
DA:55,46
DA:57,66
DA:59,206
DA:61,74
DA:62,74
DA:63,74
DA:65,66
DA:67,522
DA:69,522
DA:72,166
DA:74,166
DA:75,166
DA:77,66
DA:81,100
DA:82,100
DA:84,166
DA:86,92
DA:88,92
DA:90,0
DA:92,92
DA:93,92
DA:94,92
DA:95,92
DA:97,32
DA:99,92
DA:101,116
DA:103,116
DA:105,0
DA:107,116
DA:121,10
DA:122,10
DA:123,10
DA:124,10
DA:125,10
DA:126,10
DA:128,10
DA:131,10
DA:132,48
DA:134,28
DA:135,28
DA:136,28
DA:138,10
DA:142,18
DA:148,18
DA:149,0
DA:151,18
DA:154,18
DA:156,18
DA:158,0
DA:161,18
DA:162,18
DA:163,18
DA:165,18
DA:166,10
DA:168,8
DA:169,8
DA:170,8
DA:174,0
DA:177,18
DA:230,32
DA:232,32
DA:234,80
DA:236,60
DA:237,60
DA:239,12
DA:241,48
DA:244,20
DA:246,32
DA:248,4
DA:249,4
DA:251,12
DA:253,10
DA:254,10
DA:255,10
DA:257,2
DA:259,8
DA:261,2
DA:262,4
LF:99
LH:94
end_of_record
TN:
SF:/home/anton/3laba_2kurs/src/ForwardList.cpp
FN:100,115,_ZN11ForwardList7delheadEv
FN:117,137,_ZN11ForwardList7deltailEv
FN:12,16,_ZN11ForwardList4NodeC2ENSt7__cxx1112basic_stringIcSt11char_traitsIcESaIcEEE
FN:139,182,_ZN11ForwardList6removeENSt7__cxx1112basic_stringIcSt11char_traitsIcESaIcEEE
FN:184,204,_ZN11ForwardList6searchENSt7__cxx1112basic_stringIcSt11char_traitsIcESaIcEEE
FN:24,28,_ZN11ForwardListC2Ev
FN:30,40,_ZN11ForwardListD2Ev
FN:42,45,_ZNK11ForwardList8is_emptyEv
FN:47,60,_ZN11ForwardList3getB5cxx11Ei
FN:62,72,_ZNK11ForwardList4sizeEv
FN:74,85,_ZN11ForwardList7addtailENSt7__cxx1112basic_stringIcSt11char_traitsIcESaIcEEE
FN:87,98,_ZN11ForwardList7addheadENSt7__cxx1112basic_stringIcSt11char_traitsIcESaIcEEE
FNDA:6,_ZN11ForwardList7delheadEv
FNDA:6,_ZN11ForwardList7deltailEv
FNDA:38,_ZN11ForwardList4NodeC2ENSt7__cxx1112basic_stringIcSt11char_traitsIcESaIcEEE
FNDA:2,_ZN11ForwardList6removeENSt7__cxx1112basic_stringIcSt11char_traitsIcESaIcEEE
FNDA:10,_ZN11ForwardList6searchENSt7__cxx1112basic_stringIcSt11char_traitsIcESaIcEEE
FNDA:20,_ZN11ForwardListC2Ev
FNDA:20,_ZN11ForwardListD2Ev
FNDA:84,_ZNK11ForwardList8is_emptyEv
FNDA:20,_ZN11ForwardList3getB5cxx11Ei
FNDA:48,_ZNK11ForwardList4sizeEv
FNDA:14,_ZN11ForwardList7addtailENSt7__cxx1112basic_stringIcSt11char_traitsIcESaIcEEE
FNDA:24,_ZN11ForwardList7addheadENSt7__cxx1112basic_stringIcSt11char_traitsIcESaIcEEE
FNF:12
FNH:12
DA:12,38
DA:13,38
DA:14,38
DA:15,38
DA:16,38
DA:24,20
DA:25,20
DA:26,20
DA:27,20
DA:28,20
DA:30,20
DA:32,20
DA:33,48
DA:35,28
DA:36,28
DA:37,28
DA:39,20
DA:40,20
DA:42,84
DA:44,84
DA:47,20
DA:49,20
DA:51,2
DA:54,18
DA:55,28
DA:57,10
DA:59,18
DA:62,48
DA:64,48
DA:65,48
DA:66,122
DA:68,74
DA:69,74
DA:71,48
DA:74,14
DA:76,14
DA:77,14
DA:79,8
DA:80,8
DA:81,8
DA:83,6
DA:84,6
DA:87,24
DA:89,24
DA:90,24
DA:92,10
DA:93,10
DA:94,10
DA:96,14
DA:97,14
DA:100,6
DA:102,6
DA:104,2
DA:106,4
DA:108,2
DA:109,2
DA:110,2
DA:112,2
DA:113,2
DA:114,2
DA:117,6
DA:119,6
DA:121,2
DA:123,4
DA:125,2
DA:126,2
DA:127,2
DA:129,2
DA:130,2
DA:132,0
DA:134,2
DA:135,2
DA:136,2
DA:139,2
DA:141,2
DA:143,0
DA:146,2
DA:148,0
DA:149,0
DA:150,0
DA:152,0
DA:154,0
DA:155,0
DA:158,2
DA:159,2
DA:160,4
DA:162,2
DA:163,2
DA:166,2
DA:168,0
DA:169,0
DA:172,2
DA:174,0
DA:177,2
DA:179,2
DA:181,2
DA:184,10
DA:186,10
DA:188,2
DA:191,8
DA:192,22
DA:194,18
DA:196,4
DA:197,4
DA:199,14
DA:202,4
DA:203,4
LF:107
LH:96
end_of_record
TN:
SF:/home/anton/3laba_2kurs/src/LinkedList.cpp
FN:117,137,_ZN10LinkedList7deltailEv
FN:13,18,_ZN10LinkedList4NodeC2ENSt7__cxx1112basic_stringIcSt11char_traitsIcESaIcEEE
FN:139,188,_ZN10LinkedList6removeENSt7__cxx1112basic_stringIcSt11char_traitsIcESaIcEEE
FN:190,203,_ZN10LinkedList3getB5cxx11Ei
FN:205,224,_ZN10LinkedList6searchENSt7__cxx1112basic_stringIcSt11char_traitsIcESaIcEEE
FN:26,30,_ZN10LinkedListC2Ev
FN:32,43,_ZN10LinkedListD2Ev
FN:45,48,_ZN10LinkedList8is_emptyEv
FN:50,60,_ZNK10LinkedList4sizeEv
FN:62,77,_ZN10LinkedList7addheadENSt7__cxx1112basic_stringIcSt11char_traitsIcESaIcEEE
FN:79,94,_ZN10LinkedList7addtailENSt7__cxx1112basic_stringIcSt11char_traitsIcESaIcEEE
FN:96,115,_ZN10LinkedList7delheadEv
FNDA:6,_ZN10LinkedList7deltailEv
FNDA:34,_ZN10LinkedList4NodeC2ENSt7__cxx1112basic_stringIcSt11char_traitsIcESaIcEEE
FNDA:4,_ZN10LinkedList6removeENSt7__cxx1112basic_stringIcSt11char_traitsIcESaIcEEE
FNDA:30,_ZN10LinkedList3getB5cxx11Ei
FNDA:10,_ZN10LinkedList6searchENSt7__cxx1112basic_stringIcSt11char_traitsIcESaIcEEE
FNDA:18,_ZN10LinkedListC2Ev
FNDA:18,_ZN10LinkedListD2Ev
FNDA:62,_ZN10LinkedList8is_emptyEv
FNDA:64,_ZNK10LinkedList4sizeEv
FNDA:6,_ZN10LinkedList7addheadENSt7__cxx1112basic_stringIcSt11char_traitsIcESaIcEEE
FNDA:28,_ZN10LinkedList7addtailENSt7__cxx1112basic_stringIcSt11char_traitsIcESaIcEEE
FNDA:10,_ZN10LinkedList7delheadEv
FNF:12
FNH:12
DA:13,34
DA:14,34
DA:15,34
DA:16,34
DA:17,34
DA:18,34
DA:26,18
DA:27,18
DA:28,18
DA:29,18
DA:30,18
DA:32,18
DA:34,18
DA:36,38
DA:38,20
DA:39,20
DA:40,20
DA:42,18
DA:43,18
DA:45,62
DA:47,62
DA:50,64
DA:52,64
DA:53,64
DA:54,160
DA:56,96
DA:57,96
DA:59,64
DA:62,6
DA:64,6
DA:66,6
DA:68,4
DA:69,4
DA:73,2
DA:74,2
DA:75,2
DA:77,6
DA:79,28
DA:81,28
DA:83,28
DA:85,10
DA:86,10
DA:90,18
DA:91,18
DA:92,18
DA:94,28
DA:96,10
DA:98,10
DA:100,4
DA:102,6
DA:104,6
DA:106,4
DA:110,2
DA:113,6
DA:114,6
DA:115,6
DA:117,6
DA:119,6
DA:121,0
DA:124,6
DA:126,6
DA:128,4
DA:132,2
DA:135,6
DA:136,6
DA:137,6
DA:139,4
DA:141,4
DA:143,2
DA:146,2
DA:147,2
DA:149,6
DA:151,6
DA:153,2
DA:155,0
DA:156,0
DA:158,0
DA:162,0
DA:165,2
DA:167,2
DA:168,2
DA:172,0
DA:173,0
DA:176,2
DA:177,2
DA:178,2
DA:180,4
DA:183,2
DA:186,0
DA:188,2
DA:190,30
DA:192,30
DA:194,6
DA:197,24
DA:198,42
DA:200,18
DA:202,24
DA:205,10
DA:207,10
DA:209,2
DA:212,8
DA:214,14
DA:216,10
DA:219,4
DA:221,6
DA:223,4
LF:106
LH:98
end_of_record
TN:
SF:/home/anton/3laba_2kurs/src/Queue.cpp
FN:11,15,_ZN5QUEUE4NodeC2ENSt7__cxx1112basic_stringIcSt11char_traitsIcESaIcEEE
FN:23,27,_ZN5QUEUEC2Ev
FN:29,38,_ZN5QUEUED2Ev
FN:40,43,_ZN5QUEUE8is_emptyEv
FN:45,58,_ZN5QUEUE4pushENSt7__cxx1112basic_stringIcSt11char_traitsIcESaIcEEE
FN:60,75,_ZN5QUEUE3popEv
FNDA:4,_ZN5QUEUE4NodeC2ENSt7__cxx1112basic_stringIcSt11char_traitsIcESaIcEEE
FNDA:10,_ZN5QUEUEC2Ev
FNDA:10,_ZN5QUEUED2Ev
FNDA:18,_ZN5QUEUE8is_emptyEv
FNDA:4,_ZN5QUEUE4pushENSt7__cxx1112basic_stringIcSt11char_traitsIcESaIcEEE
FNDA:4,_ZN5QUEUE3popEv
FNF:6
FNH:6
DA:11,4
DA:12,4
DA:13,4
DA:14,4
DA:15,4
DA:23,10
DA:24,10
DA:25,10
DA:26,10
DA:27,10
DA:29,10
DA:31,22
DA:33,2
DA:34,2
DA:35,2
DA:37,10
DA:38,10
DA:40,18
DA:42,18
DA:45,4
DA:47,4
DA:49,4
DA:51,4
DA:55,0
DA:56,0
DA:58,4
DA:60,4
DA:62,4
DA:64,2
DA:67,2
DA:68,2
DA:69,2
DA:71,2
DA:73,2
DA:75,2
LF:35
LH:33
end_of_record
TN:
SF:/home/anton/3laba_2kurs/src/Stack.cpp
FN:13,18,_ZN5Stack4NodeC2ENSt7__cxx1112basic_stringIcSt11char_traitsIcESaIcEEE
FN:26,30,_ZN5StackC2Ev
FN:32,41,_ZN5StackD2Ev
FN:43,46,_ZN5Stack8is_emptyEv
FN:48,63,_ZN5Stack4pushENSt7__cxx1112basic_stringIcSt11char_traitsIcESaIcEEE
FN:65,87,_ZN5Stack3popEv
FNDA:6,_ZN5Stack4NodeC2ENSt7__cxx1112basic_stringIcSt11char_traitsIcESaIcEEE
FNDA:12,_ZN5StackC2Ev
FNDA:12,_ZN5StackD2Ev
FNDA:16,_ZN5Stack8is_emptyEv
FNDA:6,_ZN5Stack4pushENSt7__cxx1112basic_stringIcSt11char_traitsIcESaIcEEE
FNDA:4,_ZN5Stack3popEv
FNF:6
FNH:6
DA:13,6
DA:14,6
DA:15,6
DA:16,6
DA:17,6
DA:18,6
DA:26,12
DA:27,12
DA:28,12
DA:29,12
DA:30,12
DA:32,12
DA:34,28
DA:36,4
DA:37,4
DA:38,4
DA:40,12
DA:41,12
DA:43,16
DA:45,16
DA:48,6
DA:50,6
DA:51,6
DA:53,6
DA:55,0
DA:59,6
DA:62,6
DA:63,6
DA:65,4
DA:67,4
DA:69,2
DA:72,2
DA:74,2
DA:76,0
DA:77,0
DA:82,2
DA:83,2
DA:86,2
DA:87,2
LF:39
LH:36
end_of_record
TN:
SF:/home/anton/3laba_2kurs/src/hash.cpp
FN:104,129,_ZN9Hashtable6removeERKNSt7__cxx1112basic_stringIcSt11char_traitsIcESaIcEEE
FN:12,17,_ZN4NodeC2ERKNSt7__cxx1112basic_stringIcSt11char_traitsIcESaIcEEES7_
FN:27,35,_ZN9Hashtable12hashfunctionERKNSt7__cxx1112basic_stringIcSt11char_traitsIcESaIcEEE
FN:39,47,_ZN9HashtableC2Ei
FN:49,62,_ZN9HashtableD2Ev
FN:64,85,_ZN9Hashtable3addERKNSt7__cxx1112basic_stringIcSt11char_traitsIcESaIcEEES7_
FN:87,102,_ZN9Hashtable3getERKNSt7__cxx1112basic_stringIcSt11char_traitsIcESaIcEEE
FNDA:2,_ZN9Hashtable6removeERKNSt7__cxx1112basic_stringIcSt11char_traitsIcESaIcEEE
FNDA:14,_ZN4NodeC2ERKNSt7__cxx1112basic_stringIcSt11char_traitsIcESaIcEEES7_
FNDA:34,_ZN9Hashtable12hashfunctionERKNSt7__cxx1112basic_stringIcSt11char_traitsIcESaIcEEE
FNDA:8,_ZN9HashtableC2Ei
FNDA:8,_ZN9HashtableD2Ev
FNDA:16,_ZN9Hashtable3addERKNSt7__cxx1112basic_stringIcSt11char_traitsIcESaIcEEES7_
FNDA:16,_ZN9Hashtable3getERKNSt7__cxx1112basic_stringIcSt11char_traitsIcESaIcEEE
FNF:7
FNH:7
DA:12,14
DA:13,14
DA:14,14
DA:15,14
DA:16,14
DA:17,14
DA:27,34
DA:29,34
DA:30,184
DA:32,150
DA:34,34
DA:39,8
DA:40,8
DA:41,8
DA:42,8
DA:43,72
DA:45,64
DA:47,8
DA:49,8
DA:51,72
DA:53,64
DA:54,76
DA:56,12
DA:57,12
DA:58,12
DA:61,8
DA:62,8
DA:64,16
DA:66,16
DA:67,16
DA:71,16
DA:73,2
DA:75,2
DA:76,2
DA:78,0
DA:82,14
DA:83,14
DA:84,14
DA:87,16
DA:89,16
DA:90,16
DA:92,16
DA:94,12
DA:96,12
DA:98,0
DA:101,4
DA:104,2
DA:106,2
DA:107,2
DA:108,2
DA:110,2
DA:112,2
DA:114,2
DA:116,2
DA:120,0
DA:122,2
DA:123,2
DA:125,0
DA:126,0
DA:128,0
LF:60
LH:54
end_of_record
TN:
SF:/home/anton/3laba_2kurs/tests/test_DynamicArray.cpp
FN:11,11,_ZN45DynamicArray_test_initializerConstructor_Test8TestBodyEv
FN:11,11,_ZN45DynamicArray_test_initializerConstructor_TestC2Ev
FN:11,11,_ZN45DynamicArray_test_initializerConstructor_TestD0Ev
FN:11,11,_ZN45DynamicArray_test_initializerConstructor_TestD2Ev
FN:113,125,_ZN27DynamicArray_test_MSET_Test8TestBodyEv
FN:113,125,_ZN27DynamicArray_test_MSET_TestC2Ev
FN:113,125,_ZN27DynamicArray_test_MSET_TestD0Ev
FN:113,125,_ZN27DynamicArray_test_MSET_TestD2Ev
FN:127,134,_ZN29DynamicArray_test_Resize_Test8TestBodyEv
FN:127,134,_ZN29DynamicArray_test_Resize_TestC2Ev
FN:127,134,_ZN29DynamicArray_test_Resize_TestD0Ev
FN:127,134,_ZN29DynamicArray_test_Resize_TestD2Ev
FN:20,20,_ZN38DynamicArray_test_copyConstructor_Test8TestBodyEv
FN:20,20,_ZN38DynamicArray_test_copyConstructor_TestC2Ev
FN:20,20,_ZN38DynamicArray_test_copyConstructor_TestD0Ev
FN:20,20,_ZN38DynamicArray_test_copyConstructor_TestD2Ev
FN:32,32,_ZN40DynamicArray_test_assigmentOperator_Test8TestBodyEv
FN:32,32,_ZN40DynamicArray_test_assigmentOperator_TestC2Ev
FN:32,32,_ZN40DynamicArray_test_assigmentOperator_TestD0Ev
FN:32,32,_ZN40DynamicArray_test_assigmentOperator_TestD2Ev
FN:4,4,_ZN41DynamicArray_test_defaultConstructor_Test8TestBodyEv
FN:4,4,_ZN41DynamicArray_test_defaultConstructor_TestC2Ev
FN:4,4,_ZN41DynamicArray_test_defaultConstructor_TestD0Ev
FN:4,4,_ZN41DynamicArray_test_defaultConstructor_TestD2Ev
FN:45,45,_ZN28DynamicArray_test_MPUSH_Test8TestBodyEv
FN:45,45,_ZN28DynamicArray_test_MPUSH_TestC2Ev
FN:45,45,_ZN28DynamicArray_test_MPUSH_TestD0Ev
FN:45,45,_ZN28DynamicArray_test_MPUSH_TestD2Ev
FN:57,57,_ZN35DynamicArray_test_MPUSHAtIndex_Test8TestBodyEv
FN:57,57,_ZN35DynamicArray_test_MPUSHAtIndex_TestC2Ev
FN:57,57,_ZN35DynamicArray_test_MPUSHAtIndex_TestD0Ev
FN:57,57,_ZN35DynamicArray_test_MPUSHAtIndex_TestD2Ev
FN:75,75,_ZN32DynamicArray_test_Iterators_Test8TestBodyEv
FN:75,75,_ZN32DynamicArray_test_Iterators_TestC2Ev
FN:75,75,_ZN32DynamicArray_test_Iterators_TestD0Ev
FN:75,75,_ZN32DynamicArray_test_Iterators_TestD2Ev
FN:90,90,_ZN27DynamicArray_test_MDEL_Test8TestBodyEv
FN:90,90,_ZN27DynamicArray_test_MDEL_TestC2Ev
FN:90,90,_ZN27DynamicArray_test_MDEL_TestD0Ev
FN:90,90,_ZN27DynamicArray_test_MDEL_TestD2Ev
FNDA:2,_ZN45DynamicArray_test_initializerConstructor_Test8TestBodyEv
FNDA:2,_ZN45DynamicArray_test_initializerConstructor_TestC2Ev
FNDA:2,_ZN45DynamicArray_test_initializerConstructor_TestD0Ev
FNDA:2,_ZN45DynamicArray_test_initializerConstructor_TestD2Ev
FNDA:2,_ZN27DynamicArray_test_MSET_Test8TestBodyEv
FNDA:2,_ZN27DynamicArray_test_MSET_TestC2Ev
FNDA:2,_ZN27DynamicArray_test_MSET_TestD0Ev
FNDA:2,_ZN27DynamicArray_test_MSET_TestD2Ev
FNDA:2,_ZN29DynamicArray_test_Resize_Test8TestBodyEv
FNDA:2,_ZN29DynamicArray_test_Resize_TestC2Ev
FNDA:2,_ZN29DynamicArray_test_Resize_TestD0Ev
FNDA:2,_ZN29DynamicArray_test_Resize_TestD2Ev
FNDA:2,_ZN38DynamicArray_test_copyConstructor_Test8TestBodyEv
FNDA:2,_ZN38DynamicArray_test_copyConstructor_TestC2Ev
FNDA:2,_ZN38DynamicArray_test_copyConstructor_TestD0Ev
FNDA:2,_ZN38DynamicArray_test_copyConstructor_TestD2Ev
FNDA:2,_ZN40DynamicArray_test_assigmentOperator_Test8TestBodyEv
FNDA:2,_ZN40DynamicArray_test_assigmentOperator_TestC2Ev
FNDA:2,_ZN40DynamicArray_test_assigmentOperator_TestD0Ev
FNDA:2,_ZN40DynamicArray_test_assigmentOperator_TestD2Ev
FNDA:2,_ZN41DynamicArray_test_defaultConstructor_Test8TestBodyEv
FNDA:2,_ZN41DynamicArray_test_defaultConstructor_TestC2Ev
FNDA:2,_ZN41DynamicArray_test_defaultConstructor_TestD0Ev
FNDA:2,_ZN41DynamicArray_test_defaultConstructor_TestD2Ev
FNDA:2,_ZN28DynamicArray_test_MPUSH_Test8TestBodyEv
FNDA:2,_ZN28DynamicArray_test_MPUSH_TestC2Ev
FNDA:2,_ZN28DynamicArray_test_MPUSH_TestD0Ev
FNDA:2,_ZN28DynamicArray_test_MPUSH_TestD2Ev
FNDA:2,_ZN35DynamicArray_test_MPUSHAtIndex_Test8TestBodyEv
FNDA:2,_ZN35DynamicArray_test_MPUSHAtIndex_TestC2Ev
FNDA:2,_ZN35DynamicArray_test_MPUSHAtIndex_TestD0Ev
FNDA:2,_ZN35DynamicArray_test_MPUSHAtIndex_TestD2Ev
FNDA:2,_ZN32DynamicArray_test_Iterators_Test8TestBodyEv
FNDA:2,_ZN32DynamicArray_test_Iterators_TestC2Ev
FNDA:2,_ZN32DynamicArray_test_Iterators_TestD0Ev
FNDA:2,_ZN32DynamicArray_test_Iterators_TestD2Ev
FNDA:2,_ZN27DynamicArray_test_MDEL_Test8TestBodyEv
FNDA:2,_ZN27DynamicArray_test_MDEL_TestC2Ev
FNDA:2,_ZN27DynamicArray_test_MDEL_TestD0Ev
FNDA:2,_ZN27DynamicArray_test_MDEL_TestD2Ev
FNF:40
FNH:40
DA:4,8
DA:6,2
DA:7,2
DA:8,2
DA:9,2
DA:11,8
DA:13,8
DA:14,2
DA:15,2
DA:16,2
DA:17,2
DA:18,8
DA:20,8
DA:22,12
DA:23,2
DA:24,2
DA:25,2
DA:26,2
DA:27,2
DA:28,2
DA:29,2
DA:30,8
DA:32,8
DA:34,12
DA:35,2
DA:36,2
DA:37,2
DA:38,2
DA:39,2
DA:40,2
DA:41,2
DA:42,2
DA:43,8
DA:45,8
DA:47,2
DA:48,4
DA:49,4
DA:50,2
DA:51,2
DA:52,2
DA:53,2
DA:54,2
DA:55,2
DA:57,8
DA:59,8
DA:60,2
DA:61,2
DA:62,2
DA:64,2
DA:65,2
DA:66,2
DA:68,2
DA:69,2
DA:70,2
DA:71,2
DA:73,8
DA:75,8
DA:77,8
DA:78,4
DA:79,2
DA:80,2
DA:81,2
DA:82,2
DA:83,2
DA:84,2
DA:85,2
DA:86,8
DA:90,8
DA:92,8
DA:94,2
DA:95,2
DA:96,2
DA:97,2
DA:99,2
DA:100,2
DA:101,2
DA:105,2
DA:107,2
DA:109,2
DA:110,2
DA:111,8
DA:113,8
DA:115,8
DA:116,2
DA:117,2
DA:119,2
DA:120,2
DA:122,2
DA:123,2
DA:124,2
DA:125,8
DA:127,8
DA:129,2
DA:130,2
DA:131,2
DA:132,2
DA:133,2
DA:134,2
LF:98
LH:98
end_of_record
TN:
SF:/home/anton/3laba_2kurs/tests/test_FBT.cpp
FN:12,12,_ZN21FBT_test_AddNode_Test8TestBodyEv
FN:12,12,_ZN21FBT_test_AddNode_TestC2Ev
FN:12,12,_ZN21FBT_test_AddNode_TestD0Ev
FN:12,12,_ZN21FBT_test_AddNode_TestD2Ev
FN:22,22,_ZN20FBT_test_isFull_Test8TestBodyEv
FN:22,22,_ZN20FBT_test_isFull_TestC2Ev
FN:22,22,_ZN20FBT_test_isFull_TestD0Ev
FN:22,22,_ZN20FBT_test_isFull_TestD2Ev
FN:32,32,_ZN21FBT_test_notFull_Test8TestBodyEv
FN:32,32,_ZN21FBT_test_notFull_TestC2Ev
FN:32,32,_ZN21FBT_test_notFull_TestD0Ev
FN:32,32,_ZN21FBT_test_notFull_TestD2Ev
FN:4,4,_ZN25FBT_test_Constructor_Test8TestBodyEv
FN:4,4,_ZN25FBT_test_Constructor_TestC2Ev
FN:4,4,_ZN25FBT_test_Constructor_TestD0Ev
FN:4,4,_ZN25FBT_test_Constructor_TestD2Ev
FN:42,42,_ZN22FBT_test_findNode_Test8TestBodyEv
FN:42,42,_ZN22FBT_test_findNode_TestC2Ev
FN:42,42,_ZN22FBT_test_findNode_TestD0Ev
FN:42,42,_ZN22FBT_test_findNode_TestD2Ev
FNDA:2,_ZN21FBT_test_AddNode_Test8TestBodyEv
FNDA:2,_ZN21FBT_test_AddNode_TestC2Ev
FNDA:2,_ZN21FBT_test_AddNode_TestD0Ev
FNDA:2,_ZN21FBT_test_AddNode_TestD2Ev
FNDA:2,_ZN20FBT_test_isFull_Test8TestBodyEv
FNDA:2,_ZN20FBT_test_isFull_TestC2Ev
FNDA:2,_ZN20FBT_test_isFull_TestD0Ev
FNDA:2,_ZN20FBT_test_isFull_TestD2Ev
FNDA:2,_ZN21FBT_test_notFull_Test8TestBodyEv
FNDA:2,_ZN21FBT_test_notFull_TestC2Ev
FNDA:2,_ZN21FBT_test_notFull_TestD0Ev
FNDA:2,_ZN21FBT_test_notFull_TestD2Ev
FNDA:2,_ZN25FBT_test_Constructor_Test8TestBodyEv
FNDA:2,_ZN25FBT_test_Constructor_TestC2Ev
FNDA:2,_ZN25FBT_test_Constructor_TestD0Ev
FNDA:2,_ZN25FBT_test_Constructor_TestD2Ev
FNDA:2,_ZN22FBT_test_findNode_Test8TestBodyEv
FNDA:2,_ZN22FBT_test_findNode_TestC2Ev
FNDA:2,_ZN22FBT_test_findNode_TestD0Ev
FNDA:2,_ZN22FBT_test_findNode_TestD2Ev
FNF:20
FNH:20
DA:4,8
DA:6,2
DA:8,2
DA:9,2
DA:12,8
DA:14,2
DA:15,2
DA:16,2
DA:18,2
DA:19,2
DA:20,2
DA:22,8
DA:24,2
DA:25,2
DA:26,2
DA:29,2
DA:30,2
DA:32,8
DA:34,2
DA:35,2
DA:36,2
DA:37,2
DA:39,2
DA:40,2
DA:42,8
DA:44,2
DA:45,2
DA:46,2
DA:48,2
DA:49,2
DA:50,2
DA:52,2
DA:53,2
LF:33
LH:33
end_of_record
TN:
SF:/home/anton/3laba_2kurs/tests/test_ForwardList.cpp
FN:10,10,_ZN29ForwardList_test_isEmpty_Test8TestBodyEv
FN:10,10,_ZN29ForwardList_test_isEmpty_TestC2Ev
FN:10,10,_ZN29ForwardList_test_isEmpty_TestD0Ev
FN:10,10,_ZN29ForwardList_test_isEmpty_TestD2Ev
FN:100,110,_ZN28ForwardList_test_remove_Test8TestBodyEv
FN:100,110,_ZN28ForwardList_test_remove_TestC2Ev
FN:100,110,_ZN28ForwardList_test_remove_TestD0Ev
FN:100,110,_ZN28ForwardList_test_remove_TestD2Ev
FN:18,18,_ZN26ForwardList_test_size_Test8TestBodyEv
FN:18,18,_ZN26ForwardList_test_size_TestC2Ev
FN:18,18,_ZN26ForwardList_test_size_TestD0Ev
FN:18,18,_ZN26ForwardList_test_size_TestD2Ev
FN:26,26,_ZN25ForwardList_test_get_Test8TestBodyEv
FN:26,26,_ZN25ForwardList_test_get_TestC2Ev
FN:26,26,_ZN25ForwardList_test_get_TestD0Ev
FN:26,26,_ZN25ForwardList_test_get_TestD2Ev
FN:39,39,_ZN29ForwardList_test_addTail_Test8TestBodyEv
FN:39,39,_ZN29ForwardList_test_addTail_TestC2Ev
FN:39,39,_ZN29ForwardList_test_addTail_TestD0Ev
FN:39,39,_ZN29ForwardList_test_addTail_TestD2Ev
FN:4,4,_ZN40ForwardList_test_defaultConstructor_Test8TestBodyEv
FN:4,4,_ZN40ForwardList_test_defaultConstructor_TestC2Ev
FN:4,4,_ZN40ForwardList_test_defaultConstructor_TestD0Ev
FN:4,4,_ZN40ForwardList_test_defaultConstructor_TestD2Ev
FN:50,50,_ZN29ForwardList_test_addHead_Test8TestBodyEv
FN:50,50,_ZN29ForwardList_test_addHead_TestC2Ev
FN:50,50,_ZN29ForwardList_test_addHead_TestD0Ev
FN:50,50,_ZN29ForwardList_test_addHead_TestD2Ev
FN:61,61,_ZN29ForwardList_test_delHead_Test8TestBodyEv
FN:61,61,_ZN29ForwardList_test_delHead_TestC2Ev
FN:61,61,_ZN29ForwardList_test_delHead_TestD0Ev
FN:61,61,_ZN29ForwardList_test_delHead_TestD2Ev
FN:75,75,_ZN29ForwardList_test_delTail_Test8TestBodyEv
FN:75,75,_ZN29ForwardList_test_delTail_TestC2Ev
FN:75,75,_ZN29ForwardList_test_delTail_TestD0Ev
FN:75,75,_ZN29ForwardList_test_delTail_TestD2Ev
FN:89,98,_ZN28ForwardList_test_search_Test8TestBodyEv
FN:89,98,_ZN28ForwardList_test_search_TestC2Ev
FN:89,98,_ZN28ForwardList_test_search_TestD0Ev
FN:89,98,_ZN28ForwardList_test_search_TestD2Ev
FNDA:2,_ZN29ForwardList_test_isEmpty_Test8TestBodyEv
FNDA:2,_ZN29ForwardList_test_isEmpty_TestC2Ev
FNDA:2,_ZN29ForwardList_test_isEmpty_TestD0Ev
FNDA:2,_ZN29ForwardList_test_isEmpty_TestD2Ev
FNDA:2,_ZN28ForwardList_test_remove_Test8TestBodyEv
FNDA:2,_ZN28ForwardList_test_remove_TestC2Ev
FNDA:2,_ZN28ForwardList_test_remove_TestD0Ev
FNDA:2,_ZN28ForwardList_test_remove_TestD2Ev
FNDA:2,_ZN26ForwardList_test_size_Test8TestBodyEv
FNDA:2,_ZN26ForwardList_test_size_TestC2Ev
FNDA:2,_ZN26ForwardList_test_size_TestD0Ev
FNDA:2,_ZN26ForwardList_test_size_TestD2Ev
FNDA:2,_ZN25ForwardList_test_get_Test8TestBodyEv
FNDA:2,_ZN25ForwardList_test_get_TestC2Ev
FNDA:2,_ZN25ForwardList_test_get_TestD0Ev
FNDA:2,_ZN25ForwardList_test_get_TestD2Ev
FNDA:2,_ZN29ForwardList_test_addTail_Test8TestBodyEv
FNDA:2,_ZN29ForwardList_test_addTail_TestC2Ev
FNDA:2,_ZN29ForwardList_test_addTail_TestD0Ev
FNDA:2,_ZN29ForwardList_test_addTail_TestD2Ev
FNDA:2,_ZN40ForwardList_test_defaultConstructor_Test8TestBodyEv
FNDA:2,_ZN40ForwardList_test_defaultConstructor_TestC2Ev
FNDA:2,_ZN40ForwardList_test_defaultConstructor_TestD0Ev
FNDA:2,_ZN40ForwardList_test_defaultConstructor_TestD2Ev
FNDA:2,_ZN29ForwardList_test_addHead_Test8TestBodyEv
FNDA:2,_ZN29ForwardList_test_addHead_TestC2Ev
FNDA:2,_ZN29ForwardList_test_addHead_TestD0Ev
FNDA:2,_ZN29ForwardList_test_addHead_TestD2Ev
FNDA:2,_ZN29ForwardList_test_delHead_Test8TestBodyEv
FNDA:2,_ZN29ForwardList_test_delHead_TestC2Ev
FNDA:2,_ZN29ForwardList_test_delHead_TestD0Ev
FNDA:2,_ZN29ForwardList_test_delHead_TestD2Ev
FNDA:2,_ZN29ForwardList_test_delTail_Test8TestBodyEv
FNDA:2,_ZN29ForwardList_test_delTail_TestC2Ev
FNDA:2,_ZN29ForwardList_test_delTail_TestD0Ev
FNDA:2,_ZN29ForwardList_test_delTail_TestD2Ev
FNDA:2,_ZN28ForwardList_test_search_Test8TestBodyEv
FNDA:2,_ZN28ForwardList_test_search_TestC2Ev
FNDA:2,_ZN28ForwardList_test_search_TestD0Ev
FNDA:2,_ZN28ForwardList_test_search_TestD2Ev
FNF:40
FNH:40
DA:4,8
DA:6,2
DA:7,2
DA:8,2
DA:10,8
DA:12,2
DA:13,2
DA:14,2
DA:15,2
DA:16,2
DA:18,8
DA:20,2
DA:21,2
DA:22,2
DA:23,2
DA:24,2
DA:26,8
DA:28,2
DA:29,4
DA:30,4
DA:31,2
DA:32,2
DA:33,2
DA:34,2
DA:35,2
DA:36,2
DA:37,2
DA:39,8
DA:41,2
DA:42,2
DA:43,2
DA:44,2
DA:45,2
DA:46,2
DA:47,2
DA:48,2
DA:50,8
DA:52,2
DA:53,2
DA:54,2
DA:55,2
DA:56,2
DA:57,2
DA:58,2
DA:59,2
DA:61,8
DA:63,2
DA:64,2
DA:65,4
DA:66,2
DA:67,2
DA:68,2
DA:69,2
DA:70,2
DA:71,2
DA:72,2
DA:73,2
DA:75,8
DA:77,2
DA:78,2
DA:79,4
DA:80,2
DA:81,2
DA:82,2
DA:83,2
DA:84,2
DA:85,2
DA:86,2
DA:87,2
DA:89,8
DA:91,2
DA:92,6
DA:93,4
DA:94,4
DA:95,2
DA:96,6
DA:97,6
DA:98,2
DA:100,8
DA:102,2
DA:103,4
DA:104,4
DA:105,2
DA:106,6
DA:107,2
DA:108,6
DA:109,2
DA:110,2
LF:88
LH:88
end_of_record
TN:
SF:/home/anton/3laba_2kurs/tests/test_LinkedList.cpp
FN:10,10,_ZN28LinkedList_test_isEmpty_Test8TestBodyEv
FN:10,10,_ZN28LinkedList_test_isEmpty_TestC2Ev
FN:10,10,_ZN28LinkedList_test_isEmpty_TestD0Ev
FN:10,10,_ZN28LinkedList_test_isEmpty_TestD2Ev
FN:115,115,_ZN27LinkedList_test_remove_Test8TestBodyEv
FN:115,115,_ZN27LinkedList_test_remove_TestC2Ev
FN:115,115,_ZN27LinkedList_test_remove_TestD0Ev
FN:115,115,_ZN27LinkedList_test_remove_TestD2Ev
FN:17,17,_ZN27LinkedList_test_search_Test8TestBodyEv
FN:17,17,_ZN27LinkedList_test_search_TestC2Ev
FN:17,17,_ZN27LinkedList_test_search_TestD0Ev
FN:17,17,_ZN27LinkedList_test_search_TestD2Ev
FN:29,29,_ZN24LinkedList_test_get_Test8TestBodyEv
FN:29,29,_ZN24LinkedList_test_get_TestC2Ev
FN:29,29,_ZN24LinkedList_test_get_TestD0Ev
FN:29,29,_ZN24LinkedList_test_get_TestD2Ev
FN:39,39,_ZN28LinkedList_test_addHead_Test8TestBodyEv
FN:39,39,_ZN28LinkedList_test_addHead_TestC2Ev
FN:39,39,_ZN28LinkedList_test_addHead_TestD0Ev
FN:39,39,_ZN28LinkedList_test_addHead_TestD2Ev
FN:4,4,_ZN32LinkedList_test_constructor_Test8TestBodyEv
FN:4,4,_ZN32LinkedList_test_constructor_TestC2Ev
FN:4,4,_ZN32LinkedList_test_constructor_TestD0Ev
FN:4,4,_ZN32LinkedList_test_constructor_TestD2Ev
FN:54,54,_ZN28LinkedList_test_addTail_Test8TestBodyEv
FN:54,54,_ZN28LinkedList_test_addTail_TestC2Ev
FN:54,54,_ZN28LinkedList_test_addTail_TestD0Ev
FN:54,54,_ZN28LinkedList_test_addTail_TestD2Ev
FN:69,69,_ZN28LinkedList_test_delHead_Test8TestBodyEv
FN:69,69,_ZN28LinkedList_test_delHead_TestC2Ev
FN:69,69,_ZN28LinkedList_test_delHead_TestD0Ev
FN:69,69,_ZN28LinkedList_test_delHead_TestD2Ev
FN:92,113,_ZN28LinkedList_test_delTail_Test8TestBodyEv
FN:92,113,_ZN28LinkedList_test_delTail_TestC2Ev
FN:92,113,_ZN28LinkedList_test_delTail_TestD0Ev
FN:92,113,_ZN28LinkedList_test_delTail_TestD2Ev
FNDA:2,_ZN28LinkedList_test_isEmpty_Test8TestBodyEv
FNDA:2,_ZN28LinkedList_test_isEmpty_TestC2Ev
FNDA:2,_ZN28LinkedList_test_isEmpty_TestD0Ev
FNDA:2,_ZN28LinkedList_test_isEmpty_TestD2Ev
FNDA:2,_ZN27LinkedList_test_remove_Test8TestBodyEv
FNDA:2,_ZN27LinkedList_test_remove_TestC2Ev
FNDA:2,_ZN27LinkedList_test_remove_TestD0Ev
FNDA:2,_ZN27LinkedList_test_remove_TestD2Ev
FNDA:2,_ZN27LinkedList_test_search_Test8TestBodyEv
FNDA:2,_ZN27LinkedList_test_search_TestC2Ev
FNDA:2,_ZN27LinkedList_test_search_TestD0Ev
FNDA:2,_ZN27LinkedList_test_search_TestD2Ev
FNDA:2,_ZN24LinkedList_test_get_Test8TestBodyEv
FNDA:2,_ZN24LinkedList_test_get_TestC2Ev
FNDA:2,_ZN24LinkedList_test_get_TestD0Ev
FNDA:2,_ZN24LinkedList_test_get_TestD2Ev
FNDA:2,_ZN28LinkedList_test_addHead_Test8TestBodyEv
FNDA:2,_ZN28LinkedList_test_addHead_TestC2Ev
FNDA:2,_ZN28LinkedList_test_addHead_TestD0Ev
FNDA:2,_ZN28LinkedList_test_addHead_TestD2Ev
FNDA:2,_ZN32LinkedList_test_constructor_Test8TestBodyEv
FNDA:2,_ZN32LinkedList_test_constructor_TestC2Ev
FNDA:2,_ZN32LinkedList_test_constructor_TestD0Ev
FNDA:2,_ZN32LinkedList_test_constructor_TestD2Ev
FNDA:2,_ZN28LinkedList_test_addTail_Test8TestBodyEv
FNDA:2,_ZN28LinkedList_test_addTail_TestC2Ev
FNDA:2,_ZN28LinkedList_test_addTail_TestD0Ev
FNDA:2,_ZN28LinkedList_test_addTail_TestD2Ev
FNDA:2,_ZN28LinkedList_test_delHead_Test8TestBodyEv
FNDA:2,_ZN28LinkedList_test_delHead_TestC2Ev
FNDA:2,_ZN28LinkedList_test_delHead_TestD0Ev
FNDA:2,_ZN28LinkedList_test_delHead_TestD2Ev
FNDA:2,_ZN28LinkedList_test_delTail_Test8TestBodyEv
FNDA:2,_ZN28LinkedList_test_delTail_TestC2Ev
FNDA:2,_ZN28LinkedList_test_delTail_TestD0Ev
FNDA:2,_ZN28LinkedList_test_delTail_TestD2Ev
FNF:36
FNH:36
DA:4,8
DA:6,2
DA:7,2
DA:8,2
DA:10,8
DA:12,2
DA:13,2
DA:14,2
DA:15,2
DA:17,8
DA:19,2
DA:20,6
DA:21,2
DA:23,2
DA:24,2
DA:25,6
DA:26,6
DA:27,2
DA:29,8
DA:31,2
DA:32,2
DA:33,4
DA:34,4
DA:35,2
DA:36,2
DA:37,2
DA:39,8
DA:41,2
DA:42,2
DA:44,2
DA:45,2
DA:47,2
DA:49,2
DA:50,2
DA:51,2
DA:52,2
DA:54,8
DA:56,2
DA:57,2
DA:59,2
DA:60,6
DA:61,2
DA:62,2
DA:64,2
DA:65,2
DA:66,2
DA:67,2
DA:69,8
DA:71,2
DA:72,2
DA:73,4
DA:74,4
DA:75,2
DA:76,2
DA:77,2
DA:79,2
DA:80,2
DA:81,2
DA:83,2
DA:84,2
DA:85,2
DA:87,2
DA:88,2
DA:89,2
DA:90,2
DA:92,8
DA:94,2
DA:95,2
DA:96,4
DA:97,4
DA:98,2
DA:99,2
DA:100,2
DA:102,2
DA:103,2
DA:104,2
DA:106,2
DA:107,2
DA:108,2
DA:110,2
DA:111,2
DA:112,2
DA:113,2
DA:115,8
DA:117,2
DA:118,6
DA:119,4
DA:120,4
DA:121,2
DA:122,2
DA:123,2
DA:125,2
DA:126,6
DA:127,2
DA:128,2
LF:95
LH:95
end_of_record
TN:
SF:/home/anton/3laba_2kurs/tests/test_Queue.cpp
FN:10,10,_ZN23Queue_test_isEmpty_Test8TestBodyEv
FN:10,10,_ZN23Queue_test_isEmpty_TestC2Ev
FN:10,10,_ZN23Queue_test_isEmpty_TestD0Ev
FN:10,10,_ZN23Queue_test_isEmpty_TestD2Ev
FN:16,16,_ZN20Queue_test_push_Test8TestBodyEv
FN:16,16,_ZN20Queue_test_push_TestC2Ev
FN:16,16,_ZN20Queue_test_push_TestD0Ev
FN:16,16,_ZN20Queue_test_push_TestD2Ev
FN:23,23,_ZN19Queue_test_pop_Test8TestBodyEv
FN:23,23,_ZN19Queue_test_pop_TestC2Ev
FN:23,23,_ZN19Queue_test_pop_TestD0Ev
FN:23,23,_ZN19Queue_test_pop_TestD2Ev
FN:31,31,_ZN24Queue_test_popError_Test8TestBodyEv
FN:31,31,_ZN24Queue_test_popError_TestC2Ev
FN:31,31,_ZN24Queue_test_popError_TestD0Ev
FN:31,31,_ZN24Queue_test_popError_TestD2Ev
FN:4,4,_ZN34Queue_test_defaultConstructor_Test8TestBodyEv
FN:4,4,_ZN34Queue_test_defaultConstructor_TestC2Ev
FN:4,4,_ZN34Queue_test_defaultConstructor_TestD0Ev
FN:4,4,_ZN34Queue_test_defaultConstructor_TestD2Ev
FNDA:2,_ZN23Queue_test_isEmpty_Test8TestBodyEv
FNDA:2,_ZN23Queue_test_isEmpty_TestC2Ev
FNDA:2,_ZN23Queue_test_isEmpty_TestD0Ev
FNDA:2,_ZN23Queue_test_isEmpty_TestD2Ev
FNDA:2,_ZN20Queue_test_push_Test8TestBodyEv
FNDA:2,_ZN20Queue_test_push_TestC2Ev
FNDA:2,_ZN20Queue_test_push_TestD0Ev
FNDA:2,_ZN20Queue_test_push_TestD2Ev
FNDA:2,_ZN19Queue_test_pop_Test8TestBodyEv
FNDA:2,_ZN19Queue_test_pop_TestC2Ev
FNDA:2,_ZN19Queue_test_pop_TestD0Ev
FNDA:2,_ZN19Queue_test_pop_TestD2Ev
FNDA:2,_ZN24Queue_test_popError_Test8TestBodyEv
FNDA:2,_ZN24Queue_test_popError_TestC2Ev
FNDA:2,_ZN24Queue_test_popError_TestD0Ev
FNDA:2,_ZN24Queue_test_popError_TestD2Ev
FNDA:2,_ZN34Queue_test_defaultConstructor_Test8TestBodyEv
FNDA:2,_ZN34Queue_test_defaultConstructor_TestC2Ev
FNDA:2,_ZN34Queue_test_defaultConstructor_TestD0Ev
FNDA:2,_ZN34Queue_test_defaultConstructor_TestD2Ev
FNF:20
FNH:20
DA:4,8
DA:6,2
DA:7,2
DA:8,2
DA:10,8
DA:12,2
DA:13,2
DA:14,2
DA:16,8
DA:18,2
DA:19,2
DA:20,2
DA:21,2
DA:23,8
DA:25,2
DA:26,2
DA:27,2
DA:28,2
DA:29,2
DA:31,8
DA:33,2
DA:34,2
DA:35,2
DA:36,2
LF:24
LH:24
end_of_record
TN:
SF:/home/anton/3laba_2kurs/tests/test_Stack.cpp
FN:11,11,_ZN23Stack_test_isEmpty_Test8TestBodyEv
FN:11,11,_ZN23Stack_test_isEmpty_TestC2Ev
FN:11,11,_ZN23Stack_test_isEmpty_TestD0Ev
FN:11,11,_ZN23Stack_test_isEmpty_TestD2Ev
FN:17,17,_ZN28Stack_test_isEmptyError_Test8TestBodyEv
FN:17,17,_ZN28Stack_test_isEmptyError_TestC2Ev
FN:17,17,_ZN28Stack_test_isEmptyError_TestD0Ev
FN:17,17,_ZN28Stack_test_isEmptyError_TestD2Ev
FN:24,24,_ZN20Stack_test_push_Test8TestBodyEv
FN:24,24,_ZN20Stack_test_push_TestC2Ev
FN:24,24,_ZN20Stack_test_push_TestD0Ev
FN:24,24,_ZN20Stack_test_push_TestD2Ev
FN:31,31,_ZN19Stack_test_pop_Test8TestBodyEv
FN:31,31,_ZN19Stack_test_pop_TestC2Ev
FN:31,31,_ZN19Stack_test_pop_TestD0Ev
FN:31,31,_ZN19Stack_test_pop_TestD2Ev
FN:39,39,_ZN24Stack_test_popError_Test8TestBodyEv
FN:39,39,_ZN24Stack_test_popError_TestC2Ev
FN:39,39,_ZN24Stack_test_popError_TestD0Ev
FN:39,39,_ZN24Stack_test_popError_TestD2Ev
FN:5,5,_ZN34Stack_test_defaultConstructor_Test8TestBodyEv
FN:5,5,_ZN34Stack_test_defaultConstructor_TestC2Ev
FN:5,5,_ZN34Stack_test_defaultConstructor_TestD0Ev
FN:5,5,_ZN34Stack_test_defaultConstructor_TestD2Ev
FNDA:2,_ZN23Stack_test_isEmpty_Test8TestBodyEv
FNDA:2,_ZN23Stack_test_isEmpty_TestC2Ev
FNDA:2,_ZN23Stack_test_isEmpty_TestD0Ev
FNDA:2,_ZN23Stack_test_isEmpty_TestD2Ev
FNDA:2,_ZN28Stack_test_isEmptyError_Test8TestBodyEv
FNDA:2,_ZN28Stack_test_isEmptyError_TestC2Ev
FNDA:2,_ZN28Stack_test_isEmptyError_TestD0Ev
FNDA:2,_ZN28Stack_test_isEmptyError_TestD2Ev
FNDA:2,_ZN20Stack_test_push_Test8TestBodyEv
FNDA:2,_ZN20Stack_test_push_TestC2Ev
FNDA:2,_ZN20Stack_test_push_TestD0Ev
FNDA:2,_ZN20Stack_test_push_TestD2Ev
FNDA:2,_ZN19Stack_test_pop_Test8TestBodyEv
FNDA:2,_ZN19Stack_test_pop_TestC2Ev
FNDA:2,_ZN19Stack_test_pop_TestD0Ev
FNDA:2,_ZN19Stack_test_pop_TestD2Ev
FNDA:2,_ZN24Stack_test_popError_Test8TestBodyEv
FNDA:2,_ZN24Stack_test_popError_TestC2Ev
FNDA:2,_ZN24Stack_test_popError_TestD0Ev
FNDA:2,_ZN24Stack_test_popError_TestD2Ev
FNDA:2,_ZN34Stack_test_defaultConstructor_Test8TestBodyEv
FNDA:2,_ZN34Stack_test_defaultConstructor_TestC2Ev
FNDA:2,_ZN34Stack_test_defaultConstructor_TestD0Ev
FNDA:2,_ZN34Stack_test_defaultConstructor_TestD2Ev
FNF:24
FNH:24
DA:5,8
DA:7,2
DA:8,2
DA:9,2
DA:11,8
DA:13,2
DA:14,2
DA:15,2
DA:17,8
DA:19,2
DA:20,2
DA:21,2
DA:22,2
DA:24,8
DA:26,2
DA:27,2
DA:28,2
DA:29,2
DA:31,8
DA:33,2
DA:34,2
DA:35,2
DA:36,2
DA:37,2
DA:39,8
DA:41,2
DA:42,2
DA:43,2
DA:44,2
LF:29
LH:29
end_of_record
TN:
SF:/home/anton/3laba_2kurs/tests/test_hash.cpp
FN:17,17,_ZN31Hashtable_test_updateValue_Test8TestBodyEv
FN:17,17,_ZN31Hashtable_test_updateValue_TestC2Ev
FN:17,17,_ZN31Hashtable_test_updateValue_TestD0Ev
FN:17,17,_ZN31Hashtable_test_updateValue_TestD2Ev
FN:27,27,_ZN26Hashtable_test_remove_Test8TestBodyEv
FN:27,27,_ZN26Hashtable_test_remove_TestC2Ev
FN:27,27,_ZN26Hashtable_test_remove_TestD0Ev
FN:27,27,_ZN26Hashtable_test_remove_TestD2Ev
FN:4,4,_ZN29Hashtable_test_addAndGet_Test8TestBodyEv
FN:4,4,_ZN29Hashtable_test_addAndGet_TestC2Ev
FN:4,4,_ZN29Hashtable_test_addAndGet_TestD0Ev
FN:4,4,_ZN29Hashtable_test_addAndGet_TestD2Ev
FN:41,41,_ZN29Hashtable_test_collision_Test8TestBodyEv
FN:41,41,_ZN29Hashtable_test_collision_TestC2Ev
FN:41,41,_ZN29Hashtable_test_collision_TestD0Ev
FN:41,41,_ZN29Hashtable_test_collision_TestD2Ev
FNDA:2,_ZN31Hashtable_test_updateValue_Test8TestBodyEv
FNDA:2,_ZN31Hashtable_test_updateValue_TestC2Ev
FNDA:2,_ZN31Hashtable_test_updateValue_TestD0Ev
FNDA:2,_ZN31Hashtable_test_updateValue_TestD2Ev
FNDA:2,_ZN26Hashtable_test_remove_Test8TestBodyEv
FNDA:2,_ZN26Hashtable_test_remove_TestC2Ev
FNDA:2,_ZN26Hashtable_test_remove_TestD0Ev
FNDA:2,_ZN26Hashtable_test_remove_TestD2Ev
FNDA:2,_ZN29Hashtable_test_addAndGet_Test8TestBodyEv
FNDA:2,_ZN29Hashtable_test_addAndGet_TestC2Ev
FNDA:2,_ZN29Hashtable_test_addAndGet_TestD0Ev
FNDA:2,_ZN29Hashtable_test_addAndGet_TestD2Ev
FNDA:2,_ZN29Hashtable_test_collision_Test8TestBodyEv
FNDA:2,_ZN29Hashtable_test_collision_TestC2Ev
FNDA:2,_ZN29Hashtable_test_collision_TestD0Ev
FNDA:2,_ZN29Hashtable_test_collision_TestD2Ev
FNF:16
FNH:16
DA:4,8
DA:6,2
DA:8,8
DA:9,8
DA:11,4
DA:12,4
DA:14,6
DA:15,2
DA:17,8
DA:19,2
DA:21,8
DA:22,8
DA:24,4
DA:25,2
DA:27,8
DA:29,2
DA:31,8
DA:32,8
DA:34,2
DA:36,6
DA:38,4
DA:39,2
DA:41,8
DA:43,2
DA:45,8
DA:46,8
DA:48,4
DA:49,4
DA:50,2
LF:29
LH:29
end_of_record
