TN:
SF:/home/anton/3laba_2kurs/src/DynamicArray.cpp
FN:122,135,_ZN12DynamicArray4MDELEi
FN:13,18,_ZN12DynamicArrayC2Ev
FN:137,144,_ZNK12DynamicArray4MGETB5cxx11Ei
FN:146,153,_ZN12DynamicArray4MSETENSt7__cxx1112basic_stringIcSt11char_traitsIcESaIcEEEi
FN:155,165,_ZN12DynamicArray6resizeEi
FN:167,170,_ZNK12DynamicArray4sizeEv
FN:172,175,_ZNK12DynamicArray10memory_useEv
FN:20,29,_ZN12DynamicArrayC2ERKS_
FN:31,42,_ZN12DynamicArrayC2ESt16initializer_listINSt7__cxx1112basic_stringIcSt11char_traitsIcESaIcEEEE
FN:44,58,_ZN12DynamicArrayaSERKS_
FN:60,63,_ZN12DynamicArrayD2Ev
FN:65,68,_ZN12DynamicArray5beginB5cxx11Ev
FN:70,73,_ZN12DynamicArray3endB5cxx11Ev
FN:75,91,_ZN12DynamicArray5MPUSHENSt7__cxx1112basic_stringIcSt11char_traitsIcESaIcEEE
FN:93,120,_ZN12DynamicArray5MPUSHENSt7__cxx1112basic_stringIcSt11char_traitsIcESaIcEEEi
FNDA:8,_ZN12DynamicArray4MDELEi
FNDA:8,_ZN12DynamicArrayC2Ev
FNDA:74,_ZNK12DynamicArray4MGETB5cxx11Ei
FNDA:6,_ZN12DynamicArray4MSETENSt7__cxx1112basic_stringIcSt11char_traitsIcESaIcEEEi
FNDA:2,_ZN12DynamicArray6resizeEi
FNDA:24,_ZNK12DynamicArray4sizeEv
FNDA:4,_ZNK12DynamicArray10memory_useEv
FNDA:2,_ZN12DynamicArrayC2ERKS_
FNDA:14,_ZN12DynamicArrayC2ESt16initializer_listINSt7__cxx1112basic_stringIcSt11char_traitsIcESaIcEEEE
FNDA:2,_ZN12DynamicArrayaSERKS_
FNDA:24,_ZN12DynamicArrayD2Ev
FNDA:2,_ZN12DynamicArray5beginB5cxx11Ev
FNDA:2,_ZN12DynamicArray3endB5cxx11Ev
FNDA:8,_ZN12DynamicArray5MPUSHENSt7__cxx1112basic_stringIcSt11char_traitsIcESaIcEEE
FNDA:6,_ZN12DynamicArray5MPUSHENSt7__cxx1112basic_stringIcSt11char_traitsIcESaIcEEEi
FNF:15
FNH:15
DA:13,8
DA:14,8
DA:15,16
DA:16,8
DA:17,8
DA:18,8
DA:20,2
DA:21,2
DA:22,2
DA:23,2
DA:24,22
DA:25,12
DA:27,10
DA:29,2
DA:31,14
DA:32,14
DA:33,14
DA:34,14
DA:35,114
DA:37,14
DA:38,64
DA:40,50
DA:42,14
DA:44,2
DA:46,2
DA:48,4
DA:49,2
DA:50,2
DA:51,22
DA:52,12
DA:54,10
DA:57,2
DA:60,24
DA:62,184
DA:63,24
DA:65,2
DA:67,2
DA:70,2
DA:72,2
DA:75,8
DA:77,8
DA:79,16
DA:81,10
DA:83,6
DA:85,10
DA:86,4
DA:87,4
DA:89,8
DA:90,8
DA:91,8
DA:93,6
DA:95,6
DA:97,0
DA:100,6
DA:102,0
DA:104,0
DA:106,0
DA:108,0
DA:109,0
DA:110,0
DA:113,18
DA:115,12
DA:118,6
DA:119,6
DA:120,6
DA:122,8
DA:124,8
DA:126,2
DA:129,8
DA:131,2
DA:134,6
DA:135,6
DA:137,74
DA:139,74
DA:141,74
DA:143,0
DA:146,6
DA:148,6
DA:150,0
DA:152,6
DA:153,6
DA:155,2
DA:157,12
DA:158,4
DA:160,2
DA:162,4
DA:163,2
DA:164,2
DA:165,2
DA:167,24
DA:169,24
DA:172,4
DA:174,4
LF:93
LH:84
end_of_record
TN:
SF:/home/anton/3laba_2kurs/src/FBT.cpp
FN:10,15,_ZN4nodeC2Ei
FN:101,108,_ZNK5QueueIP4nodeE5frontEv
FN:121,126,_ZN3FBTC2Ei
FN:128,138,_ZN3FBTD2Ev
FN:142,178,_ZN3FBT3AddEi
FN:230,246,_ZN3FBT9findPlaceEi
FN:248,262,_ZN3FBT6isFullEv
FN:27,31,_ZN5QueueIP4nodeE4NodeC2ES1_
FN:39,43,_ZN5QueueIP4nodeEC2Ev
FN:45,55,_ZN5QueueIP4nodeEC2ERKS2_
FN:57,65,_ZN5QueueIP4nodeED2Ev
FN:67,70,_ZNK5QueueIP4nodeE8is_emptyEv
FN:72,84,_ZN5QueueIP4nodeE7enqueueES1_
FN:86,99,_ZN5QueueIP4nodeE7dequeueEv
FNDA:28,_ZN4nodeC2Ei
FNDA:116,_ZNK5QueueIP4nodeE5frontEv
FNDA:10,_ZN3FBTC2Ei
FNDA:10,_ZN3FBTD2Ev
FNDA:18,_ZN3FBT3AddEi
FNDA:32,_ZN3FBT9findPlaceEi
FNDA:4,_ZN3FBT6isFullEv
FNDA:166,_ZN5QueueIP4nodeE4NodeC2ES1_
FNDA:20,_ZN5QueueIP4nodeEC2Ev
FNDA:46,_ZN5QueueIP4nodeEC2ERKS2_
FNDA:66,_ZN5QueueIP4nodeED2Ev
FNDA:522,_ZNK5QueueIP4nodeE8is_emptyEv
FNDA:166,_ZN5QueueIP4nodeE7enqueueES1_
FNDA:92,_ZN5QueueIP4nodeE7dequeueEv
FNF:14
FNH:14
DA:10,28
DA:11,28
DA:12,28
DA:13,28
DA:14,28
DA:15,28
DA:27,166
DA:29,166
DA:30,166
DA:31,166
DA:39,20
DA:41,20
DA:42,20
DA:43,20
DA:45,46
DA:47,46
DA:48,46
DA:49,46
DA:50,156
DA:52,110
DA:53,110
DA:55,46
DA:57,66
DA:59,206
DA:61,74
DA:62,74
DA:63,74
DA:65,66
DA:67,522
DA:69,522
DA:72,166
DA:74,166
DA:75,166
DA:77,66
DA:81,100
DA:82,100
DA:84,166
DA:86,92
DA:88,92
DA:90,0
DA:92,92
DA:93,92
DA:94,92
DA:95,92
DA:97,32
DA:99,92
DA:101,116
DA:103,116
DA:105,0
DA:107,116
DA:121,10
DA:122,10
DA:123,10
DA:124,10
DA:125,10
DA:126,10
DA:128,10
DA:131,10
DA:132,48
DA:134,28
DA:135,28
DA:136,28
DA:138,10
DA:142,18
DA:148,18
DA:149,0
DA:151,18
DA:154,18
DA:156,18
DA:158,0
DA:161,18
DA:162,18
DA:163,18
DA:165,18
DA:166,10
DA:168,8
DA:169,8
DA:170,8
DA:174,0
DA:177,18
DA:230,32
DA:232,32
DA:234,80
DA:236,60
DA:237,60
DA:239,12
DA:241,48
DA:244,20
DA:246,32
DA:248,4
DA:249,4
DA:251,12
DA:253,10
DA:254,10
DA:255,10
DA:257,2
DA:259,8
DA:261,2
DA:262,4
LF:99
LH:94
end_of_record
TN:
SF:/home/anton/3laba_2kurs/src/ForwardList.cpp
FN:100,115,_ZN11ForwardList7delheadEv
FN:117,137,_ZN11ForwardList7deltailEv
FN:12,16,_ZN11ForwardList4NodeC2ENSt7__cxx1112basic_stringIcSt11char_traitsIcESaIcEEE
FN:139,182,_ZN11ForwardList6removeENSt7__cxx1112basic_stringIcSt11char_traitsIcESaIcEEE
FN:184,204,_ZN11ForwardList6searchENSt7__cxx1112basic_stringIcSt11char_traitsIcESaIcEEE
FN:24,28,_ZN11ForwardListC2Ev
FN:30,40,_ZN11ForwardListD2Ev
FN:42,45,_ZNK11ForwardList8is_emptyEv
FN:47,60,_ZN11ForwardList3getB5cxx11Ei
FN:62,72,_ZNK11ForwardList4sizeEv
FN:74,85,_ZN11ForwardList7addtailENSt7__cxx1112basic_stringIcSt11char_traitsIcESaIcEEE
FN:87,98,_ZN11ForwardList7addheadENSt7__cxx1112basic_stringIcSt11char_traitsIcESaIcEEE
FNDA:6,_ZN11ForwardList7delheadEv
FNDA:6,_ZN11ForwardList7deltailEv
FNDA:38,_ZN11ForwardList4NodeC2ENSt7__cxx1112basic_stringIcSt11char_traitsIcESaIcEEE
FNDA:2,_ZN11ForwardList6removeENSt7__cxx1112basic_stringIcSt11char_traitsIcESaIcEEE
FNDA:10,_ZN11ForwardList6searchENSt7__cxx1112basic_stringIcSt11char_traitsIcESaIcEEE
FNDA:20,_ZN11ForwardListC2Ev
FNDA:20,_ZN11ForwardListD2Ev
FNDA:84,_ZNK11ForwardList8is_emptyEv
FNDA:20,_ZN11ForwardList3getB5cxx11Ei
FNDA:48,_ZNK11ForwardList4sizeEv
FNDA:14,_ZN11ForwardList7addtailENSt7__cxx1112basic_stringIcSt11char_traitsIcESaIcEEE
FNDA:24,_ZN11ForwardList7addheadENSt7__cxx1112basic_stringIcSt11char_traitsIcESaIcEEE
FNF:12
FNH:12
DA:12,38
DA:13,38
DA:14,38
DA:15,38
DA:16,38
DA:24,20
DA:25,20
DA:26,20
DA:27,20
DA:28,20
DA:30,20
DA:32,20
DA:33,48
DA:35,28
DA:36,28
DA:37,28
DA:39,20
DA:40,20
DA:42,84
DA:44,84
DA:47,20
DA:49,20
DA:51,2
DA:54,18
DA:55,28
DA:57,10
DA:59,18
DA:62,48
DA:64,48
DA:65,48
DA:66,122
DA:68,74
DA:69,74
DA:71,48
DA:74,14
DA:76,14
DA:77,14
DA:79,8
DA:80,8
DA:81,8
DA:83,6
DA:84,6
DA:87,24
DA:89,24
DA:90,24
DA:92,10
DA:93,10
DA:94,10
DA:96,14
DA:97,14
DA:100,6
DA:102,6
DA:104,2
DA:106,4
DA:108,2
DA:109,2
DA:110,2
DA:112,2
DA:113,2
DA:114,2
DA:117,6
DA:119,6
DA:121,2
DA:123,4
DA:125,2
DA:126,2
DA:127,2
DA:129,2
DA:130,2
DA:132,0
DA:134,2
DA:135,2
DA:136,2
DA:139,2
DA:141,2
DA:143,0
DA:146,2
DA:148,0
DA:149,0
DA:150,0
DA:152,0
DA:154,0
DA:155,0
DA:158,2
DA:159,2
DA:160,4
DA:162,2
DA:163,2
DA:166,2
DA:168,0
DA:169,0
DA:172,2
DA:174,0
DA:177,2
DA:179,2
DA:181,2
DA:184,10
DA:186,10
DA:188,2
DA:191,8
DA:192,22
DA:194,18
DA:196,4
DA:197,4
DA:199,14
DA:202,4
DA:203,4
LF:107
LH:96
end_of_record
TN:
SF:/home/anton/3laba_2kurs/src/LinkedList.cpp
FN:117,137,_ZN10LinkedList7deltailEv
FN:13,18,_ZN10LinkedList4NodeC2ENSt7__cxx1112basic_stringIcSt11char_traitsIcESaIcEEE
FN:139,188,_ZN10LinkedList6removeENSt7__cxx1112basic_stringIcSt11char_traitsIcESaIcEEE
FN:190,203,_ZN10LinkedList3getB5cxx11Ei
FN:205,224,_ZN10LinkedList6searchENSt7__cxx1112basic_stringIcSt11char_traitsIcESaIcEEE
FN:26,30,_ZN10LinkedListC2Ev
FN:32,43,_ZN10LinkedListD2Ev
FN:45,48,_ZN10LinkedList8is_emptyEv
FN:50,60,_ZNK10LinkedList4sizeEv
FN:62,77,_ZN10LinkedList7addheadENSt7__cxx1112basic_stringIcSt11char_traitsIcESaIcEEE
FN:79,94,_ZN10LinkedList7addtailENSt7__cxx1112basic_stringIcSt11char_traitsIcESaIcEEE
FN:96,115,_ZN10LinkedList7delheadEv
FNDA:6,_ZN10LinkedList7deltailEv
FNDA:34,_ZN10LinkedList4NodeC2ENSt7__cxx1112basic_stringIcSt11char_traitsIcESaIcEEE
FNDA:4,_ZN10LinkedList6removeENSt7__cxx1112basic_stringIcSt11char_traitsIcESaIcEEE
FNDA:30,_ZN10LinkedList3getB5cxx11Ei
FNDA:10,_ZN10LinkedList6searchENSt7__cxx1112basic_stringIcSt11char_traitsIcESaIcEEE
FNDA:18,_ZN10LinkedListC2Ev
FNDA:18,_ZN10LinkedListD2Ev
FNDA:62,_ZN10LinkedList8is_emptyEv
FNDA:64,_ZNK10LinkedList4sizeEv
FNDA:6,_ZN10LinkedList7addheadENSt7__cxx1112basic_stringIcSt11char_traitsIcESaIcEEE
FNDA:28,_ZN10LinkedList7addtailENSt7__cxx1112basic_stringIcSt11char_traitsIcESaIcEEE
FNDA:10,_ZN10LinkedList7delheadEv
FNF:12
FNH:12
DA:13,34
DA:14,34
DA:15,34
DA:16,34
DA:17,34
DA:18,34
DA:26,18
DA:27,18
DA:28,18
DA:29,18
DA:30,18
DA:32,18
DA:34,18
DA:36,38
DA:38,20
DA:39,20
DA:40,20
DA:42,18
DA:43,18
DA:45,62
DA:47,62
DA:50,64
DA:52,64
DA:53,64
DA:54,160
DA:56,96
DA:57,96
DA:59,64
DA:62,6
DA:64,6
DA:66,6
DA:68,4
DA:69,4
DA:73,2
DA:74,2
DA:75,2
DA:77,6
DA:79,28
DA:81,28
DA:83,28
DA:85,10
DA:86,10
DA:90,18
DA:91,18
DA:92,18
DA:94,28
DA:96,10
DA:98,10
DA:100,4
DA:102,6
DA:104,6
DA:106,4
DA:110,2
DA:113,6
DA:114,6
DA:115,6
DA:117,6
DA:119,6
DA:121,0
DA:124,6
DA:126,6
DA:128,4
DA:132,2
DA:135,6
DA:136,6
DA:137,6
DA:139,4
DA:141,4
DA:143,2
DA:146,2
DA:147,2
DA:149,6
DA:151,6
DA:153,2
DA:155,0
DA:156,0
DA:158,0
DA:162,0
DA:165,2
DA:167,2
DA:168,2
DA:172,0
DA:173,0
DA:176,2
DA:177,2
DA:178,2
DA:180,4
DA:183,2
DA:186,0
DA:188,2
DA:190,30
DA:192,30
DA:194,6
DA:197,24
DA:198,42
DA:200,18
DA:202,24
DA:205,10
DA:207,10
DA:209,2
DA:212,8
DA:214,14
DA:216,10
DA:219,4
DA:221,6
DA:223,4
LF:106
LH:98
end_of_record
TN:
SF:/home/anton/3laba_2kurs/src/Queue.cpp
FN:11,15,_ZN5QUEUE4NodeC2ENSt7__cxx1112basic_stringIcSt11char_traitsIcESaIcEEE
FN:23,27,_ZN5QUEUEC2Ev
FN:29,38,_ZN5QUEUED2Ev
FN:40,43,_ZN5QUEUE8is_emptyEv
FN:45,58,_ZN5QUEUE4pushENSt7__cxx1112basic_stringIcSt11char_traitsIcESaIcEEE
FN:60,75,_ZN5QUEUE3popEv
FNDA:4,_ZN5QUEUE4NodeC2ENSt7__cxx1112basic_stringIcSt11char_traitsIcESaIcEEE
FNDA:10,_ZN5QUEUEC2Ev
FNDA:10,_ZN5QUEUED2Ev
FNDA:18,_ZN5QUEUE8is_emptyEv
FNDA:4,_ZN5QUEUE4pushENSt7__cxx1112basic_stringIcSt11char_traitsIcESaIcEEE
FNDA:4,_ZN5QUEUE3popEv
FNF:6
FNH:6
DA:11,4
DA:12,4
DA:13,4
DA:14,4
DA:15,4
DA:23,10
DA:24,10
DA:25,10
DA:26,10
DA:27,10
DA:29,10
DA:31,22
DA:33,2
DA:34,2
DA:35,2
DA:37,10
DA:38,10
DA:40,18
DA:42,18
DA:45,4
DA:47,4
DA:49,4
DA:51,4
DA:55,0
DA:56,0
DA:58,4
DA:60,4
DA:62,4
DA:64,2
DA:67,2
DA:68,2
DA:69,2
DA:71,2
DA:73,2
DA:75,2
LF:35
LH:33
end_of_record
TN:
SF:/home/anton/3laba_2kurs/src/Stack.cpp
FN:13,18,_ZN5Stack4NodeC2ENSt7__cxx1112basic_stringIcSt11char_traitsIcESaIcEEE
FN:26,30,_ZN5StackC2Ev
FN:32,41,_ZN5StackD2Ev
FN:43,46,_ZN5Stack8is_emptyEv
FN:48,63,_ZN5Stack4pushENSt7__cxx1112basic_stringIcSt11char_traitsIcESaIcEEE
FN:65,87,_ZN5Stack3popEv
FNDA:6,_ZN5Stack4NodeC2ENSt7__cxx1112basic_stringIcSt11char_traitsIcESaIcEEE
FNDA:12,_ZN5StackC2Ev
FNDA:12,_ZN5StackD2Ev
FNDA:16,_ZN5Stack8is_emptyEv
FNDA:6,_ZN5Stack4pushENSt7__cxx1112basic_stringIcSt11char_traitsIcESaIcEEE
FNDA:4,_ZN5Stack3popEv
FNF:6
FNH:6
DA:13,6
DA:14,6
DA:15,6
DA:16,6
DA:17,6
DA:18,6
DA:26,12
DA:27,12
DA:28,12
DA:29,12
DA:30,12
DA:32,12
DA:34,28
DA:36,4
DA:37,4
DA:38,4
DA:40,12
DA:41,12
DA:43,16
DA:45,16
DA:48,6
DA:50,6
DA:51,6
DA:53,6
DA:55,0
DA:59,6
DA:62,6
DA:63,6
DA:65,4
DA:67,4
DA:69,2
DA:72,2
DA:74,2
DA:76,0
DA:77,0
DA:82,2
DA:83,2
DA:86,2
DA:87,2
LF:39
LH:36
end_of_record
TN:
SF:/home/anton/3laba_2kurs/src/hash.cpp
FN:104,129,_ZN9Hashtable6removeERKNSt7__cxx1112basic_stringIcSt11char_traitsIcESaIcEEE
FN:12,17,_ZN4NodeC2ERKNSt7__cxx1112basic_stringIcSt11char_traitsIcESaIcEEES7_
FN:27,35,_ZN9Hashtable12hashfunctionERKNSt7__cxx1112basic_stringIcSt11char_traitsIcESaIcEEE
FN:39,47,_ZN9HashtableC2Ei
FN:49,62,_ZN9HashtableD2Ev
FN:64,85,_ZN9Hashtable3addERKNSt7__cxx1112basic_stringIcSt11char_traitsIcESaIcEEES7_
FN:87,102,_ZN9Hashtable3getERKNSt7__cxx1112basic_stringIcSt11char_traitsIcESaIcEEE
FNDA:2,_ZN9Hashtable6removeERKNSt7__cxx1112basic_stringIcSt11char_traitsIcESaIcEEE
FNDA:14,_ZN4NodeC2ERKNSt7__cxx1112basic_stringIcSt11char_traitsIcESaIcEEES7_
FNDA:34,_ZN9Hashtable12hashfunctionERKNSt7__cxx1112basic_stringIcSt11char_traitsIcESaIcEEE
FNDA:8,_ZN9HashtableC2Ei
FNDA:8,_ZN9HashtableD2Ev
FNDA:16,_ZN9Hashtable3addERKNSt7__cxx1112basic_stringIcSt11char_traitsIcESaIcEEES7_
FNDA:16,_ZN9Hashtable3getERKNSt7__cxx1112basic_stringIcSt11char_traitsIcESaIcEEE
FNF:7
FNH:7
DA:12,14
DA:13,14
DA:14,14
DA:15,14
DA:16,14
DA:17,14
DA:27,34
DA:29,34
DA:30,184
DA:32,150
DA:34,34
DA:39,8
DA:40,8
DA:41,8
DA:42,8
DA:43,72
DA:45,64
DA:47,8
DA:49,8
DA:51,72
DA:53,64
DA:54,76
DA:56,12
DA:57,12
DA:58,12
DA:61,8
DA:62,8
DA:64,16
DA:66,16
DA:67,16
DA:71,16
DA:73,2
DA:75,2
DA:76,2
DA:78,0
DA:82,14
DA:83,14
DA:84,14
DA:87,16
DA:89,16
DA:90,16
DA:92,16
DA:94,12
DA:96,12
DA:98,0
DA:101,4
DA:104,2
DA:106,2
DA:107,2
DA:108,2
DA:110,2
DA:112,2
DA:114,2
DA:116,2
DA:120,0
DA:122,2
DA:123,2
DA:125,0
DA:126,0
DA:128,0
LF:60
LH:54
end_of_record
TN:
SF:/home/anton/3laba_2kurs/tests/test_DynamicArray.cpp
FN:11,11,_ZN45DynamicArray_test_initializerConstructor_Test8TestBodyEv
FN:11,11,_ZN45DynamicArray_test_initializerConstructor_TestC2Ev
FN:11,11,_ZN45DynamicArray_test_initializerConstructor_TestD0Ev
FN:11,11,_ZN45DynamicArray_test_initializerConstructor_TestD2Ev
FN:113,125,_ZN27DynamicArray_test_MSET_Test8TestBodyEv
FN:113,125,_ZN27DynamicArray_test_MSET_TestC2Ev
FN:113,125,_ZN27DynamicArray_test_MSET_TestD0Ev
FN:113,125,_ZN27DynamicArray_test_MSET_TestD2Ev
FN:127,134,_ZN29DynamicArray_test_Resize_Test8TestBodyEv
FN:127,134,_ZN29DynamicArray_test_Resize_TestC2Ev
FN:127,134,_ZN29DynamicArray_test_Resize_TestD0Ev
FN:127,134,_ZN29DynamicArray_test_Resize_TestD2Ev
FN:20,20,_ZN38DynamicArray_test_copyConstructor_Test8TestBodyEv
FN:20,20,_ZN38DynamicArray_test_copyConstructor_TestC2Ev
FN:20,20,_ZN38DynamicArray_test_copyConstructor_TestD0Ev
FN:20,20,_ZN38DynamicArray_test_copyConstructor_TestD2Ev
FN:32,32,_ZN40DynamicArray_test_assigmentOperator_Test8TestBodyEv
FN:32,32,_ZN40DynamicArray_test_assigmentOperator_TestC2Ev
FN:32,32,_ZN40DynamicArray_test_assigmentOperator_TestD0Ev
FN:32,32,_ZN40DynamicArray_test_assigmentOperator_TestD2Ev
FN:4,4,_ZN41DynamicArray_test_defaultConstructor_Test8TestBodyEv
FN:4,4,_ZN41DynamicArray_test_defaultConstructor_TestC2Ev
FN:4,4,_ZN41DynamicArray_test_defaultConstructor_TestD0Ev
FN:4,4,_ZN41DynamicArray_test_defaultConstructor_TestD2Ev
FN:45,45,_ZN28DynamicArray_test_MPUSH_Test8TestBodyEv
FN:45,45,_ZN28DynamicArray_test_MPUSH_TestC2Ev
FN:45,45,_ZN28DynamicArray_test_MPUSH_TestD0Ev
FN:45,45,_ZN28DynamicArray_test_MPUSH_TestD2Ev
FN:57,57,_ZN35DynamicArray_test_MPUSHAtIndex_Test8TestBodyEv
FN:57,57,_ZN35DynamicArray_test_MPUSHAtIndex_TestC2Ev
FN:57,57,_ZN35DynamicArray_test_MPUSHAtIndex_TestD0Ev
FN:57,57,_ZN35DynamicArray_test_MPUSHAtIndex_TestD2Ev
FN:75,75,_ZN32DynamicArray_test_Iterators_Test8TestBodyEv
FN:75,75,_ZN32DynamicArray_test_Iterators_TestC2Ev
FN:75,75,_ZN32DynamicArray_test_Iterators_TestD0Ev
FN:75,75,_ZN32DynamicArray_test_Iterators_TestD2Ev
FN:90,90,_ZN27DynamicArray_test_MDEL_Test8TestBodyEv
FN:90,90,_ZN27DynamicArray_test_MDEL_TestC2Ev
FN:90,90,_ZN27DynamicArray_test_MDEL_TestD0Ev
FN:90,90,_ZN27DynamicArray_test_MDEL_TestD2Ev
FNDA:2,_ZN45DynamicArray_test_initializerConstructor_Test8TestBodyEv
FNDA:2,_ZN45DynamicArray_test_initializerConstructor_TestC2Ev
FNDA:2,_ZN45DynamicArray_test_initializerConstructor_TestD0Ev
FNDA:2,_ZN45DynamicArray_test_initializerConstructor_TestD2Ev
FNDA:2,_ZN27DynamicArray_test_MSET_Test8TestBodyEv
FNDA:2,_ZN27DynamicArray_test_MSET_TestC2Ev
FNDA:2,_ZN27DynamicArray_test_MSET_TestD0Ev
FNDA:2,_ZN27DynamicArray_test_MSET_TestD2Ev
FNDA:2,_ZN29DynamicArray_test_Resize_Test8TestBodyEv
FNDA:2,_ZN29DynamicArray_test_Resize_TestC2Ev
FNDA:2,_ZN29DynamicArray_test_Resize_TestD0Ev
FNDA:2,_ZN29DynamicArray_test_Resize_TestD2Ev
FNDA:2,_ZN38DynamicArray_test_copyConstructor_Test8TestBodyEv
FNDA:2,_ZN38DynamicArray_test_copyConstructor_TestC2Ev
FNDA:2,_ZN38DynamicArray_test_copyConstructor_TestD0Ev
FNDA:2,_ZN38DynamicArray_test_copyConstructor_TestD2Ev
FNDA:2,_ZN40DynamicArray_test_assigmentOperator_Test8TestBodyEv
FNDA:2,_ZN40DynamicArray_test_assigmentOperator_TestC2Ev
FNDA:2,_ZN40DynamicArray_test_assigmentOperator_TestD0Ev
FNDA:2,_ZN40DynamicArray_test_assigmentOperator_TestD2Ev
FNDA:2,_ZN41DynamicArray_test_defaultConstructor_Test8TestBodyEv
FNDA:2,_ZN41DynamicArray_test_defaultConstructor_TestC2Ev
FNDA:2,_ZN41DynamicArray_test_defaultConstructor_TestD0Ev
FNDA:2,_ZN41DynamicArray_test_defaultConstructor_TestD2Ev
FNDA:2,_ZN28DynamicArray_test_MPUSH_Test8TestBodyEv
FNDA:2,_ZN28DynamicArray_test_MPUSH_TestC2Ev
FNDA:2,_ZN28DynamicArray_test_MPUSH_TestD0Ev
FNDA:2,_ZN28DynamicArray_test_MPUSH_TestD2Ev
FNDA:2,_ZN35DynamicArray_test_MPUSHAtIndex_Test8TestBodyEv
FNDA:2,_ZN35DynamicArray_test_MPUSHAtIndex_TestC2Ev
FNDA:2,_ZN35DynamicArray_test_MPUSHAtIndex_TestD0Ev
FNDA:2,_ZN35DynamicArray_test_MPUSHAtIndex_TestD2Ev
FNDA:2,_ZN32DynamicArray_test_Iterators_Test8TestBodyEv
FNDA:2,_ZN32DynamicArray_test_Iterators_TestC2Ev
FNDA:2,_ZN32DynamicArray_test_Iterators_TestD0Ev
FNDA:2,_ZN32DynamicArray_test_Iterators_TestD2Ev
FNDA:2,_ZN27DynamicArray_test_MDEL_Test8TestBodyEv
FNDA:2,_ZN27DynamicArray_test_MDEL_TestC2Ev
FNDA:2,_ZN27DynamicArray_test_MDEL_TestD0Ev
FNDA:2,_ZN27DynamicArray_test_MDEL_TestD2Ev
FNF:40
FNH:40
DA:4,8
DA:6,2
DA:7,2
DA:8,2
DA:9,2
DA:11,8
DA:13,8
DA:14,2
DA:15,2
DA:16,2
DA:17,2
DA:18,8
DA:20,8
DA:22,12
DA:23,2
DA:24,2
DA:25,2
DA:26,2
DA:27,2
DA:28,2
DA:29,2
DA:30,8
DA:32,8
DA:34,12
DA:35,2
DA:36,2
DA:37,2
DA:38,2
DA:39,2
DA:40,2
DA:41,2
DA:42,2
DA:43,8
DA:45,8
DA:47,2
DA:48,4
DA:49,4
DA:50,2
DA:51,2
DA:52,2
DA:53,2
DA:54,2
DA:55,2
DA:57,8
DA:59,8
DA:60,2
DA:61,2
DA:62,2
DA:64,2
DA:65,2
DA:66,2
DA:68,2
DA:69,2
DA:70,2
DA:71,2
DA:73,8
DA:75,8
DA:77,8
DA:78,4
DA:79,2
DA:80,2
DA:81,2
DA:82,2
DA:83,2
DA:84,2
DA:85,2
DA:86,8
DA:90,8
DA:92,8
DA:94,2
DA:95,2
DA:96,2
DA:97,2
DA:99,2
DA:100,2
DA:101,2
DA:105,2
DA:107,2
DA:109,2
DA:110,2
DA:111,8
DA:113,8
DA:115,8
DA:116,2
DA:117,2
DA:119,2
DA:120,2
DA:122,2
DA:123,2
DA:124,2
DA:125,8
DA:127,8
DA:129,2
DA:130,2
DA:131,2
DA:132,2
DA:133,2
DA:134,2
LF:98
LH:98
end_of_record
TN:
SF:/home/anton/3laba_2kurs/tests/test_FBT.cpp
FN:12,12,_ZN21FBT_test_AddNode_Test8TestBodyEv
FN:12,12,_ZN21FBT_test_AddNode_TestC2Ev
FN:12,12,_ZN21FBT_test_AddNode_TestD0Ev
FN:12,12,_ZN21FBT_test_AddNode_TestD2Ev
FN:22,22,_ZN20FBT_test_isFull_Test8TestBodyEv
FN:22,22,_ZN20FBT_test_isFull_TestC2Ev
FN:22,22,_ZN20FBT_test_isFull_TestD0Ev
FN:22,22,_ZN20FBT_test_isFull_TestD2Ev
FN:32,32,_ZN21FBT_test_notFull_Test8TestBodyEv
FN:32,32,_ZN21FBT_test_notFull_TestC2Ev
FN:32,32,_ZN21FBT_test_notFull_TestD0Ev
FN:32,32,_ZN21FBT_test_notFull_TestD2Ev
FN:4,4,_ZN25FBT_test_Constructor_Test8TestBodyEv
FN:4,4,_ZN25FBT_test_Constructor_TestC2Ev
FN:4,4,_ZN25FBT_test_Constructor_TestD0Ev
FN:4,4,_ZN25FBT_test_Constructor_TestD2Ev
FN:42,42,_ZN22FBT_test_findNode_Test8TestBodyEv
FN:42,42,_ZN22FBT_test_findNode_TestC2Ev
FN:42,42,_ZN22FBT_test_findNode_TestD0Ev
FN:42,42,_ZN22FBT_test_findNode_TestD2Ev
FNDA:2,_ZN21FBT_test_AddNode_Test8TestBodyEv
FNDA:2,_ZN21FBT_test_AddNode_TestC2Ev
FNDA:2,_ZN21FBT_test_AddNode_TestD0Ev
FNDA:2,_ZN21FBT_test_AddNode_TestD2Ev
FNDA:2,_ZN20FBT_test_isFull_Test8TestBodyEv
FNDA:2,_ZN20FBT_test_isFull_TestC2Ev
FNDA:2,_ZN20FBT_test_isFull_TestD0Ev
FNDA:2,_ZN20FBT_test_isFull_TestD2Ev
FNDA:2,_ZN21FBT_test_notFull_Test8TestBodyEv
FNDA:2,_ZN21FBT_test_notFull_TestC2Ev
FNDA:2,_ZN21FBT_test_notFull_TestD0Ev
FNDA:2,_ZN21FBT_test_notFull_TestD2Ev
FNDA:2,_ZN25FBT_test_Constructor_Test8TestBodyEv
FNDA:2,_ZN25FBT_test_Constructor_TestC2Ev
FNDA:2,_ZN25FBT_test_Constructor_TestD0Ev
FNDA:2,_ZN25FBT_test_Constructor_TestD2Ev
FNDA:2,_ZN22FBT_test_findNode_Test8TestBodyEv
FNDA:2,_ZN22FBT_test_findNode_TestC2Ev
FNDA:2,_ZN22FBT_test_findNode_TestD0Ev
FNDA:2,_ZN22FBT_test_findNode_TestD2Ev
FNF:20
FNH:20
DA:4,8
DA:6,2
DA:8,2
DA:9,2
DA:12,8
DA:14,2
DA:15,2
DA:16,2
DA:18,2
DA:19,2
DA:20,2
DA:22,8
DA:24,2
DA:25,2
DA:26,2
DA:29,2
DA:30,2
DA:32,8
DA:34,2
DA:35,2
DA:36,2
DA:37,2
DA:39,2
DA:40,2
DA:42,8
DA:44,2
DA:45,2
DA:46,2
DA:48,2
DA:49,2
DA:50,2
DA:52,2
DA:53,2
LF:33
LH:33
end_of_record
TN:
SF:/home/anton/3laba_2kurs/tests/test_ForwardList.cpp
FN:10,10,_ZN29ForwardList_test_isEmpty_Test8TestBodyEv
FN:10,10,_ZN29ForwardList_test_isEmpty_TestC2Ev
FN:10,10,_ZN29ForwardList_test_isEmpty_TestD0Ev
FN:10,10,_ZN29ForwardList_test_isEmpty_TestD2Ev
FN:100,110,_ZN28ForwardList_test_remove_Test8TestBodyEv
FN:100,110,_ZN28ForwardList_test_remove_TestC2Ev
FN:100,110,_ZN28ForwardList_test_remove_TestD0Ev
FN:100,110,_ZN28ForwardList_test_remove_TestD2Ev
FN:18,18,_ZN26ForwardList_test_size_Test8TestBodyEv
FN:18,18,_ZN26ForwardList_test_size_TestC2Ev
FN:18,18,_ZN26ForwardList_test_size_TestD0Ev
FN:18,18,_ZN26ForwardList_test_size_TestD2Ev
FN:26,26,_ZN25ForwardList_test_get_Test8TestBodyEv
FN:26,26,_ZN25ForwardList_test_get_TestC2Ev
FN:26,26,_ZN25ForwardList_test_get_TestD0Ev
FN:26,26,_ZN25ForwardList_test_get_TestD2Ev
FN:39,39,_ZN29ForwardList_test_addTail_Test8TestBodyEv
FN:39,39,_ZN29ForwardList_test_addTail_TestC2Ev
FN:39,39,_ZN29ForwardList_test_addTail_TestD0Ev
FN:39,39,_ZN29ForwardList_test_addTail_TestD2Ev
FN:4,4,_ZN40ForwardList_test_defaultConstructor_Test8TestBodyEv
FN:4,4,_ZN40ForwardList_test_defaultConstructor_TestC2Ev
FN:4,4,_ZN40ForwardList_test_defaultConstructor_TestD0Ev
FN:4,4,_ZN40ForwardList_test_defaultConstructor_TestD2Ev
FN:50,50,_ZN29ForwardList_test_addHead_Test8TestBodyEv
FN:50,50,_ZN29ForwardList_test_addHead_TestC2Ev
FN:50,50,_ZN29ForwardList_test_addHead_TestD0Ev
FN:50,50,_ZN29ForwardList_test_addHead_TestD2Ev
FN:61,61,_ZN29ForwardList_test_delHead_Test8TestBodyEv
FN:61,61,_ZN29ForwardList_test_delHead_TestC2Ev
FN:61,61,_ZN29ForwardList_test_delHead_TestD0Ev
FN:61,61,_ZN29ForwardList_test_delHead_TestD2Ev
FN:75,75,_ZN29ForwardList_test_delTail_Test8TestBodyEv
FN:75,75,_ZN29ForwardList_test_delTail_TestC2Ev
FN:75,75,_ZN29ForwardList_test_delTail_TestD0Ev
FN:75,75,_ZN29ForwardList_test_delTail_TestD2Ev
FN:89,98,_ZN28ForwardList_test_search_Test8TestBodyEv
FN:89,98,_ZN28ForwardList_test_search_TestC2Ev
FN:89,98,_ZN28ForwardList_test_search_TestD0Ev
FN:89,98,_ZN28ForwardList_test_search_TestD2Ev
FNDA:2,_ZN29ForwardList_test_isEmpty_Test8TestBodyEv
FNDA:2,_ZN29ForwardList_test_isEmpty_TestC2Ev
FNDA:2,_ZN29ForwardList_test_isEmpty_TestD0Ev
FNDA:2,_ZN29ForwardList_test_isEmpty_TestD2Ev
FNDA:2,_ZN28ForwardList_test_remove_Test8TestBodyEv
FNDA:2,_ZN28ForwardList_test_remove_TestC2Ev
FNDA:2,_ZN28ForwardList_test_remove_TestD0Ev
FNDA:2,_ZN28ForwardList_test_remove_TestD2Ev
FNDA:2,_ZN26ForwardList_test_size_Test8TestBodyEv
FNDA:2,_ZN26ForwardList_test_size_TestC2Ev
FNDA:2,_ZN26ForwardList_test_size_TestD0Ev
FNDA:2,_ZN26ForwardList_test_size_TestD2Ev
FNDA:2,_ZN25ForwardList_test_get_Test8TestBodyEv
FNDA:2,_ZN25ForwardList_test_get_TestC2Ev
FNDA:2,_ZN25ForwardList_test_get_TestD0Ev
FNDA:2,_ZN25ForwardList_test_get_TestD2Ev
FNDA:2,_ZN29ForwardList_test_addTail_Test8TestBodyEv
FNDA:2,_ZN29ForwardList_test_addTail_TestC2Ev
FNDA:2,_ZN29ForwardList_test_addTail_TestD0Ev
FNDA:2,_ZN29ForwardList_test_addTail_TestD2Ev
FNDA:2,_ZN40ForwardList_test_defaultConstructor_Test8TestBodyEv
FNDA:2,_ZN40ForwardList_test_defaultConstructor_TestC2Ev
FNDA:2,_ZN40ForwardList_test_defaultConstructor_TestD0Ev
FNDA:2,_ZN40ForwardList_test_defaultConstructor_TestD2Ev
FNDA:2,_ZN29ForwardList_test_addHead_Test8TestBodyEv
FNDA:2,_ZN29ForwardList_test_addHead_TestC2Ev
FNDA:2,_ZN29ForwardList_test_addHead_TestD0Ev
FNDA:2,_ZN29ForwardList_test_addHead_TestD2Ev
FNDA:2,_ZN29ForwardList_test_delHead_Test8TestBodyEv
FNDA:2,_ZN29ForwardList_test_delHead_TestC2Ev
FNDA:2,_ZN29ForwardList_test_delHead_TestD0Ev
FNDA:2,_ZN29ForwardList_test_delHead_TestD2Ev
FNDA:2,_ZN29ForwardList_test_delTail_Test8TestBodyEv
FNDA:2,_ZN29ForwardList_test_delTail_TestC2Ev
FNDA:2,_ZN29ForwardList_test_delTail_TestD0Ev
FNDA:2,_ZN29ForwardList_test_delTail_TestD2Ev
FNDA:2,_ZN28ForwardList_test_search_Test8TestBodyEv
FNDA:2,_ZN28ForwardList_test_search_TestC2Ev
FNDA:2,_ZN28ForwardList_test_search_TestD0Ev
FNDA:2,_ZN28ForwardList_test_search_TestD2Ev
FNF:40
FNH:40
DA:4,8
DA:6,2
DA:7,2
DA:8,2
DA:10,8
DA:12,2
DA:13,2
DA:14,2
DA:15,2
DA:16,2
DA:18,8
DA:20,2
DA:21,2
DA:22,2
DA:23,2
DA:24,2
DA:26,8
DA:28,2
DA:29,4
DA:30,4
DA:31,2
DA:32,2
DA:33,2
DA:34,2
DA:35,2
DA:36,2
DA:37,2
DA:39,8
DA:41,2
DA:42,2
DA:43,2
DA:44,2
DA:45,2
DA:46,2
DA:47,2
DA:48,2
DA:50,8
DA:52,2
DA:53,2
DA:54,2
DA:55,2
DA:56,2
DA:57,2
DA:58,2
DA:59,2
DA:61,8
DA:63,2
DA:64,2
DA:65,4
DA:66,2
DA:67,2
DA:68,2
DA:69,2
DA:70,2
DA:71,2
DA:72,2
DA:73,2
DA:75,8
DA:77,2
DA:78,2
DA:79,4
DA:80,2
DA:81,2
DA:82,2
DA:83,2
DA:84,2
DA:85,2
DA:86,2
DA:87,2
DA:89,8
DA:91,2
DA:92,6
DA:93,4
DA:94,4
DA:95,2
DA:96,6
DA:97,6
DA:98,2
DA:100,8
DA:102,2
DA:103,4
DA:104,4
DA:105,2
DA:106,6
DA:107,2
DA:108,6
DA:109,2
DA:110,2
LF:88
LH:88
end_of_record
TN:
SF:/home/anton/3laba_2kurs/tests/test_LinkedList.cpp
FN:10,10,_ZN28LinkedList_test_isEmpty_Test8TestBodyEv
FN:10,10,_ZN28LinkedList_test_isEmpty_TestC2Ev
FN:10,10,_ZN28LinkedList_test_isEmpty_TestD0Ev
FN:10,10,_ZN28LinkedList_test_isEmpty_TestD2Ev
FN:115,115,_ZN27LinkedList_test_remove_Test8TestBodyEv
FN:115,115,_ZN27LinkedList_test_remove_TestC2Ev
FN:115,115,_ZN27LinkedList_test_remove_TestD0Ev
FN:115,115,_ZN27LinkedList_test_remove_TestD2Ev
FN:17,17,_ZN27LinkedList_test_search_Test8TestBodyEv
FN:17,17,_ZN27LinkedList_test_search_TestC2Ev
FN:17,17,_ZN27LinkedList_test_search_TestD0Ev
FN:17,17,_ZN27LinkedList_test_search_TestD2Ev
FN:29,29,_ZN24LinkedList_test_get_Test8TestBodyEv
FN:29,29,_ZN24LinkedList_test_get_TestC2Ev
FN:29,29,_ZN24LinkedList_test_get_TestD0Ev
FN:29,29,_ZN24LinkedList_test_get_TestD2Ev
FN:39,39,_ZN28LinkedList_test_addHead_Test8TestBodyEv
FN:39,39,_ZN28LinkedList_test_addHead_TestC2Ev
FN:39,39,_ZN28LinkedList_test_addHead_TestD0Ev
FN:39,39,_ZN28LinkedList_test_addHead_TestD2Ev
FN:4,4,_ZN32LinkedList_test_constructor_Test8TestBodyEv
FN:4,4,_ZN32LinkedList_test_constructor_TestC2Ev
FN:4,4,_ZN32LinkedList_test_constructor_TestD0Ev
FN:4,4,_ZN32LinkedList_test_constructor_TestD2Ev
FN:54,54,_ZN28LinkedList_test_addTail_Test8TestBodyEv
FN:54,54,_ZN28LinkedList_test_addTail_TestC2Ev
FN:54,54,_ZN28LinkedList_test_addTail_TestD0Ev
FN:54,54,_ZN28LinkedList_test_addTail_TestD2Ev
FN:69,69,_ZN28LinkedList_test_delHead_Test8TestBodyEv
FN:69,69,_ZN28LinkedList_test_delHead_TestC2Ev
FN:69,69,_ZN28LinkedList_test_delHead_TestD0Ev
FN:69,69,_ZN28LinkedList_test_delHead_TestD2Ev
FN:92,113,_ZN28LinkedList_test_delTail_Test8TestBodyEv
FN:92,113,_ZN28LinkedList_test_delTail_TestC2Ev
FN:92,113,_ZN28LinkedList_test_delTail_TestD0Ev
FN:92,113,_ZN28LinkedList_test_delTail_TestD2Ev
FNDA:2,_ZN28LinkedList_test_isEmpty_Test8TestBodyEv
FNDA:2,_ZN28LinkedList_test_isEmpty_TestC2Ev
FNDA:2,_ZN28LinkedList_test_isEmpty_TestD0Ev
FNDA:2,_ZN28LinkedList_test_isEmpty_TestD2Ev
FNDA:2,_ZN27LinkedList_test_remove_Test8TestBodyEv
FNDA:2,_ZN27LinkedList_test_remove_TestC2Ev
FNDA:2,_ZN27LinkedList_test_remove_TestD0Ev
FNDA:2,_ZN27LinkedList_test_remove_TestD2Ev
FNDA:2,_ZN27LinkedList_test_search_Test8TestBodyEv
FNDA:2,_ZN27LinkedList_test_search_TestC2Ev
FNDA:2,_ZN27LinkedList_test_search_TestD0Ev
FNDA:2,_ZN27LinkedList_test_search_TestD2Ev
FNDA:2,_ZN24LinkedList_test_get_Test8TestBodyEv
FNDA:2,_ZN24LinkedList_test_get_TestC2Ev
FNDA:2,_ZN24LinkedList_test_get_TestD0Ev
FNDA:2,_ZN24LinkedList_test_get_TestD2Ev
FNDA:2,_ZN28LinkedList_test_addHead_Test8TestBodyEv
FNDA:2,_ZN28LinkedList_test_addHead_TestC2Ev
FNDA:2,_ZN28LinkedList_test_addHead_TestD0Ev
FNDA:2,_ZN28LinkedList_test_addHead_TestD2Ev
FNDA:2,_ZN32LinkedList_test_constructor_Test8TestBodyEv
FNDA:2,_ZN32LinkedList_test_constructor_TestC2Ev
FNDA:2,_ZN32LinkedList_test_constructor_TestD0Ev
FNDA:2,_ZN32LinkedList_test_constructor_TestD2Ev
FNDA:2,_ZN28LinkedList_test_addTail_Test8TestBodyEv
FNDA:2,_ZN28LinkedList_test_addTail_TestC2Ev
FNDA:2,_ZN28LinkedList_test_addTail_TestD0Ev
FNDA:2,_ZN28LinkedList_test_addTail_TestD2Ev
FNDA:2,_ZN28LinkedList_test_delHead_Test8TestBodyEv
FNDA:2,_ZN28LinkedList_test_delHead_TestC2Ev
FNDA:2,_ZN28LinkedList_test_delHead_TestD0Ev
FNDA:2,_ZN28LinkedList_test_delHead_TestD2Ev
FNDA:2,_ZN28LinkedList_test_delTail_Test8TestBodyEv
FNDA:2,_ZN28LinkedList_test_delTail_TestC2Ev
FNDA:2,_ZN28LinkedList_test_delTail_TestD0Ev
FNDA:2,_ZN28LinkedList_test_delTail_TestD2Ev
FNF:36
FNH:36
DA:4,8
DA:6,2
DA:7,2
DA:8,2
DA:10,8
DA:12,2
DA:13,2
DA:14,2
DA:15,2
DA:17,8
DA:19,2
DA:20,6
DA:21,2
DA:23,2
DA:24,2
DA:25,6
DA:26,6
DA:27,2
DA:29,8
DA:31,2
DA:32,2
DA:33,4
DA:34,4
DA:35,2
DA:36,2
DA:37,2
DA:39,8
DA:41,2
DA:42,2
DA:44,2
DA:45,2
DA:47,2
DA:49,2
DA:50,2
DA:51,2
DA:52,2
DA:54,8
DA:56,2
DA:57,2
DA:59,2
DA:60,6
DA:61,2
DA:62,2
DA:64,2
DA:65,2
DA:66,2
DA:67,2
DA:69,8
DA:71,2
DA:72,2
DA:73,4
DA:74,4
DA:75,2
DA:76,2
DA:77,2
DA:79,2
DA:80,2
DA:81,2
DA:83,2
DA:84,2
DA:85,2
DA:87,2
DA:88,2
DA:89,2
DA:90,2
DA:92,8
DA:94,2
DA:95,2
DA:96,4
DA:97,4
DA:98,2
DA:99,2
DA:100,2
DA:102,2
DA:103,2
DA:104,2
DA:106,2
DA:107,2
DA:108,2
DA:110,2
DA:111,2
DA:112,2
DA:113,2
DA:115,8
DA:117,2
DA:118,6
DA:119,4
DA:120,4
DA:121,2
DA:122,2
DA:123,2
DA:125,2
DA:126,6
DA:127,2
DA:128,2
LF:95
LH:95
end_of_record
TN:
SF:/home/anton/3laba_2kurs/tests/test_Queue.cpp
FN:10,10,_ZN23Queue_test_isEmpty_Test8TestBodyEv
FN:10,10,_ZN23Queue_test_isEmpty_TestC2Ev
FN:10,10,_ZN23Queue_test_isEmpty_TestD0Ev
FN:10,10,_ZN23Queue_test_isEmpty_TestD2Ev
FN:16,16,_ZN20Queue_test_push_Test8TestBodyEv
FN:16,16,_ZN20Queue_test_push_TestC2Ev
FN:16,16,_ZN20Queue_test_push_TestD0Ev
FN:16,16,_ZN20Queue_test_push_TestD2Ev
FN:23,23,_ZN19Queue_test_pop_Test8TestBodyEv
FN:23,23,_ZN19Queue_test_pop_TestC2Ev
FN:23,23,_ZN19Queue_test_pop_TestD0Ev
FN:23,23,_ZN19Queue_test_pop_TestD2Ev
FN:31,31,_ZN24Queue_test_popError_Test8TestBodyEv
FN:31,31,_ZN24Queue_test_popError_TestC2Ev
FN:31,31,_ZN24Queue_test_popError_TestD0Ev
FN:31,31,_ZN24Queue_test_popError_TestD2Ev
FN:4,4,_ZN34Queue_test_defaultConstructor_Test8TestBodyEv
FN:4,4,_ZN34Queue_test_defaultConstructor_TestC2Ev
FN:4,4,_ZN34Queue_test_defaultConstructor_TestD0Ev
FN:4,4,_ZN34Queue_test_defaultConstructor_TestD2Ev
FNDA:2,_ZN23Queue_test_isEmpty_Test8TestBodyEv
FNDA:2,_ZN23Queue_test_isEmpty_TestC2Ev
FNDA:2,_ZN23Queue_test_isEmpty_TestD0Ev
FNDA:2,_ZN23Queue_test_isEmpty_TestD2Ev
FNDA:2,_ZN20Queue_test_push_Test8TestBodyEv
FNDA:2,_ZN20Queue_test_push_TestC2Ev
FNDA:2,_ZN20Queue_test_push_TestD0Ev
FNDA:2,_ZN20Queue_test_push_TestD2Ev
FNDA:2,_ZN19Queue_test_pop_Test8TestBodyEv
FNDA:2,_ZN19Queue_test_pop_TestC2Ev
FNDA:2,_ZN19Queue_test_pop_TestD0Ev
FNDA:2,_ZN19Queue_test_pop_TestD2Ev
FNDA:2,_ZN24Queue_test_popError_Test8TestBodyEv
FNDA:2,_ZN24Queue_test_popError_TestC2Ev
FNDA:2,_ZN24Queue_test_popError_TestD0Ev
FNDA:2,_ZN24Queue_test_popError_TestD2Ev
FNDA:2,_ZN34Queue_test_defaultConstructor_Test8TestBodyEv
FNDA:2,_ZN34Queue_test_defaultConstructor_TestC2Ev
FNDA:2,_ZN34Queue_test_defaultConstructor_TestD0Ev
FNDA:2,_ZN34Queue_test_defaultConstructor_TestD2Ev
FNF:20
FNH:20
DA:4,8
DA:6,2
DA:7,2
DA:8,2
DA:10,8
DA:12,2
DA:13,2
DA:14,2
DA:16,8
DA:18,2
DA:19,2
DA:20,2
DA:21,2
DA:23,8
DA:25,2
DA:26,2
DA:27,2
DA:28,2
DA:29,2
DA:31,8
DA:33,2
DA:34,2
DA:35,2
DA:36,2
LF:24
LH:24
end_of_record
TN:
SF:/home/anton/3laba_2kurs/tests/test_Stack.cpp
FN:11,11,_ZN23Stack_test_isEmpty_Test8TestBodyEv
FN:11,11,_ZN23Stack_test_isEmpty_TestC2Ev
FN:11,11,_ZN23Stack_test_isEmpty_TestD0Ev
FN:11,11,_ZN23Stack_test_isEmpty_TestD2Ev
FN:17,17,_ZN28Stack_test_isEmptyError_Test8TestBodyEv
FN:17,17,_ZN28Stack_test_isEmptyError_TestC2Ev
FN:17,17,_ZN28Stack_test_isEmptyError_TestD0Ev
FN:17,17,_ZN28Stack_test_isEmptyError_TestD2Ev
FN:24,24,_ZN20Stack_test_push_Test8TestBodyEv
FN:24,24,_ZN20Stack_test_push_TestC2Ev
FN:24,24,_ZN20Stack_test_push_TestD0Ev
FN:24,24,_ZN20Stack_test_push_TestD2Ev
FN:31,31,_ZN19Stack_test_pop_Test8TestBodyEv
FN:31,31,_ZN19Stack_test_pop_TestC2Ev
FN:31,31,_ZN19Stack_test_pop_TestD0Ev
FN:31,31,_ZN19Stack_test_pop_TestD2Ev
FN:39,39,_ZN24Stack_test_popError_Test8TestBodyEv
FN:39,39,_ZN24Stack_test_popError_TestC2Ev
FN:39,39,_ZN24Stack_test_popError_TestD0Ev
FN:39,39,_ZN24Stack_test_popError_TestD2Ev
FN:5,5,_ZN34Stack_test_defaultConstructor_Test8TestBodyEv
FN:5,5,_ZN34Stack_test_defaultConstructor_TestC2Ev
FN:5,5,_ZN34Stack_test_defaultConstructor_TestD0Ev
FN:5,5,_ZN34Stack_test_defaultConstructor_TestD2Ev
FNDA:2,_ZN23Stack_test_isEmpty_Test8TestBodyEv
FNDA:2,_ZN23Stack_test_isEmpty_TestC2Ev
FNDA:2,_ZN23Stack_test_isEmpty_TestD0Ev
FNDA:2,_ZN23Stack_test_isEmpty_TestD2Ev
FNDA:2,_ZN28Stack_test_isEmptyError_Test8TestBodyEv
FNDA:2,_ZN28Stack_test_isEmptyError_TestC2Ev
FNDA:2,_ZN28Stack_test_isEmptyError_TestD0Ev
FNDA:2,_ZN28Stack_test_isEmptyError_TestD2Ev
FNDA:2,_ZN20Stack_test_push_Test8TestBodyEv
FNDA:2,_ZN20Stack_test_push_TestC2Ev
FNDA:2,_ZN20Stack_test_push_TestD0Ev
FNDA:2,_ZN20Stack_test_push_TestD2Ev
FNDA:2,_ZN19Stack_test_pop_Test8TestBodyEv
FNDA:2,_ZN19Stack_test_pop_TestC2Ev
FNDA:2,_ZN19Stack_test_pop_TestD0Ev
FNDA:2,_ZN19Stack_test_pop_TestD2Ev
FNDA:2,_ZN24Stack_test_popError_Test8TestBodyEv
FNDA:2,_ZN24Stack_test_popError_TestC2Ev
FNDA:2,_ZN24Stack_test_popError_TestD0Ev
FNDA:2,_ZN24Stack_test_popError_TestD2Ev
FNDA:2,_ZN34Stack_test_defaultConstructor_Test8TestBodyEv
FNDA:2,_ZN34Stack_test_defaultConstructor_TestC2Ev
FNDA:2,_ZN34Stack_test_defaultConstructor_TestD0Ev
FNDA:2,_ZN34Stack_test_defaultConstructor_TestD2Ev
FNF:24
FNH:24
DA:5,8
DA:7,2
DA:8,2
DA:9,2
DA:11,8
DA:13,2
DA:14,2
DA:15,2
DA:17,8
DA:19,2
DA:20,2
DA:21,2
DA:22,2
DA:24,8
DA:26,2
DA:27,2
DA:28,2
DA:29,2
DA:31,8
DA:33,2
DA:34,2
DA:35,2
DA:36,2
DA:37,2
DA:39,8
DA:41,2
DA:42,2
DA:43,2
DA:44,2
LF:29
LH:29
end_of_record
TN:
SF:/home/anton/3laba_2kurs/tests/test_hash.cpp
FN:17,17,_ZN31Hashtable_test_updateValue_Test8TestBodyEv
FN:17,17,_ZN31Hashtable_test_updateValue_TestC2Ev
FN:17,17,_ZN31Hashtable_test_updateValue_TestD0Ev
FN:17,17,_ZN31Hashtable_test_updateValue_TestD2Ev
FN:27,27,_ZN26Hashtable_test_remove_Test8TestBodyEv
FN:27,27,_ZN26Hashtable_test_remove_TestC2Ev
FN:27,27,_ZN26Hashtable_test_remove_TestD0Ev
FN:27,27,_ZN26Hashtable_test_remove_TestD2Ev
FN:4,4,_ZN29Hashtable_test_addAndGet_Test8TestBodyEv
FN:4,4,_ZN29Hashtable_test_addAndGet_TestC2Ev
FN:4,4,_ZN29Hashtable_test_addAndGet_TestD0Ev
FN:4,4,_ZN29Hashtable_test_addAndGet_TestD2Ev
FN:41,41,_ZN29Hashtable_test_collision_Test8TestBodyEv
FN:41,41,_ZN29Hashtable_test_collision_TestC2Ev
FN:41,41,_ZN29Hashtable_test_collision_TestD0Ev
FN:41,41,_ZN29Hashtable_test_collision_TestD2Ev
FNDA:2,_ZN31Hashtable_test_updateValue_Test8TestBodyEv
FNDA:2,_ZN31Hashtable_test_updateValue_TestC2Ev
FNDA:2,_ZN31Hashtable_test_updateValue_TestD0Ev
FNDA:2,_ZN31Hashtable_test_updateValue_TestD2Ev
FNDA:2,_ZN26Hashtable_test_remove_Test8TestBodyEv
FNDA:2,_ZN26Hashtable_test_remove_TestC2Ev
FNDA:2,_ZN26Hashtable_test_remove_TestD0Ev
FNDA:2,_ZN26Hashtable_test_remove_TestD2Ev
FNDA:2,_ZN29Hashtable_test_addAndGet_Test8TestBodyEv
FNDA:2,_ZN29Hashtable_test_addAndGet_TestC2Ev
FNDA:2,_ZN29Hashtable_test_addAndGet_TestD0Ev
FNDA:2,_ZN29Hashtable_test_addAndGet_TestD2Ev
FNDA:2,_ZN29Hashtable_test_collision_Test8TestBodyEv
FNDA:2,_ZN29Hashtable_test_collision_TestC2Ev
FNDA:2,_ZN29Hashtable_test_collision_TestD0Ev
FNDA:2,_ZN29Hashtable_test_collision_TestD2Ev
FNF:16
FNH:16
DA:4,8
DA:6,2
DA:8,8
DA:9,8
DA:11,4
DA:12,4
DA:14,6
DA:15,2
DA:17,8
DA:19,2
DA:21,8
DA:22,8
DA:24,4
DA:25,2
DA:27,8
DA:29,2
DA:31,8
DA:32,8
DA:34,2
DA:36,6
DA:38,4
DA:39,2
DA:41,8
DA:43,2
DA:45,8
DA:46,8
DA:48,4
DA:49,4
DA:50,2
LF:29
LH:29
end_of_record
TN:
SF:/usr/include/c++/13/bits/allocator.h
FNF:0
FNH:0
DA:163,192
DA:184,192
LF:2
LH:2
end_of_record
TN:
SF:/usr/include/c++/13/bits/basic_string.h
FN:3710,3716,_ZSteqIcSt11char_traitsIcESaIcEEbRKNSt7__cxx1112basic_stringIT_T0_T1_EESA_
FN:3727,3732,_ZSteqIcSt11char_traitsIcESaIcEEbRKNSt7__cxx1112basic_stringIT_T0_T1_EEPKS5_
FN:3788,3791,_ZStneIcSt11char_traitsIcESaIcEEbRKNSt7__cxx1112basic_stringIT_T0_T1_EESA_
FN:641,650,_ZNSt7__cxx1112basic_stringIcSt11char_traitsIcESaIcEEC2IS3_EEPKcRKS3_
FNDA:76,_ZSteqIcSt11char_traitsIcESaIcEEbRKNSt7__cxx1112basic_stringIT_T0_T1_EESA_
FNDA:94,_ZSteqIcSt11char_traitsIcESaIcEEbRKNSt7__cxx1112basic_stringIT_T0_T1_EEPKS5_
FNDA:4,_ZStneIcSt11char_traitsIcESaIcEEbRKNSt7__cxx1112basic_stringIT_T0_T1_EESA_
FNDA:326,_ZNSt7__cxx1112basic_stringIcSt11char_traitsIcESaIcEEC2IS3_EEPKcRKS3_
FNF:4
FNH:4
DA:355,228
DA:641,326
DA:642,326
DA:645,326
DA:646,0
DA:648,326
DA:649,326
DA:650,326
DA:3710,76
DA:3714,76
DA:3715,76
DA:3727,94
DA:3730,94
DA:3731,94
DA:3788,4
DA:3791,4
LF:16
LH:15
end_of_record
TN:
SF:/usr/include/c++/13/bits/basic_string.tcc
FN:221,252,_ZNSt7__cxx1112basic_stringIcSt11char_traitsIcESaIcEE12_M_constructIPKcEEvT_S8_St20forward_iterator_tag
FN:221,252,_ZNSt7__cxx1112basic_stringIcSt11char_traitsIcESaIcEE12_M_constructIPcEEvT_S7_St20forward_iterator_tag
FN:239,239,_ZZNSt7__cxx1112basic_stringIcSt11char_traitsIcESaIcEE12_M_constructIPKcEEvT_S8_St20forward_iterator_tagEN6_GuardC2EPS4_
FN:239,239,_ZZNSt7__cxx1112basic_stringIcSt11char_traitsIcESaIcEE12_M_constructIPcEEvT_S7_St20forward_iterator_tagEN6_GuardC2EPS4_
FN:242,242,_ZZNSt7__cxx1112basic_stringIcSt11char_traitsIcESaIcEE12_M_constructIPKcEEvT_S8_St20forward_iterator_tagEN6_GuardD2Ev
FN:242,242,_ZZNSt7__cxx1112basic_stringIcSt11char_traitsIcESaIcEE12_M_constructIPcEEvT_S7_St20forward_iterator_tagEN6_GuardD2Ev
FNDA:326,_ZNSt7__cxx1112basic_stringIcSt11char_traitsIcESaIcEE12_M_constructIPKcEEvT_S8_St20forward_iterator_tag
FNDA:0,_ZNSt7__cxx1112basic_stringIcSt11char_traitsIcESaIcEE12_M_constructIPcEEvT_S7_St20forward_iterator_tag
FNDA:326,_ZZNSt7__cxx1112basic_stringIcSt11char_traitsIcESaIcEE12_M_constructIPKcEEvT_S8_St20forward_iterator_tagEN6_GuardC2EPS4_
FNDA:0,_ZZNSt7__cxx1112basic_stringIcSt11char_traitsIcESaIcEE12_M_constructIPcEEvT_S7_St20forward_iterator_tagEN6_GuardC2EPS4_
FNDA:326,_ZZNSt7__cxx1112basic_stringIcSt11char_traitsIcESaIcEE12_M_constructIPKcEEvT_S8_St20forward_iterator_tagEN6_GuardD2Ev
FNDA:0,_ZZNSt7__cxx1112basic_stringIcSt11char_traitsIcESaIcEE12_M_constructIPcEEvT_S7_St20forward_iterator_tagEN6_GuardD2Ev
FNF:6
FNH:3
DA:221,326
DA:225,326
DA:227,326
DA:229,98
DA:230,98
DA:239,326
DA:242,326
DA:245,326
DA:247,326
DA:249,326
DA:251,326
DA:252,326
LF:12
LH:12
end_of_record
TN:
SF:/usr/include/c++/13/bits/char_traits.h
FN:136,137,_ZN9__gnu_cxx11char_traitsIcE2eqERKcS3_
FN:199,206,_ZN9__gnu_cxx11char_traitsIcE6lengthEPKc
FN:366,371,_ZNSt11char_traitsIcE2ltERKcS2_
FN:374,390,_ZNSt11char_traitsIcE7compareEPKcS2_m
FN:393,400,_ZNSt11char_traitsIcE6lengthEPKc
FN:427,436,_ZNSt11char_traitsIcE4copyEPcPKcm
FNDA:0,_ZN9__gnu_cxx11char_traitsIcE2eqERKcS3_
FNDA:0,_ZN9__gnu_cxx11char_traitsIcE6lengthEPKc
FNDA:0,_ZNSt11char_traitsIcE2ltERKcS2_
FNDA:164,_ZNSt11char_traitsIcE7compareEPKcS2_m
FNDA:420,_ZNSt11char_traitsIcE6lengthEPKc
FNDA:0,_ZNSt11char_traitsIcE4copyEPcPKcm
FNF:6
FNH:2
DA:136,0
DA:137,0
DA:199,0
DA:202,0
DA:203,0
DA:204,0
DA:205,0
DA:366,0
DA:369,0
DA:370,0
DA:374,164
DA:376,164
DA:377,0
DA:379,164
DA:381,0
DA:382,0
DA:383,0
DA:384,0
DA:385,0
DA:386,0
DA:389,164
DA:393,420
DA:396,420
DA:397,0
DA:399,420
DA:427,0
DA:429,0
DA:430,0
DA:435,0
LF:29
LH:7
end_of_record
TN:
SF:/usr/include/c++/13/bits/move.h
FN:97,98,_ZSt4moveIRPNSt7__cxx1112basic_stringIcSt11char_traitsIcESaIcEEEEONSt16remove_referenceIT_E4typeEOS9_
FN:97,98,_ZSt4moveIRPNSt7__cxx1118basic_stringstreamIcSt11char_traitsIcESaIcEEEEONSt16remove_referenceIT_E4typeEOS9_
FN:97,98,_ZSt4moveIRSaIcEEONSt16remove_referenceIT_E4typeEOS3_
FNDA:0,_ZSt4moveIRPNSt7__cxx1112basic_stringIcSt11char_traitsIcESaIcEEEEONSt16remove_referenceIT_E4typeEOS9_
FNDA:0,_ZSt4moveIRPNSt7__cxx1118basic_stringstreamIcSt11char_traitsIcESaIcEEEEONSt16remove_referenceIT_E4typeEOS9_
FNDA:0,_ZSt4moveIRSaIcEEONSt16remove_referenceIT_E4typeEOS3_
FNF:3
FNH:0
DA:97,0
DA:98,0
LF:2
LH:0
end_of_record
TN:
SF:/usr/include/c++/13/bits/new_allocator.h
FN:104,104,_ZNSt15__new_allocatorIcED2Ev
FNDA:290,_ZNSt15__new_allocatorIcED2Ev
FNF:1
FNH:1
DA:88,192
DA:104,290
LF:2
LH:2
end_of_record
TN:
SF:/usr/include/c++/13/bits/stl_iterator.h
FN:1099,1100,_ZNK9__gnu_cxx17__normal_iteratorIPKcNSt7__cxx1112basic_stringIcSt11char_traitsIcESaIcEEEEdeEv
FN:1109,1113,_ZN9__gnu_cxx17__normal_iteratorIPKcNSt7__cxx1112basic_stringIcSt11char_traitsIcESaIcEEEEppEv
FN:1162,1163,_ZNK9__gnu_cxx17__normal_iteratorIPKcNSt7__cxx1112basic_stringIcSt11char_traitsIcESaIcEEEE4baseEv
FN:1241,1244,_ZN9__gnu_cxxneIPKcNSt7__cxx1112basic_stringIcSt11char_traitsIcESaIcEEEEEbRKNS_17__normal_iteratorIT_T0_EESE_
FNDA:150,_ZNK9__gnu_cxx17__normal_iteratorIPKcNSt7__cxx1112basic_stringIcSt11char_traitsIcESaIcEEEEdeEv
FNDA:150,_ZN9__gnu_cxx17__normal_iteratorIPKcNSt7__cxx1112basic_stringIcSt11char_traitsIcESaIcEEEEppEv
FNDA:368,_ZNK9__gnu_cxx17__normal_iteratorIPKcNSt7__cxx1112basic_stringIcSt11char_traitsIcESaIcEEEE4baseEv
FNDA:184,_ZN9__gnu_cxxneIPKcNSt7__cxx1112basic_stringIcSt11char_traitsIcESaIcEEEEEbRKNS_17__normal_iteratorIT_T0_EESE_
FNF:4
FNH:4
DA:1099,150
DA:1100,150
DA:1109,150
DA:1111,150
DA:1112,150
DA:1162,368
DA:1163,368
DA:1241,184
DA:1244,184
LF:9
LH:9
end_of_record
TN:
SF:/usr/include/c++/13/bits/stl_iterator_base_funcs.h
FNF:0
FNH:0
DA:106,326
DA:151,652
DA:152,652
LF:3
LH:3
end_of_record
TN:
SF:/usr/include/c++/13/bits/stl_iterator_base_types.h
FNF:0
FNH:0
DA:240,326
LF:1
LH:1
end_of_record
TN:
SF:/usr/include/c++/13/bits/unique_ptr.h
FN:174,174,_ZNSt15__uniq_ptr_implINSt7__cxx1112basic_stringIcSt11char_traitsIcESaIcEEESt14default_deleteIS5_EEC2Ev
FN:197,197,_ZNSt15__uniq_ptr_implINSt7__cxx1112basic_stringIcSt11char_traitsIcESaIcEEESt14default_deleteIS5_EE6_M_ptrEv
FN:197,197,_ZNSt15__uniq_ptr_implINSt7__cxx1118basic_stringstreamIcSt11char_traitsIcESaIcEEESt14default_deleteIS5_EE6_M_ptrEv
FN:199,199,_ZNKSt15__uniq_ptr_implINSt7__cxx1112basic_stringIcSt11char_traitsIcESaIcEEESt14default_deleteIS5_EE6_M_ptrEv
FN:201,201,_ZNSt15__uniq_ptr_implINSt7__cxx1112basic_stringIcSt11char_traitsIcESaIcEEESt14default_deleteIS5_EE10_M_deleterEv
FN:201,201,_ZNSt15__uniq_ptr_implINSt7__cxx1118basic_stringstreamIcSt11char_traitsIcESaIcEEESt14default_deleteIS5_EE10_M_deleterEv
FN:304,306,_ZNSt10unique_ptrINSt7__cxx1112basic_stringIcSt11char_traitsIcESaIcEEESt14default_deleteIS5_EEC2IS7_vEEv
FN:398,406,_ZNSt10unique_ptrINSt7__cxx1112basic_stringIcSt11char_traitsIcESaIcEEESt14default_deleteIS5_EED2Ev
FN:398,406,_ZNSt10unique_ptrINSt7__cxx1118basic_stringstreamIcSt11char_traitsIcESaIcEEESt14default_deleteIS5_EED2Ev
FN:460,464,_ZNKSt10unique_ptrINSt7__cxx1112basic_stringIcSt11char_traitsIcESaIcEEESt14default_deleteIS5_EEptEv
FN:469,470,_ZNKSt10unique_ptrINSt7__cxx1112basic_stringIcSt11char_traitsIcESaIcEEESt14default_deleteIS5_EE3getEv
FN:475,476,_ZNSt10unique_ptrINSt7__cxx1112basic_stringIcSt11char_traitsIcESaIcEEESt14default_deleteIS5_EE11get_deleterEv
FN:475,476,_ZNSt10unique_ptrINSt7__cxx1118basic_stringstreamIcSt11char_traitsIcESaIcEEESt14default_deleteIS5_EE11get_deleterEv
FN:486,487,_ZNKSt10unique_ptrINSt7__cxx1112basic_stringIcSt11char_traitsIcESaIcEEESt14default_deleteIS5_EEcvbEv
FN:861,862,_ZStneINSt7__cxx1112basic_stringIcSt11char_traitsIcESaIcEEESt14default_deleteIS5_EEbRKSt10unique_ptrIT_T0_EDn
FN:93,100,_ZNKSt14default_deleteINSt7__cxx1112basic_stringIcSt11char_traitsIcESaIcEEEEclEPS5_
FN:93,100,_ZNKSt14default_deleteINSt7__cxx1118basic_stringstreamIcSt11char_traitsIcESaIcEEEEclEPS5_
FNDA:4,_ZNSt15__uniq_ptr_implINSt7__cxx1112basic_stringIcSt11char_traitsIcESaIcEEESt14default_deleteIS5_EEC2Ev
FNDA:268,_ZNSt15__uniq_ptr_implINSt7__cxx1112basic_stringIcSt11char_traitsIcESaIcEEESt14default_deleteIS5_EE6_M_ptrEv
FNDA:0,_ZNSt15__uniq_ptr_implINSt7__cxx1118basic_stringstreamIcSt11char_traitsIcESaIcEEESt14default_deleteIS5_EE6_M_ptrEv
FNDA:0,_ZNKSt15__uniq_ptr_implINSt7__cxx1112basic_stringIcSt11char_traitsIcESaIcEEESt14default_deleteIS5_EE6_M_ptrEv
FNDA:0,_ZNSt15__uniq_ptr_implINSt7__cxx1112basic_stringIcSt11char_traitsIcESaIcEEESt14default_deleteIS5_EE10_M_deleterEv
FNDA:0,_ZNSt15__uniq_ptr_implINSt7__cxx1118basic_stringstreamIcSt11char_traitsIcESaIcEEESt14default_deleteIS5_EE10_M_deleterEv
FNDA:4,_ZNSt10unique_ptrINSt7__cxx1112basic_stringIcSt11char_traitsIcESaIcEEESt14default_deleteIS5_EEC2IS7_vEEv
FNDA:268,_ZNSt10unique_ptrINSt7__cxx1112basic_stringIcSt11char_traitsIcESaIcEEESt14default_deleteIS5_EED2Ev
FNDA:0,_ZNSt10unique_ptrINSt7__cxx1118basic_stringstreamIcSt11char_traitsIcESaIcEEESt14default_deleteIS5_EED2Ev
FNDA:0,_ZNKSt10unique_ptrINSt7__cxx1112basic_stringIcSt11char_traitsIcESaIcEEESt14default_deleteIS5_EEptEv
FNDA:0,_ZNKSt10unique_ptrINSt7__cxx1112basic_stringIcSt11char_traitsIcESaIcEEESt14default_deleteIS5_EE3getEv
FNDA:0,_ZNSt10unique_ptrINSt7__cxx1112basic_stringIcSt11char_traitsIcESaIcEEESt14default_deleteIS5_EE11get_deleterEv
FNDA:0,_ZNSt10unique_ptrINSt7__cxx1118basic_stringstreamIcSt11char_traitsIcESaIcEEESt14default_deleteIS5_EE11get_deleterEv
FNDA:0,_ZNKSt10unique_ptrINSt7__cxx1112basic_stringIcSt11char_traitsIcESaIcEEESt14default_deleteIS5_EEcvbEv
FNDA:0,_ZStneINSt7__cxx1112basic_stringIcSt11char_traitsIcESaIcEEESt14default_deleteIS5_EEbRKSt10unique_ptrIT_T0_EDn
FNDA:0,_ZNKSt14default_deleteINSt7__cxx1112basic_stringIcSt11char_traitsIcESaIcEEEEclEPS5_
FNDA:0,_ZNKSt14default_deleteINSt7__cxx1118basic_stringstreamIcSt11char_traitsIcESaIcEEEEclEPS5_
FNF:17
FNH:4
DA:93,0
DA:99,0
DA:100,0
DA:174,4
DA:197,268
DA:199,0
DA:201,0
DA:304,4
DA:305,4
DA:306,4
DA:398,268
DA:402,268
DA:403,268
DA:404,0
DA:405,268
DA:406,268
DA:460,0
DA:463,0
DA:469,0
DA:470,0
DA:475,0
DA:476,0
DA:486,0
DA:487,0
DA:861,0
DA:862,0
LF:26
LH:10
end_of_record
TN:
SF:/usr/include/c++/13/initializer_list
FN:69,69,_ZNKSt16initializer_listINSt7__cxx1112basic_stringIcSt11char_traitsIcESaIcEEEE4sizeEv
FN:73,73,_ZNKSt16initializer_listINSt7__cxx1112basic_stringIcSt11char_traitsIcESaIcEEEE5beginEv
FN:77,77,_ZNKSt16initializer_listINSt7__cxx1112basic_stringIcSt11char_traitsIcESaIcEEEE3endEv
FNDA:28,_ZNKSt16initializer_listINSt7__cxx1112basic_stringIcSt11char_traitsIcESaIcEEEE4sizeEv
FNDA:28,_ZNKSt16initializer_listINSt7__cxx1112basic_stringIcSt11char_traitsIcESaIcEEEE5beginEv
FNDA:14,_ZNKSt16initializer_listINSt7__cxx1112basic_stringIcSt11char_traitsIcESaIcEEEE3endEv
FNF:3
FNH:3
DA:69,28
DA:73,28
DA:77,14
LF:3
LH:3
end_of_record
TN:
SF:/usr/include/c++/13/tuple
FN:125,125,_ZNSt10_Head_baseILm1ESt14default_deleteINSt7__cxx1112basic_stringIcSt11char_traitsIcESaIcEEEELb1EE7_M_headERS8_
FN:125,125,_ZNSt10_Head_baseILm1ESt14default_deleteINSt7__cxx1118basic_stringstreamIcSt11char_traitsIcESaIcEEEELb1EE7_M_headERS8_
FN:1317,1319,_ZNSt5tupleIJPNSt7__cxx1112basic_stringIcSt11char_traitsIcESaIcEEESt14default_deleteIS5_EEEC2ILb1ELb1EEEv
FN:1787,1788,_ZSt12__get_helperILm0EPNSt7__cxx1112basic_stringIcSt11char_traitsIcESaIcEEEJSt14default_deleteIS5_EEERT0_RSt11_Tuple_implIXT_EJS9_DpT1_EE
FN:1787,1788,_ZSt12__get_helperILm0EPNSt7__cxx1118basic_stringstreamIcSt11char_traitsIcESaIcEEEJSt14default_deleteIS5_EEERT0_RSt11_Tuple_implIXT_EJS9_DpT1_EE
FN:1787,1788,_ZSt12__get_helperILm1ESt14default_deleteINSt7__cxx1112basic_stringIcSt11char_traitsIcESaIcEEEEJEERT0_RSt11_Tuple_implIXT_EJS8_DpT1_EE
FN:1787,1788,_ZSt12__get_helperILm1ESt14default_deleteINSt7__cxx1118basic_stringstreamIcSt11char_traitsIcESaIcEEEEJEERT0_RSt11_Tuple_implIXT_EJS8_DpT1_EE
FN:1792,1793,_ZSt12__get_helperILm0EPNSt7__cxx1112basic_stringIcSt11char_traitsIcESaIcEEEJSt14default_deleteIS5_EEERKT0_RKSt11_Tuple_implIXT_EJS9_DpT1_EE
FN:1803,1804,_ZSt3getILm0EJPNSt7__cxx1112basic_stringIcSt11char_traitsIcESaIcEEESt14default_deleteIS5_EEERNSt13tuple_elementIXT_ESt5tupleIJDpT0_EEE4typeERSD_
FN:1803,1804,_ZSt3getILm0EJPNSt7__cxx1118basic_stringstreamIcSt11char_traitsIcESaIcEEESt14default_deleteIS5_EEERNSt13tuple_elementIXT_ESt5tupleIJDpT0_EEE4typeERSD_
FN:1803,1804,_ZSt3getILm1EJPNSt7__cxx1112basic_stringIcSt11char_traitsIcESaIcEEESt14default_deleteIS5_EEERNSt13tuple_elementIXT_ESt5tupleIJDpT0_EEE4typeERSD_
FN:1803,1804,_ZSt3getILm1EJPNSt7__cxx1118basic_stringstreamIcSt11char_traitsIcESaIcEEESt14default_deleteIS5_EEERNSt13tuple_elementIXT_ESt5tupleIJDpT0_EEE4typeERSD_
FN:1809,1810,_ZSt3getILm0EJPNSt7__cxx1112basic_stringIcSt11char_traitsIcESaIcEEESt14default_deleteIS5_EEERKNSt13tuple_elementIXT_ESt5tupleIJDpT0_EEE4typeERKSD_
FN:190,191,_ZNSt10_Head_baseILm0EPNSt7__cxx1112basic_stringIcSt11char_traitsIcESaIcEEELb0EEC2Ev
FN:234,234,_ZNSt10_Head_baseILm0EPNSt7__cxx1112basic_stringIcSt11char_traitsIcESaIcEEELb0EE7_M_headERS7_
FN:234,234,_ZNSt10_Head_baseILm0EPNSt7__cxx1118basic_stringstreamIcSt11char_traitsIcESaIcEEELb0EE7_M_headERS7_
FN:237,237,_ZNSt10_Head_baseILm0EPNSt7__cxx1112basic_stringIcSt11char_traitsIcESaIcEEELb0EE7_M_headERKS7_
FN:269,269,_ZNSt11_Tuple_implILm0EJPNSt7__cxx1112basic_stringIcSt11char_traitsIcESaIcEEESt14default_deleteIS5_EEE7_M_headERS9_
FN:269,269,_ZNSt11_Tuple_implILm0EJPNSt7__cxx1118basic_stringstreamIcSt11char_traitsIcESaIcEEESt14default_deleteIS5_EEE7_M_headERS9_
FN:272,272,_ZNSt11_Tuple_implILm0EJPNSt7__cxx1112basic_stringIcSt11char_traitsIcESaIcEEESt14default_deleteIS5_EEE7_M_headERKS9_
FN:280,281,_ZNSt11_Tuple_implILm0EJPNSt7__cxx1112basic_stringIcSt11char_traitsIcESaIcEEESt14default_deleteIS5_EEEC2Ev
FN:497,497,_ZNSt11_Tuple_implILm1EJSt14default_deleteINSt7__cxx1112basic_stringIcSt11char_traitsIcESaIcEEEEEE7_M_headERS8_
FN:497,497,_ZNSt11_Tuple_implILm1EJSt14default_deleteINSt7__cxx1118basic_stringstreamIcSt11char_traitsIcESaIcEEEEEE7_M_headERS8_
FN:503,504,_ZNSt11_Tuple_implILm1EJSt14default_deleteINSt7__cxx1112basic_stringIcSt11char_traitsIcESaIcEEEEEEC2Ev
FN:81,82,_ZNSt10_Head_baseILm1ESt14default_deleteINSt7__cxx1112basic_stringIcSt11char_traitsIcESaIcEEEELb1EEC2Ev
FNDA:0,_ZNSt10_Head_baseILm1ESt14default_deleteINSt7__cxx1112basic_stringIcSt11char_traitsIcESaIcEEEELb1EE7_M_headERS8_
FNDA:0,_ZNSt10_Head_baseILm1ESt14default_deleteINSt7__cxx1118basic_stringstreamIcSt11char_traitsIcESaIcEEEELb1EE7_M_headERS8_
FNDA:4,_ZNSt5tupleIJPNSt7__cxx1112basic_stringIcSt11char_traitsIcESaIcEEESt14default_deleteIS5_EEEC2ILb1ELb1EEEv
FNDA:268,_ZSt12__get_helperILm0EPNSt7__cxx1112basic_stringIcSt11char_traitsIcESaIcEEEJSt14default_deleteIS5_EEERT0_RSt11_Tuple_implIXT_EJS9_DpT1_EE
FNDA:0,_ZSt12__get_helperILm0EPNSt7__cxx1118basic_stringstreamIcSt11char_traitsIcESaIcEEEJSt14default_deleteIS5_EEERT0_RSt11_Tuple_implIXT_EJS9_DpT1_EE
FNDA:0,_ZSt12__get_helperILm1ESt14default_deleteINSt7__cxx1112basic_stringIcSt11char_traitsIcESaIcEEEEJEERT0_RSt11_Tuple_implIXT_EJS8_DpT1_EE
FNDA:0,_ZSt12__get_helperILm1ESt14default_deleteINSt7__cxx1118basic_stringstreamIcSt11char_traitsIcESaIcEEEEJEERT0_RSt11_Tuple_implIXT_EJS8_DpT1_EE
FNDA:0,_ZSt12__get_helperILm0EPNSt7__cxx1112basic_stringIcSt11char_traitsIcESaIcEEEJSt14default_deleteIS5_EEERKT0_RKSt11_Tuple_implIXT_EJS9_DpT1_EE
FNDA:268,_ZSt3getILm0EJPNSt7__cxx1112basic_stringIcSt11char_traitsIcESaIcEEESt14default_deleteIS5_EEERNSt13tuple_elementIXT_ESt5tupleIJDpT0_EEE4typeERSD_
FNDA:0,_ZSt3getILm0EJPNSt7__cxx1118basic_stringstreamIcSt11char_traitsIcESaIcEEESt14default_deleteIS5_EEERNSt13tuple_elementIXT_ESt5tupleIJDpT0_EEE4typeERSD_
FNDA:0,_ZSt3getILm1EJPNSt7__cxx1112basic_stringIcSt11char_traitsIcESaIcEEESt14default_deleteIS5_EEERNSt13tuple_elementIXT_ESt5tupleIJDpT0_EEE4typeERSD_
FNDA:0,_ZSt3getILm1EJPNSt7__cxx1118basic_stringstreamIcSt11char_traitsIcESaIcEEESt14default_deleteIS5_EEERNSt13tuple_elementIXT_ESt5tupleIJDpT0_EEE4typeERSD_
FNDA:0,_ZSt3getILm0EJPNSt7__cxx1112basic_stringIcSt11char_traitsIcESaIcEEESt14default_deleteIS5_EEERKNSt13tuple_elementIXT_ESt5tupleIJDpT0_EEE4typeERKSD_
FNDA:4,_ZNSt10_Head_baseILm0EPNSt7__cxx1112basic_stringIcSt11char_traitsIcESaIcEEELb0EEC2Ev
FNDA:268,_ZNSt10_Head_baseILm0EPNSt7__cxx1112basic_stringIcSt11char_traitsIcESaIcEEELb0EE7_M_headERS7_
FNDA:0,_ZNSt10_Head_baseILm0EPNSt7__cxx1118basic_stringstreamIcSt11char_traitsIcESaIcEEELb0EE7_M_headERS7_
FNDA:0,_ZNSt10_Head_baseILm0EPNSt7__cxx1112basic_stringIcSt11char_traitsIcESaIcEEELb0EE7_M_headERKS7_
FNDA:268,_ZNSt11_Tuple_implILm0EJPNSt7__cxx1112basic_stringIcSt11char_traitsIcESaIcEEESt14default_deleteIS5_EEE7_M_headERS9_
FNDA:0,_ZNSt11_Tuple_implILm0EJPNSt7__cxx1118basic_stringstreamIcSt11char_traitsIcESaIcEEESt14default_deleteIS5_EEE7_M_headERS9_
FNDA:0,_ZNSt11_Tuple_implILm0EJPNSt7__cxx1112basic_stringIcSt11char_traitsIcESaIcEEESt14default_deleteIS5_EEE7_M_headERKS9_
FNDA:4,_ZNSt11_Tuple_implILm0EJPNSt7__cxx1112basic_stringIcSt11char_traitsIcESaIcEEESt14default_deleteIS5_EEEC2Ev
FNDA:0,_ZNSt11_Tuple_implILm1EJSt14default_deleteINSt7__cxx1112basic_stringIcSt11char_traitsIcESaIcEEEEEE7_M_headERS8_
FNDA:0,_ZNSt11_Tuple_implILm1EJSt14default_deleteINSt7__cxx1118basic_stringstreamIcSt11char_traitsIcESaIcEEEEEE7_M_headERS8_
FNDA:4,_ZNSt11_Tuple_implILm1EJSt14default_deleteINSt7__cxx1112basic_stringIcSt11char_traitsIcESaIcEEEEEEC2Ev
FNDA:4,_ZNSt10_Head_baseILm1ESt14default_deleteINSt7__cxx1112basic_stringIcSt11char_traitsIcESaIcEEEELb1EEC2Ev
FNF:25
FNH:9
DA:81,4
DA:82,4
DA:125,0
DA:190,4
DA:191,4
DA:234,268
DA:237,0
DA:269,268
DA:272,0
DA:280,4
DA:281,4
DA:497,0
DA:503,4
DA:504,4
DA:1317,4
DA:1319,4
DA:1787,268
DA:1788,268
DA:1792,0
DA:1793,0
DA:1803,268
DA:1804,268
DA:1809,0
DA:1810,0
LF:24
LH:16
end_of_record
TN:
SF:/usr/include/c++/13/typeinfo
FN:103,104,_ZNKSt9type_info4nameEv
FNDA:0,_ZNKSt9type_info4nameEv
FNF:1
FNH:0
DA:103,0
DA:104,0
LF:2
LH:0
end_of_record
TN:
SF:/usr/include/gtest/gtest-assertion-result.h
FN:155,161,_ZN7testing15AssertionResultC2IbEERKT_PNSt9enable_ifIXntsrSt14is_convertibleIS2_S0_E5valueEvE4typeE
FN:174,174,_ZNK7testing15AssertionResultcvbEv
FN:183,185,_ZNK7testing15AssertionResult7messageEv
FN:187,187,_ZNK7testing15AssertionResult15failure_messageEv
FNDA:4,_ZN7testing15AssertionResultC2IbEERKT_PNSt9enable_ifIXntsrSt14is_convertibleIS2_S0_E5valueEvE4typeE
FNDA:268,_ZNK7testing15AssertionResultcvbEv
FNDA:0,_ZNK7testing15AssertionResult7messageEv
FNDA:0,_ZNK7testing15AssertionResult15failure_messageEv
FNF:4
FNH:2
DA:155,4
DA:161,4
DA:174,268
DA:183,0
DA:184,0
DA:187,0
LF:6
LH:3
end_of_record
TN:
SF:/usr/include/gtest/gtest-message.h
FNF:0
FNH:0
LF:0
LH:0
end_of_record
TN:
SF:/usr/include/gtest/gtest-printers.h
FN:1017,1023,_ZN7testing8internal21UniversalTersePrinterIPKcE5PrintES3_PSo
FN:1108,1113,_ZN7testing8internal14UniversalPrintINSt7__cxx1112basic_stringIcSt11char_traitsIcESaIcEEEEEvRKT_PSo
FN:1108,1113,_ZN7testing8internal14UniversalPrintIPNSt7__cxx1112basic_stringIcSt11char_traitsIcESaIcEEEEEvRKT_PSo
FN:1108,1113,_ZN7testing8internal14UniversalPrintIbEEvRKT_PSo
FN:1108,1113,_ZN7testing8internal14UniversalPrintIiEEvRKT_PSo
FN:1148,1152,_ZN7testing13PrintToStringINSt7__cxx1112basic_stringIcSt11char_traitsIcESaIcEEEEES6_RKT_
FN:1148,1152,_ZN7testing13PrintToStringIPKcEENSt7__cxx1112basic_stringIcSt11char_traitsIcESaIcEEERKT_
FN:1148,1152,_ZN7testing13PrintToStringIPNSt7__cxx1112basic_stringIcSt11char_traitsIcESaIcEEEEES6_RKT_
FN:1148,1152,_ZN7testing13PrintToStringIbEENSt7__cxx1112basic_stringIcSt11char_traitsIcESaIcEEERKT_
FN:1148,1152,_ZN7testing13PrintToStringIiEENSt7__cxx1112basic_stringIcSt11char_traitsIcESaIcEEERKT_
FN:190,199,_ZN7testing8internal14PointerPrinter10PrintValueINSt7__cxx1112basic_stringIcSt11char_traitsIcESaIcEEEEEvPT_PSo
FN:221,226,_ZN7testing8internal52internal_stream_operator_without_lexical_name_lookup13StreamPrinter10PrintValueIivEEDTcvvlsdefp0_fp_ERKT_PSo
FN:326,337,_ZN7testing8internal17PrintWithFallbackIPNSt7__cxx1112basic_stringIcSt11char_traitsIcESaIcEEEEEvRKT_PSo
FN:326,337,_ZN7testing8internal17PrintWithFallbackIiEEvRKT_PSo
FN:357,359,_ZN7testing8internal19FormatForComparisonINSt7__cxx1112basic_stringIcSt11char_traitsIcESaIcEEEA10_cE6FormatERKS7_
FN:357,359,_ZN7testing8internal19FormatForComparisonINSt7__cxx1112basic_stringIcSt11char_traitsIcESaIcEEEA2_cE6FormatERKS7_
FN:357,359,_ZN7testing8internal19FormatForComparisonINSt7__cxx1112basic_stringIcSt11char_traitsIcESaIcEEEA3_cE6FormatERKS7_
FN:357,359,_ZN7testing8internal19FormatForComparisonINSt7__cxx1112basic_stringIcSt11char_traitsIcESaIcEEEA4_cE6FormatERKS7_
FN:357,359,_ZN7testing8internal19FormatForComparisonINSt7__cxx1112basic_stringIcSt11char_traitsIcESaIcEEEA5_cE6FormatERKS7_
FN:357,359,_ZN7testing8internal19FormatForComparisonINSt7__cxx1112basic_stringIcSt11char_traitsIcESaIcEEEA6_cE6FormatERKS7_
FN:357,359,_ZN7testing8internal19FormatForComparisonINSt7__cxx1112basic_stringIcSt11char_traitsIcESaIcEEEA7_cE6FormatERKS7_
FN:357,359,_ZN7testing8internal19FormatForComparisonINSt7__cxx1112basic_stringIcSt11char_traitsIcESaIcEEEA8_cE6FormatERKS7_
FN:357,359,_ZN7testing8internal19FormatForComparisonINSt7__cxx1112basic_stringIcSt11char_traitsIcESaIcEEEA9_cE6FormatERKS7_
FN:357,359,_ZN7testing8internal19FormatForComparisonINSt7__cxx1112basic_stringIcSt11char_traitsIcESaIcEEES7_E6FormatERKS7_
FN:357,359,_ZN7testing8internal19FormatForComparisonIPNSt7__cxx1112basic_stringIcSt11char_traitsIcESaIcEEES8_E6FormatERKS8_
FN:357,359,_ZN7testing8internal19FormatForComparisonIbiE6FormatB5cxx11ERKb
FN:357,359,_ZN7testing8internal19FormatForComparisonIibE6FormatB5cxx11ERKi
FN:357,359,_ZN7testing8internal19FormatForComparisonIiiE6FormatB5cxx11ERKi
FN:366,368,_ZN7testing8internal19FormatForComparisonIA10_cNSt7__cxx1112basic_stringIcSt11char_traitsIcESaIcEEEE6FormatEPKc
FN:366,368,_ZN7testing8internal19FormatForComparisonIA2_cNSt7__cxx1112basic_stringIcSt11char_traitsIcESaIcEEEE6FormatEPKc
FN:366,368,_ZN7testing8internal19FormatForComparisonIA3_cNSt7__cxx1112basic_stringIcSt11char_traitsIcESaIcEEEE6FormatEPKc
FN:366,368,_ZN7testing8internal19FormatForComparisonIA4_cNSt7__cxx1112basic_stringIcSt11char_traitsIcESaIcEEEE6FormatEPKc
FN:366,368,_ZN7testing8internal19FormatForComparisonIA5_cNSt7__cxx1112basic_stringIcSt11char_traitsIcESaIcEEEE6FormatEPKc
FN:366,368,_ZN7testing8internal19FormatForComparisonIA6_cNSt7__cxx1112basic_stringIcSt11char_traitsIcESaIcEEEE6FormatEPKc
FN:366,368,_ZN7testing8internal19FormatForComparisonIA7_cNSt7__cxx1112basic_stringIcSt11char_traitsIcESaIcEEEE6FormatEPKc
FN:366,368,_ZN7testing8internal19FormatForComparisonIA8_cNSt7__cxx1112basic_stringIcSt11char_traitsIcESaIcEEEE6FormatEPKc
FN:366,368,_ZN7testing8internal19FormatForComparisonIA9_cNSt7__cxx1112basic_stringIcSt11char_traitsIcESaIcEEEE6FormatEPKc
FN:411,411,_ZN7testing8internal19FormatForComparisonIPKcNSt7__cxx1112basic_stringIcSt11char_traitsIcESaIcEEEE6FormatES3_
FN:437,440,_ZN7testing8internal33FormatForComparisonFailureMessageIA10_cNSt7__cxx1112basic_stringIcSt11char_traitsIcESaIcEEEEES8_RKT_RKT0_
FN:437,440,_ZN7testing8internal33FormatForComparisonFailureMessageIA2_cNSt7__cxx1112basic_stringIcSt11char_traitsIcESaIcEEEEES8_RKT_RKT0_
FN:437,440,_ZN7testing8internal33FormatForComparisonFailureMessageIA3_cNSt7__cxx1112basic_stringIcSt11char_traitsIcESaIcEEEEES8_RKT_RKT0_
FN:437,440,_ZN7testing8internal33FormatForComparisonFailureMessageIA4_cNSt7__cxx1112basic_stringIcSt11char_traitsIcESaIcEEEEES8_RKT_RKT0_
FN:437,440,_ZN7testing8internal33FormatForComparisonFailureMessageIA5_cNSt7__cxx1112basic_stringIcSt11char_traitsIcESaIcEEEEES8_RKT_RKT0_
FN:437,440,_ZN7testing8internal33FormatForComparisonFailureMessageIA6_cNSt7__cxx1112basic_stringIcSt11char_traitsIcESaIcEEEEES8_RKT_RKT0_
FN:437,440,_ZN7testing8internal33FormatForComparisonFailureMessageIA7_cNSt7__cxx1112basic_stringIcSt11char_traitsIcESaIcEEEEES8_RKT_RKT0_
FN:437,440,_ZN7testing8internal33FormatForComparisonFailureMessageIA8_cNSt7__cxx1112basic_stringIcSt11char_traitsIcESaIcEEEEES8_RKT_RKT0_
FN:437,440,_ZN7testing8internal33FormatForComparisonFailureMessageIA9_cNSt7__cxx1112basic_stringIcSt11char_traitsIcESaIcEEEEES8_RKT_RKT0_
FN:437,440,_ZN7testing8internal33FormatForComparisonFailureMessageINSt7__cxx1112basic_stringIcSt11char_traitsIcESaIcEEEA10_cEES7_RKT_RKT0_
FN:437,440,_ZN7testing8internal33FormatForComparisonFailureMessageINSt7__cxx1112basic_stringIcSt11char_traitsIcESaIcEEEA2_cEES7_RKT_RKT0_
FN:437,440,_ZN7testing8internal33FormatForComparisonFailureMessageINSt7__cxx1112basic_stringIcSt11char_traitsIcESaIcEEEA3_cEES7_RKT_RKT0_
FN:437,440,_ZN7testing8internal33FormatForComparisonFailureMessageINSt7__cxx1112basic_stringIcSt11char_traitsIcESaIcEEEA4_cEES7_RKT_RKT0_
FN:437,440,_ZN7testing8internal33FormatForComparisonFailureMessageINSt7__cxx1112basic_stringIcSt11char_traitsIcESaIcEEEA5_cEES7_RKT_RKT0_
FN:437,440,_ZN7testing8internal33FormatForComparisonFailureMessageINSt7__cxx1112basic_stringIcSt11char_traitsIcESaIcEEEA6_cEES7_RKT_RKT0_
FN:437,440,_ZN7testing8internal33FormatForComparisonFailureMessageINSt7__cxx1112basic_stringIcSt11char_traitsIcESaIcEEEA7_cEES7_RKT_RKT0_
FN:437,440,_ZN7testing8internal33FormatForComparisonFailureMessageINSt7__cxx1112basic_stringIcSt11char_traitsIcESaIcEEEA8_cEES7_RKT_RKT0_
FN:437,440,_ZN7testing8internal33FormatForComparisonFailureMessageINSt7__cxx1112basic_stringIcSt11char_traitsIcESaIcEEEA9_cEES7_RKT_RKT0_
FN:437,440,_ZN7testing8internal33FormatForComparisonFailureMessageINSt7__cxx1112basic_stringIcSt11char_traitsIcESaIcEEES7_EES7_RKT_RKT0_
FN:437,440,_ZN7testing8internal33FormatForComparisonFailureMessageIPNSt7__cxx1112basic_stringIcSt11char_traitsIcESaIcEEES8_EES7_RKT_RKT0_
FN:437,440,_ZN7testing8internal33FormatForComparisonFailureMessageIbiEENSt7__cxx1112basic_stringIcSt11char_traitsIcESaIcEEERKT_RKT0_
FN:437,440,_ZN7testing8internal33FormatForComparisonFailureMessageIibEENSt7__cxx1112basic_stringIcSt11char_traitsIcESaIcEEERKT_RKT0_
FN:437,440,_ZN7testing8internal33FormatForComparisonFailureMessageIiiEENSt7__cxx1112basic_stringIcSt11char_traitsIcESaIcEEERKT_RKT0_
FN:464,466,_ZN7testing8internal7PrintToIPNSt7__cxx1112basic_stringIcSt11char_traitsIcESaIcEEEEEvRKT_PSo
FN:464,466,_ZN7testing8internal7PrintToIiEEvRKT_PSo
FN:483,485,_ZN7testing8internal7PrintToEbPSo
FN:660,662,_ZN7testing8internal7PrintToERKNSt7__cxx1112basic_stringIcSt11char_traitsIcESaIcEEEPSo
FN:799,809,_ZN7testing8internal16UniversalPrinterINSt7__cxx1112basic_stringIcSt11char_traitsIcESaIcEEEE5PrintERKS7_PSo
FN:799,809,_ZN7testing8internal16UniversalPrinterIPNSt7__cxx1112basic_stringIcSt11char_traitsIcESaIcEEEE5PrintERKS8_PSo
FN:799,809,_ZN7testing8internal16UniversalPrinterIbE5PrintERKbPSo
FN:799,809,_ZN7testing8internal16UniversalPrinterIiE5PrintERKiPSo
FN:989,991,_ZN7testing8internal21UniversalTersePrinterINSt7__cxx1112basic_stringIcSt11char_traitsIcESaIcEEEE5PrintERKS7_PSo
FN:989,991,_ZN7testing8internal21UniversalTersePrinterIPNSt7__cxx1112basic_stringIcSt11char_traitsIcESaIcEEEE5PrintERKS8_PSo
FN:989,991,_ZN7testing8internal21UniversalTersePrinterIbE5PrintERKbPSo
FN:989,991,_ZN7testing8internal21UniversalTersePrinterIiE5PrintERKiPSo
FNDA:0,_ZN7testing8internal21UniversalTersePrinterIPKcE5PrintES3_PSo
FNDA:0,_ZN7testing8internal14UniversalPrintINSt7__cxx1112basic_stringIcSt11char_traitsIcESaIcEEEEEvRKT_PSo
FNDA:0,_ZN7testing8internal14UniversalPrintIPNSt7__cxx1112basic_stringIcSt11char_traitsIcESaIcEEEEEvRKT_PSo
FNDA:0,_ZN7testing8internal14UniversalPrintIbEEvRKT_PSo
FNDA:0,_ZN7testing8internal14UniversalPrintIiEEvRKT_PSo
FNDA:0,_ZN7testing13PrintToStringINSt7__cxx1112basic_stringIcSt11char_traitsIcESaIcEEEEES6_RKT_
FNDA:0,_ZN7testing13PrintToStringIPKcEENSt7__cxx1112basic_stringIcSt11char_traitsIcESaIcEEERKT_
FNDA:0,_ZN7testing13PrintToStringIPNSt7__cxx1112basic_stringIcSt11char_traitsIcESaIcEEEEES6_RKT_
FNDA:0,_ZN7testing13PrintToStringIbEENSt7__cxx1112basic_stringIcSt11char_traitsIcESaIcEEERKT_
FNDA:0,_ZN7testing13PrintToStringIiEENSt7__cxx1112basic_stringIcSt11char_traitsIcESaIcEEERKT_
FNDA:0,_ZN7testing8internal14PointerPrinter10PrintValueINSt7__cxx1112basic_stringIcSt11char_traitsIcESaIcEEEEEvPT_PSo
FNDA:0,_ZN7testing8internal52internal_stream_operator_without_lexical_name_lookup13StreamPrinter10PrintValueIivEEDTcvvlsdefp0_fp_ERKT_PSo
FNDA:0,_ZN7testing8internal17PrintWithFallbackIPNSt7__cxx1112basic_stringIcSt11char_traitsIcESaIcEEEEEvRKT_PSo
FNDA:0,_ZN7testing8internal17PrintWithFallbackIiEEvRKT_PSo
FNDA:0,_ZN7testing8internal19FormatForComparisonINSt7__cxx1112basic_stringIcSt11char_traitsIcESaIcEEEA10_cE6FormatERKS7_
FNDA:0,_ZN7testing8internal19FormatForComparisonINSt7__cxx1112basic_stringIcSt11char_traitsIcESaIcEEEA2_cE6FormatERKS7_
FNDA:0,_ZN7testing8internal19FormatForComparisonINSt7__cxx1112basic_stringIcSt11char_traitsIcESaIcEEEA3_cE6FormatERKS7_
FNDA:0,_ZN7testing8internal19FormatForComparisonINSt7__cxx1112basic_stringIcSt11char_traitsIcESaIcEEEA4_cE6FormatERKS7_
FNDA:0,_ZN7testing8internal19FormatForComparisonINSt7__cxx1112basic_stringIcSt11char_traitsIcESaIcEEEA5_cE6FormatERKS7_
FNDA:0,_ZN7testing8internal19FormatForComparisonINSt7__cxx1112basic_stringIcSt11char_traitsIcESaIcEEEA6_cE6FormatERKS7_
FNDA:0,_ZN7testing8internal19FormatForComparisonINSt7__cxx1112basic_stringIcSt11char_traitsIcESaIcEEEA7_cE6FormatERKS7_
FNDA:0,_ZN7testing8internal19FormatForComparisonINSt7__cxx1112basic_stringIcSt11char_traitsIcESaIcEEEA8_cE6FormatERKS7_
FNDA:0,_ZN7testing8internal19FormatForComparisonINSt7__cxx1112basic_stringIcSt11char_traitsIcESaIcEEEA9_cE6FormatERKS7_
FNDA:0,_ZN7testing8internal19FormatForComparisonINSt7__cxx1112basic_stringIcSt11char_traitsIcESaIcEEES7_E6FormatERKS7_
FNDA:0,_ZN7testing8internal19FormatForComparisonIPNSt7__cxx1112basic_stringIcSt11char_traitsIcESaIcEEES8_E6FormatERKS8_
FNDA:0,_ZN7testing8internal19FormatForComparisonIbiE6FormatB5cxx11ERKb
FNDA:0,_ZN7testing8internal19FormatForComparisonIibE6FormatB5cxx11ERKi
FNDA:0,_ZN7testing8internal19FormatForComparisonIiiE6FormatB5cxx11ERKi
FNDA:0,_ZN7testing8internal19FormatForComparisonIA10_cNSt7__cxx1112basic_stringIcSt11char_traitsIcESaIcEEEE6FormatEPKc
FNDA:0,_ZN7testing8internal19FormatForComparisonIA2_cNSt7__cxx1112basic_stringIcSt11char_traitsIcESaIcEEEE6FormatEPKc
FNDA:0,_ZN7testing8internal19FormatForComparisonIA3_cNSt7__cxx1112basic_stringIcSt11char_traitsIcESaIcEEEE6FormatEPKc
FNDA:0,_ZN7testing8internal19FormatForComparisonIA4_cNSt7__cxx1112basic_stringIcSt11char_traitsIcESaIcEEEE6FormatEPKc
FNDA:0,_ZN7testing8internal19FormatForComparisonIA5_cNSt7__cxx1112basic_stringIcSt11char_traitsIcESaIcEEEE6FormatEPKc
FNDA:0,_ZN7testing8internal19FormatForComparisonIA6_cNSt7__cxx1112basic_stringIcSt11char_traitsIcESaIcEEEE6FormatEPKc
FNDA:0,_ZN7testing8internal19FormatForComparisonIA7_cNSt7__cxx1112basic_stringIcSt11char_traitsIcESaIcEEEE6FormatEPKc
FNDA:0,_ZN7testing8internal19FormatForComparisonIA8_cNSt7__cxx1112basic_stringIcSt11char_traitsIcESaIcEEEE6FormatEPKc
FNDA:0,_ZN7testing8internal19FormatForComparisonIA9_cNSt7__cxx1112basic_stringIcSt11char_traitsIcESaIcEEEE6FormatEPKc
FNDA:0,_ZN7testing8internal19FormatForComparisonIPKcNSt7__cxx1112basic_stringIcSt11char_traitsIcESaIcEEEE6FormatES3_
FNDA:0,_ZN7testing8internal33FormatForComparisonFailureMessageIA10_cNSt7__cxx1112basic_stringIcSt11char_traitsIcESaIcEEEEES8_RKT_RKT0_
FNDA:0,_ZN7testing8internal33FormatForComparisonFailureMessageIA2_cNSt7__cxx1112basic_stringIcSt11char_traitsIcESaIcEEEEES8_RKT_RKT0_
FNDA:0,_ZN7testing8internal33FormatForComparisonFailureMessageIA3_cNSt7__cxx1112basic_stringIcSt11char_traitsIcESaIcEEEEES8_RKT_RKT0_
FNDA:0,_ZN7testing8internal33FormatForComparisonFailureMessageIA4_cNSt7__cxx1112basic_stringIcSt11char_traitsIcESaIcEEEEES8_RKT_RKT0_
FNDA:0,_ZN7testing8internal33FormatForComparisonFailureMessageIA5_cNSt7__cxx1112basic_stringIcSt11char_traitsIcESaIcEEEEES8_RKT_RKT0_
FNDA:0,_ZN7testing8internal33FormatForComparisonFailureMessageIA6_cNSt7__cxx1112basic_stringIcSt11char_traitsIcESaIcEEEEES8_RKT_RKT0_
FNDA:0,_ZN7testing8internal33FormatForComparisonFailureMessageIA7_cNSt7__cxx1112basic_stringIcSt11char_traitsIcESaIcEEEEES8_RKT_RKT0_
FNDA:0,_ZN7testing8internal33FormatForComparisonFailureMessageIA8_cNSt7__cxx1112basic_stringIcSt11char_traitsIcESaIcEEEEES8_RKT_RKT0_
FNDA:0,_ZN7testing8internal33FormatForComparisonFailureMessageIA9_cNSt7__cxx1112basic_stringIcSt11char_traitsIcESaIcEEEEES8_RKT_RKT0_
FNDA:0,_ZN7testing8internal33FormatForComparisonFailureMessageINSt7__cxx1112basic_stringIcSt11char_traitsIcESaIcEEEA10_cEES7_RKT_RKT0_
FNDA:0,_ZN7testing8internal33FormatForComparisonFailureMessageINSt7__cxx1112basic_stringIcSt11char_traitsIcESaIcEEEA2_cEES7_RKT_RKT0_
FNDA:0,_ZN7testing8internal33FormatForComparisonFailureMessageINSt7__cxx1112basic_stringIcSt11char_traitsIcESaIcEEEA3_cEES7_RKT_RKT0_
FNDA:0,_ZN7testing8internal33FormatForComparisonFailureMessageINSt7__cxx1112basic_stringIcSt11char_traitsIcESaIcEEEA4_cEES7_RKT_RKT0_
FNDA:0,_ZN7testing8internal33FormatForComparisonFailureMessageINSt7__cxx1112basic_stringIcSt11char_traitsIcESaIcEEEA5_cEES7_RKT_RKT0_
FNDA:0,_ZN7testing8internal33FormatForComparisonFailureMessageINSt7__cxx1112basic_stringIcSt11char_traitsIcESaIcEEEA6_cEES7_RKT_RKT0_
FNDA:0,_ZN7testing8internal33FormatForComparisonFailureMessageINSt7__cxx1112basic_stringIcSt11char_traitsIcESaIcEEEA7_cEES7_RKT_RKT0_
FNDA:0,_ZN7testing8internal33FormatForComparisonFailureMessageINSt7__cxx1112basic_stringIcSt11char_traitsIcESaIcEEEA8_cEES7_RKT_RKT0_
FNDA:0,_ZN7testing8internal33FormatForComparisonFailureMessageINSt7__cxx1112basic_stringIcSt11char_traitsIcESaIcEEEA9_cEES7_RKT_RKT0_
FNDA:0,_ZN7testing8internal33FormatForComparisonFailureMessageINSt7__cxx1112basic_stringIcSt11char_traitsIcESaIcEEES7_EES7_RKT_RKT0_
FNDA:0,_ZN7testing8internal33FormatForComparisonFailureMessageIPNSt7__cxx1112basic_stringIcSt11char_traitsIcESaIcEEES8_EES7_RKT_RKT0_
FNDA:0,_ZN7testing8internal33FormatForComparisonFailureMessageIbiEENSt7__cxx1112basic_stringIcSt11char_traitsIcESaIcEEERKT_RKT0_
FNDA:0,_ZN7testing8internal33FormatForComparisonFailureMessageIibEENSt7__cxx1112basic_stringIcSt11char_traitsIcESaIcEEERKT_RKT0_
FNDA:0,_ZN7testing8internal33FormatForComparisonFailureMessageIiiEENSt7__cxx1112basic_stringIcSt11char_traitsIcESaIcEEERKT_RKT0_
FNDA:0,_ZN7testing8internal7PrintToIPNSt7__cxx1112basic_stringIcSt11char_traitsIcESaIcEEEEEvRKT_PSo
FNDA:0,_ZN7testing8internal7PrintToIiEEvRKT_PSo
FNDA:0,_ZN7testing8internal7PrintToEbPSo
FNDA:0,_ZN7testing8internal7PrintToERKNSt7__cxx1112basic_stringIcSt11char_traitsIcESaIcEEEPSo
FNDA:0,_ZN7testing8internal16UniversalPrinterINSt7__cxx1112basic_stringIcSt11char_traitsIcESaIcEEEE5PrintERKS7_PSo
FNDA:0,_ZN7testing8internal16UniversalPrinterIPNSt7__cxx1112basic_stringIcSt11char_traitsIcESaIcEEEE5PrintERKS8_PSo
FNDA:0,_ZN7testing8internal16UniversalPrinterIbE5PrintERKbPSo
FNDA:0,_ZN7testing8internal16UniversalPrinterIiE5PrintERKiPSo
FNDA:0,_ZN7testing8internal21UniversalTersePrinterINSt7__cxx1112basic_stringIcSt11char_traitsIcESaIcEEEE5PrintERKS7_PSo
FNDA:0,_ZN7testing8internal21UniversalTersePrinterIPNSt7__cxx1112basic_stringIcSt11char_traitsIcESaIcEEEE5PrintERKS8_PSo
FNDA:0,_ZN7testing8internal21UniversalTersePrinterIbE5PrintERKbPSo
FNDA:0,_ZN7testing8internal21UniversalTersePrinterIiE5PrintERKiPSo
FNF:73
FNH:0
DA:190,0
DA:191,0
DA:192,0
DA:197,0
DA:199,0
DA:221,0
DA:225,0
DA:226,0
DA:326,0
DA:336,0
DA:337,0
DA:357,0
DA:358,0
DA:366,0
DA:367,0
DA:411,0
DA:437,0
DA:439,0
DA:464,0
DA:465,0
DA:466,0
DA:483,0
DA:484,0
DA:485,0
DA:660,0
DA:661,0
DA:662,0
DA:799,0
DA:808,0
DA:809,0
DA:989,0
DA:990,0
DA:991,0
DA:1017,0
DA:1018,0
DA:1019,0
DA:1021,0
DA:1023,0
DA:1108,0
DA:1112,0
DA:1113,0
DA:1148,0
DA:1149,0
DA:1150,0
DA:1151,0
DA:1152,0
LF:46
LH:0
end_of_record
TN:
SF:/usr/include/gtest/gtest.h
FN:1359,1365,_ZN7testing8internal18CmpHelperEQFailureINSt7__cxx1112basic_stringIcSt11char_traitsIcESaIcEEEA10_cEENS_15AssertionResultEPKcSB_RKT_RKT0_
FN:1359,1365,_ZN7testing8internal18CmpHelperEQFailureINSt7__cxx1112basic_stringIcSt11char_traitsIcESaIcEEEA2_cEENS_15AssertionResultEPKcSB_RKT_RKT0_
FN:1359,1365,_ZN7testing8internal18CmpHelperEQFailureINSt7__cxx1112basic_stringIcSt11char_traitsIcESaIcEEEA3_cEENS_15AssertionResultEPKcSB_RKT_RKT0_
FN:1359,1365,_ZN7testing8internal18CmpHelperEQFailureINSt7__cxx1112basic_stringIcSt11char_traitsIcESaIcEEEA4_cEENS_15AssertionResultEPKcSB_RKT_RKT0_
FN:1359,1365,_ZN7testing8internal18CmpHelperEQFailureINSt7__cxx1112basic_stringIcSt11char_traitsIcESaIcEEEA5_cEENS_15AssertionResultEPKcSB_RKT_RKT0_
FN:1359,1365,_ZN7testing8internal18CmpHelperEQFailureINSt7__cxx1112basic_stringIcSt11char_traitsIcESaIcEEEA6_cEENS_15AssertionResultEPKcSB_RKT_RKT0_
FN:1359,1365,_ZN7testing8internal18CmpHelperEQFailureINSt7__cxx1112basic_stringIcSt11char_traitsIcESaIcEEEA7_cEENS_15AssertionResultEPKcSB_RKT_RKT0_
FN:1359,1365,_ZN7testing8internal18CmpHelperEQFailureINSt7__cxx1112basic_stringIcSt11char_traitsIcESaIcEEEA8_cEENS_15AssertionResultEPKcSB_RKT_RKT0_
FN:1359,1365,_ZN7testing8internal18CmpHelperEQFailureINSt7__cxx1112basic_stringIcSt11char_traitsIcESaIcEEEA9_cEENS_15AssertionResultEPKcSB_RKT_RKT0_
FN:1359,1365,_ZN7testing8internal18CmpHelperEQFailureINSt7__cxx1112basic_stringIcSt11char_traitsIcESaIcEEES7_EENS_15AssertionResultEPKcSA_RKT_RKT0_
FN:1359,1365,_ZN7testing8internal18CmpHelperEQFailureIPNSt7__cxx1112basic_stringIcSt11char_traitsIcESaIcEEES8_EENS_15AssertionResultEPKcSB_RKT_RKT0_
FN:1359,1365,_ZN7testing8internal18CmpHelperEQFailureIbiEENS_15AssertionResultEPKcS4_RKT_RKT0_
FN:1359,1365,_ZN7testing8internal18CmpHelperEQFailureIiiEENS_15AssertionResultEPKcS4_RKT_RKT0_
FN:1376,1384,_ZN7testing8internal11CmpHelperEQINSt7__cxx1112basic_stringIcSt11char_traitsIcESaIcEEEA10_cEENS_15AssertionResultEPKcSB_RKT_RKT0_
FN:1376,1384,_ZN7testing8internal11CmpHelperEQINSt7__cxx1112basic_stringIcSt11char_traitsIcESaIcEEEA2_cEENS_15AssertionResultEPKcSB_RKT_RKT0_
FN:1376,1384,_ZN7testing8internal11CmpHelperEQINSt7__cxx1112basic_stringIcSt11char_traitsIcESaIcEEEA3_cEENS_15AssertionResultEPKcSB_RKT_RKT0_
FN:1376,1384,_ZN7testing8internal11CmpHelperEQINSt7__cxx1112basic_stringIcSt11char_traitsIcESaIcEEEA4_cEENS_15AssertionResultEPKcSB_RKT_RKT0_
FN:1376,1384,_ZN7testing8internal11CmpHelperEQINSt7__cxx1112basic_stringIcSt11char_traitsIcESaIcEEEA5_cEENS_15AssertionResultEPKcSB_RKT_RKT0_
FN:1376,1384,_ZN7testing8internal11CmpHelperEQINSt7__cxx1112basic_stringIcSt11char_traitsIcESaIcEEEA6_cEENS_15AssertionResultEPKcSB_RKT_RKT0_
FN:1376,1384,_ZN7testing8internal11CmpHelperEQINSt7__cxx1112basic_stringIcSt11char_traitsIcESaIcEEEA7_cEENS_15AssertionResultEPKcSB_RKT_RKT0_
FN:1376,1384,_ZN7testing8internal11CmpHelperEQINSt7__cxx1112basic_stringIcSt11char_traitsIcESaIcEEEA8_cEENS_15AssertionResultEPKcSB_RKT_RKT0_
FN:1376,1384,_ZN7testing8internal11CmpHelperEQINSt7__cxx1112basic_stringIcSt11char_traitsIcESaIcEEEA9_cEENS_15AssertionResultEPKcSB_RKT_RKT0_
FN:1376,1384,_ZN7testing8internal11CmpHelperEQINSt7__cxx1112basic_stringIcSt11char_traitsIcESaIcEEES7_EENS_15AssertionResultEPKcSA_RKT_RKT0_
FN:1376,1384,_ZN7testing8internal11CmpHelperEQIPNSt7__cxx1112basic_stringIcSt11char_traitsIcESaIcEEES8_EENS_15AssertionResultEPKcSB_RKT_RKT0_
FN:1376,1384,_ZN7testing8internal11CmpHelperEQIbiEENS_15AssertionResultEPKcS4_RKT_RKT0_
FN:1376,1384,_ZN7testing8internal11CmpHelperEQIiiEENS_15AssertionResultEPKcS4_RKT_RKT0_
FN:1395,1399,_ZN7testing8internal8EqHelper7CompareINSt7__cxx1112basic_stringIcSt11char_traitsIcESaIcEEEA10_cLPv0EEENS_15AssertionResultEPKcSD_RKT_RKT0_
FN:1395,1399,_ZN7testing8internal8EqHelper7CompareINSt7__cxx1112basic_stringIcSt11char_traitsIcESaIcEEEA2_cLPv0EEENS_15AssertionResultEPKcSD_RKT_RKT0_
FN:1395,1399,_ZN7testing8internal8EqHelper7CompareINSt7__cxx1112basic_stringIcSt11char_traitsIcESaIcEEEA3_cLPv0EEENS_15AssertionResultEPKcSD_RKT_RKT0_
FN:1395,1399,_ZN7testing8internal8EqHelper7CompareINSt7__cxx1112basic_stringIcSt11char_traitsIcESaIcEEEA4_cLPv0EEENS_15AssertionResultEPKcSD_RKT_RKT0_
FN:1395,1399,_ZN7testing8internal8EqHelper7CompareINSt7__cxx1112basic_stringIcSt11char_traitsIcESaIcEEEA5_cLPv0EEENS_15AssertionResultEPKcSD_RKT_RKT0_
FN:1395,1399,_ZN7testing8internal8EqHelper7CompareINSt7__cxx1112basic_stringIcSt11char_traitsIcESaIcEEEA6_cLPv0EEENS_15AssertionResultEPKcSD_RKT_RKT0_
FN:1395,1399,_ZN7testing8internal8EqHelper7CompareINSt7__cxx1112basic_stringIcSt11char_traitsIcESaIcEEEA7_cLPv0EEENS_15AssertionResultEPKcSD_RKT_RKT0_
FN:1395,1399,_ZN7testing8internal8EqHelper7CompareINSt7__cxx1112basic_stringIcSt11char_traitsIcESaIcEEEA8_cLPv0EEENS_15AssertionResultEPKcSD_RKT_RKT0_
FN:1395,1399,_ZN7testing8internal8EqHelper7CompareINSt7__cxx1112basic_stringIcSt11char_traitsIcESaIcEEEA9_cLPv0EEENS_15AssertionResultEPKcSD_RKT_RKT0_
FN:1395,1399,_ZN7testing8internal8EqHelper7CompareINSt7__cxx1112basic_stringIcSt11char_traitsIcESaIcEEES8_LPv0EEENS_15AssertionResultEPKcSC_RKT_RKT0_
FN:1395,1399,_ZN7testing8internal8EqHelper7CompareIPNSt7__cxx1112basic_stringIcSt11char_traitsIcESaIcEEES9_LPv0EEENS_15AssertionResultEPKcSD_RKT_RKT0_
FN:1395,1399,_ZN7testing8internal8EqHelper7CompareIbiLPv0EEENS_15AssertionResultEPKcS6_RKT_RKT0_
FN:1395,1399,_ZN7testing8internal8EqHelper7CompareIiiLPv0EEENS_15AssertionResultEPKcS6_RKT_RKT0_
FN:256,256,_ZN7testing4Test14SetUpTestSuiteEv
FN:264,264,_ZN7testing4Test17TearDownTestSuiteEv
FN:269,269,_ZN7testing4Test16TearDownTestCaseEv
FN:270,270,_ZN7testing4Test13SetUpTestCaseEv
FN:357,357,_ZN7testing4Test5SetupEv
FNDA:0,_ZN7testing8internal18CmpHelperEQFailureINSt7__cxx1112basic_stringIcSt11char_traitsIcESaIcEEEA10_cEENS_15AssertionResultEPKcSB_RKT_RKT0_
FNDA:0,_ZN7testing8internal18CmpHelperEQFailureINSt7__cxx1112basic_stringIcSt11char_traitsIcESaIcEEEA2_cEENS_15AssertionResultEPKcSB_RKT_RKT0_
FNDA:0,_ZN7testing8internal18CmpHelperEQFailureINSt7__cxx1112basic_stringIcSt11char_traitsIcESaIcEEEA3_cEENS_15AssertionResultEPKcSB_RKT_RKT0_
FNDA:0,_ZN7testing8internal18CmpHelperEQFailureINSt7__cxx1112basic_stringIcSt11char_traitsIcESaIcEEEA4_cEENS_15AssertionResultEPKcSB_RKT_RKT0_
FNDA:0,_ZN7testing8internal18CmpHelperEQFailureINSt7__cxx1112basic_stringIcSt11char_traitsIcESaIcEEEA5_cEENS_15AssertionResultEPKcSB_RKT_RKT0_
FNDA:0,_ZN7testing8internal18CmpHelperEQFailureINSt7__cxx1112basic_stringIcSt11char_traitsIcESaIcEEEA6_cEENS_15AssertionResultEPKcSB_RKT_RKT0_
FNDA:0,_ZN7testing8internal18CmpHelperEQFailureINSt7__cxx1112basic_stringIcSt11char_traitsIcESaIcEEEA7_cEENS_15AssertionResultEPKcSB_RKT_RKT0_
FNDA:0,_ZN7testing8internal18CmpHelperEQFailureINSt7__cxx1112basic_stringIcSt11char_traitsIcESaIcEEEA8_cEENS_15AssertionResultEPKcSB_RKT_RKT0_
FNDA:0,_ZN7testing8internal18CmpHelperEQFailureINSt7__cxx1112basic_stringIcSt11char_traitsIcESaIcEEEA9_cEENS_15AssertionResultEPKcSB_RKT_RKT0_
FNDA:0,_ZN7testing8internal18CmpHelperEQFailureINSt7__cxx1112basic_stringIcSt11char_traitsIcESaIcEEES7_EENS_15AssertionResultEPKcSA_RKT_RKT0_
FNDA:0,_ZN7testing8internal18CmpHelperEQFailureIPNSt7__cxx1112basic_stringIcSt11char_traitsIcESaIcEEES8_EENS_15AssertionResultEPKcSB_RKT_RKT0_
FNDA:0,_ZN7testing8internal18CmpHelperEQFailureIbiEENS_15AssertionResultEPKcS4_RKT_RKT0_
FNDA:0,_ZN7testing8internal18CmpHelperEQFailureIiiEENS_15AssertionResultEPKcS4_RKT_RKT0_
FNDA:2,_ZN7testing8internal11CmpHelperEQINSt7__cxx1112basic_stringIcSt11char_traitsIcESaIcEEEA10_cEENS_15AssertionResultEPKcSB_RKT_RKT0_
FNDA:26,_ZN7testing8internal11CmpHelperEQINSt7__cxx1112basic_stringIcSt11char_traitsIcESaIcEEEA2_cEENS_15AssertionResultEPKcSB_RKT_RKT0_
FNDA:26,_ZN7testing8internal11CmpHelperEQINSt7__cxx1112basic_stringIcSt11char_traitsIcESaIcEEEA3_cEENS_15AssertionResultEPKcSB_RKT_RKT0_
FNDA:2,_ZN7testing8internal11CmpHelperEQINSt7__cxx1112basic_stringIcSt11char_traitsIcESaIcEEEA4_cEENS_15AssertionResultEPKcSB_RKT_RKT0_
FNDA:6,_ZN7testing8internal11CmpHelperEQINSt7__cxx1112basic_stringIcSt11char_traitsIcESaIcEEEA5_cEENS_15AssertionResultEPKcSB_RKT_RKT0_
FNDA:14,_ZN7testing8internal11CmpHelperEQINSt7__cxx1112basic_stringIcSt11char_traitsIcESaIcEEEA6_cEENS_15AssertionResultEPKcSB_RKT_RKT0_
FNDA:12,_ZN7testing8internal11CmpHelperEQINSt7__cxx1112basic_stringIcSt11char_traitsIcESaIcEEEA7_cEENS_15AssertionResultEPKcSB_RKT_RKT0_
FNDA:4,_ZN7testing8internal11CmpHelperEQINSt7__cxx1112basic_stringIcSt11char_traitsIcESaIcEEEA8_cEENS_15AssertionResultEPKcSB_RKT_RKT0_
FNDA:2,_ZN7testing8internal11CmpHelperEQINSt7__cxx1112basic_stringIcSt11char_traitsIcESaIcEEEA9_cEENS_15AssertionResultEPKcSB_RKT_RKT0_
FNDA:20,_ZN7testing8internal11CmpHelperEQINSt7__cxx1112basic_stringIcSt11char_traitsIcESaIcEEES7_EENS_15AssertionResultEPKcSA_RKT_RKT0_
FNDA:2,_ZN7testing8internal11CmpHelperEQIPNSt7__cxx1112basic_stringIcSt11char_traitsIcESaIcEEES8_EENS_15AssertionResultEPKcSB_RKT_RKT0_
FNDA:40,_ZN7testing8internal11CmpHelperEQIbiEENS_15AssertionResultEPKcS4_RKT_RKT0_
FNDA:106,_ZN7testing8internal11CmpHelperEQIiiEENS_15AssertionResultEPKcS4_RKT_RKT0_
FNDA:2,_ZN7testing8internal8EqHelper7CompareINSt7__cxx1112basic_stringIcSt11char_traitsIcESaIcEEEA10_cLPv0EEENS_15AssertionResultEPKcSD_RKT_RKT0_
FNDA:26,_ZN7testing8internal8EqHelper7CompareINSt7__cxx1112basic_stringIcSt11char_traitsIcESaIcEEEA2_cLPv0EEENS_15AssertionResultEPKcSD_RKT_RKT0_
FNDA:26,_ZN7testing8internal8EqHelper7CompareINSt7__cxx1112basic_stringIcSt11char_traitsIcESaIcEEEA3_cLPv0EEENS_15AssertionResultEPKcSD_RKT_RKT0_
FNDA:2,_ZN7testing8internal8EqHelper7CompareINSt7__cxx1112basic_stringIcSt11char_traitsIcESaIcEEEA4_cLPv0EEENS_15AssertionResultEPKcSD_RKT_RKT0_
FNDA:6,_ZN7testing8internal8EqHelper7CompareINSt7__cxx1112basic_stringIcSt11char_traitsIcESaIcEEEA5_cLPv0EEENS_15AssertionResultEPKcSD_RKT_RKT0_
FNDA:14,_ZN7testing8internal8EqHelper7CompareINSt7__cxx1112basic_stringIcSt11char_traitsIcESaIcEEEA6_cLPv0EEENS_15AssertionResultEPKcSD_RKT_RKT0_
FNDA:12,_ZN7testing8internal8EqHelper7CompareINSt7__cxx1112basic_stringIcSt11char_traitsIcESaIcEEEA7_cLPv0EEENS_15AssertionResultEPKcSD_RKT_RKT0_
FNDA:4,_ZN7testing8internal8EqHelper7CompareINSt7__cxx1112basic_stringIcSt11char_traitsIcESaIcEEEA8_cLPv0EEENS_15AssertionResultEPKcSD_RKT_RKT0_
FNDA:2,_ZN7testing8internal8EqHelper7CompareINSt7__cxx1112basic_stringIcSt11char_traitsIcESaIcEEEA9_cLPv0EEENS_15AssertionResultEPKcSD_RKT_RKT0_
FNDA:20,_ZN7testing8internal8EqHelper7CompareINSt7__cxx1112basic_stringIcSt11char_traitsIcESaIcEEES8_LPv0EEENS_15AssertionResultEPKcSC_RKT_RKT0_
FNDA:2,_ZN7testing8internal8EqHelper7CompareIPNSt7__cxx1112basic_stringIcSt11char_traitsIcESaIcEEES9_LPv0EEENS_15AssertionResultEPKcSD_RKT_RKT0_
FNDA:40,_ZN7testing8internal8EqHelper7CompareIbiLPv0EEENS_15AssertionResultEPKcS6_RKT_RKT0_
FNDA:106,_ZN7testing8internal8EqHelper7CompareIiiLPv0EEENS_15AssertionResultEPKcS6_RKT_RKT0_
FNDA:0,_ZN7testing4Test14SetUpTestSuiteEv
FNDA:0,_ZN7testing4Test17TearDownTestSuiteEv
FNDA:0,_ZN7testing4Test16TearDownTestCaseEv
FNDA:0,_ZN7testing4Test13SetUpTestCaseEv
FNDA:0,_ZN7testing4Test5SetupEv
FNF:44
FNH:26
DA:256,0
DA:264,0
DA:269,0
DA:270,0
DA:357,0
DA:1359,0
DA:1364,0
DA:1376,262
DA:1379,262
DA:1380,262
DA:1383,0
DA:1395,262
DA:1398,262
LF:13
LH:5
end_of_record
TN:
SF:/usr/include/gtest/internal/gtest-internal.h
FN:438,438,_ZN7testing8internal15TestFactoryBaseD0Ev
FN:438,438,_ZN7testing8internal15TestFactoryBaseD2Ev
FN:445,445,_ZN7testing8internal15TestFactoryBaseC2Ev
FN:457,457,_ZN7testing8internal15TestFactoryImplI19Queue_test_pop_TestE10CreateTestEv
FN:457,457,_ZN7testing8internal15TestFactoryImplI19Stack_test_pop_TestE10CreateTestEv
FN:457,457,_ZN7testing8internal15TestFactoryImplI20FBT_test_isFull_TestE10CreateTestEv
FN:457,457,_ZN7testing8internal15TestFactoryImplI20Queue_test_push_TestE10CreateTestEv
FN:457,457,_ZN7testing8internal15TestFactoryImplI20Stack_test_push_TestE10CreateTestEv
FN:457,457,_ZN7testing8internal15TestFactoryImplI21FBT_test_AddNode_TestE10CreateTestEv
FN:457,457,_ZN7testing8internal15TestFactoryImplI21FBT_test_notFull_TestE10CreateTestEv
FN:457,457,_ZN7testing8internal15TestFactoryImplI22FBT_test_findNode_TestE10CreateTestEv
FN:457,457,_ZN7testing8internal15TestFactoryImplI23Queue_test_isEmpty_TestE10CreateTestEv
FN:457,457,_ZN7testing8internal15TestFactoryImplI23Stack_test_isEmpty_TestE10CreateTestEv
FN:457,457,_ZN7testing8internal15TestFactoryImplI24LinkedList_test_get_TestE10CreateTestEv
FN:457,457,_ZN7testing8internal15TestFactoryImplI24Queue_test_popError_TestE10CreateTestEv
FN:457,457,_ZN7testing8internal15TestFactoryImplI24Stack_test_popError_TestE10CreateTestEv
FN:457,457,_ZN7testing8internal15TestFactoryImplI25FBT_test_Constructor_TestE10CreateTestEv
FN:457,457,_ZN7testing8internal15TestFactoryImplI25ForwardList_test_get_TestE10CreateTestEv
FN:457,457,_ZN7testing8internal15TestFactoryImplI26ForwardList_test_size_TestE10CreateTestEv
FN:457,457,_ZN7testing8internal15TestFactoryImplI26Hashtable_test_remove_TestE10CreateTestEv
FN:457,457,_ZN7testing8internal15TestFactoryImplI27DynamicArray_test_MDEL_TestE10CreateTestEv
FN:457,457,_ZN7testing8internal15TestFactoryImplI27DynamicArray_test_MSET_TestE10CreateTestEv
FN:457,457,_ZN7testing8internal15TestFactoryImplI27LinkedList_test_remove_TestE10CreateTestEv
FN:457,457,_ZN7testing8internal15TestFactoryImplI27LinkedList_test_search_TestE10CreateTestEv
FN:457,457,_ZN7testing8internal15TestFactoryImplI28DynamicArray_test_MPUSH_TestE10CreateTestEv
FN:457,457,_ZN7testing8internal15TestFactoryImplI28ForwardList_test_remove_TestE10CreateTestEv
FN:457,457,_ZN7testing8internal15TestFactoryImplI28ForwardList_test_search_TestE10CreateTestEv
FN:457,457,_ZN7testing8internal15TestFactoryImplI28LinkedList_test_addHead_TestE10CreateTestEv
FN:457,457,_ZN7testing8internal15TestFactoryImplI28LinkedList_test_addTail_TestE10CreateTestEv
FN:457,457,_ZN7testing8internal15TestFactoryImplI28LinkedList_test_delHead_TestE10CreateTestEv
FN:457,457,_ZN7testing8internal15TestFactoryImplI28LinkedList_test_delTail_TestE10CreateTestEv
FN:457,457,_ZN7testing8internal15TestFactoryImplI28LinkedList_test_isEmpty_TestE10CreateTestEv
FN:457,457,_ZN7testing8internal15TestFactoryImplI28Stack_test_isEmptyError_TestE10CreateTestEv
FN:457,457,_ZN7testing8internal15TestFactoryImplI29DynamicArray_test_Resize_TestE10CreateTestEv
FN:457,457,_ZN7testing8internal15TestFactoryImplI29ForwardList_test_addHead_TestE10CreateTestEv
FN:457,457,_ZN7testing8internal15TestFactoryImplI29ForwardList_test_addTail_TestE10CreateTestEv
FN:457,457,_ZN7testing8internal15TestFactoryImplI29ForwardList_test_delHead_TestE10CreateTestEv
FN:457,457,_ZN7testing8internal15TestFactoryImplI29ForwardList_test_delTail_TestE10CreateTestEv
FN:457,457,_ZN7testing8internal15TestFactoryImplI29ForwardList_test_isEmpty_TestE10CreateTestEv
FN:457,457,_ZN7testing8internal15TestFactoryImplI29Hashtable_test_addAndGet_TestE10CreateTestEv
FN:457,457,_ZN7testing8internal15TestFactoryImplI29Hashtable_test_collision_TestE10CreateTestEv
FN:457,457,_ZN7testing8internal15TestFactoryImplI31Hashtable_test_updateValue_TestE10CreateTestEv
FN:457,457,_ZN7testing8internal15TestFactoryImplI32DynamicArray_test_Iterators_TestE10CreateTestEv
FN:457,457,_ZN7testing8internal15TestFactoryImplI32LinkedList_test_constructor_TestE10CreateTestEv
FN:457,457,_ZN7testing8internal15TestFactoryImplI34Queue_test_defaultConstructor_TestE10CreateTestEv
FN:457,457,_ZN7testing8internal15TestFactoryImplI34Stack_test_defaultConstructor_TestE10CreateTestEv
FN:457,457,_ZN7testing8internal15TestFactoryImplI35DynamicArray_test_MPUSHAtIndex_TestE10CreateTestEv
FN:457,457,_ZN7testing8internal15TestFactoryImplI38DynamicArray_test_copyConstructor_TestE10CreateTestEv
FN:457,457,_ZN7testing8internal15TestFactoryImplI40DynamicArray_test_assigmentOperator_TestE10CreateTestEv
FN:457,457,_ZN7testing8internal15TestFactoryImplI40ForwardList_test_defaultConstructor_TestE10CreateTestEv
FN:457,457,_ZN7testing8internal15TestFactoryImplI41DynamicArray_test_defaultConstructor_TestE10CreateTestEv
FN:457,457,_ZN7testing8internal15TestFactoryImplI45DynamicArray_test_initializerConstructor_TestE10CreateTestEv
FN:478,479,_ZN7testing8internal12CodeLocationC2ERKNSt7__cxx1112basic_stringIcSt11char_traitsIcESaIcEEEi
FN:491,494,_ZN7testing8internal19GetNotDefaultOrNullEPFvvES2_
FN:506,525,_ZN7testing8internal16SuiteApiResolverINS_4TestEE19GetSetUpCaseOrSuiteEPKci
FN:527,546,_ZN7testing8internal16SuiteApiResolverINS_4TestEE22GetTearDownCaseOrSuiteEPKci
FN:843,843,_ZN7testing8internal14TrueWithStringC2Ev
FN:846,846,_ZNK7testing8internal14TrueWithStringcvbEv
FNDA:0,_ZN7testing8internal15TestFactoryBaseD0Ev
FNDA:98,_ZN7testing8internal15TestFactoryBaseD2Ev
FNDA:98,_ZN7testing8internal15TestFactoryBaseC2Ev
FNDA:2,_ZN7testing8internal15TestFactoryImplI19Queue_test_pop_TestE10CreateTestEv
FNDA:2,_ZN7testing8internal15TestFactoryImplI19Stack_test_pop_TestE10CreateTestEv
FNDA:2,_ZN7testing8internal15TestFactoryImplI20FBT_test_isFull_TestE10CreateTestEv
FNDA:2,_ZN7testing8internal15TestFactoryImplI20Queue_test_push_TestE10CreateTestEv
FNDA:2,_ZN7testing8internal15TestFactoryImplI20Stack_test_push_TestE10CreateTestEv
FNDA:2,_ZN7testing8internal15TestFactoryImplI21FBT_test_AddNode_TestE10CreateTestEv
FNDA:2,_ZN7testing8internal15TestFactoryImplI21FBT_test_notFull_TestE10CreateTestEv
FNDA:2,_ZN7testing8internal15TestFactoryImplI22FBT_test_findNode_TestE10CreateTestEv
FNDA:2,_ZN7testing8internal15TestFactoryImplI23Queue_test_isEmpty_TestE10CreateTestEv
FNDA:2,_ZN7testing8internal15TestFactoryImplI23Stack_test_isEmpty_TestE10CreateTestEv
FNDA:2,_ZN7testing8internal15TestFactoryImplI24LinkedList_test_get_TestE10CreateTestEv
FNDA:2,_ZN7testing8internal15TestFactoryImplI24Queue_test_popError_TestE10CreateTestEv
FNDA:2,_ZN7testing8internal15TestFactoryImplI24Stack_test_popError_TestE10CreateTestEv
FNDA:2,_ZN7testing8internal15TestFactoryImplI25FBT_test_Constructor_TestE10CreateTestEv
FNDA:2,_ZN7testing8internal15TestFactoryImplI25ForwardList_test_get_TestE10CreateTestEv
FNDA:2,_ZN7testing8internal15TestFactoryImplI26ForwardList_test_size_TestE10CreateTestEv
FNDA:2,_ZN7testing8internal15TestFactoryImplI26Hashtable_test_remove_TestE10CreateTestEv
FNDA:2,_ZN7testing8internal15TestFactoryImplI27DynamicArray_test_MDEL_TestE10CreateTestEv
FNDA:2,_ZN7testing8internal15TestFactoryImplI27DynamicArray_test_MSET_TestE10CreateTestEv
FNDA:2,_ZN7testing8internal15TestFactoryImplI27LinkedList_test_remove_TestE10CreateTestEv
FNDA:2,_ZN7testing8internal15TestFactoryImplI27LinkedList_test_search_TestE10CreateTestEv
FNDA:2,_ZN7testing8internal15TestFactoryImplI28DynamicArray_test_MPUSH_TestE10CreateTestEv
FNDA:2,_ZN7testing8internal15TestFactoryImplI28ForwardList_test_remove_TestE10CreateTestEv
FNDA:2,_ZN7testing8internal15TestFactoryImplI28ForwardList_test_search_TestE10CreateTestEv
FNDA:2,_ZN7testing8internal15TestFactoryImplI28LinkedList_test_addHead_TestE10CreateTestEv
FNDA:2,_ZN7testing8internal15TestFactoryImplI28LinkedList_test_addTail_TestE10CreateTestEv
FNDA:2,_ZN7testing8internal15TestFactoryImplI28LinkedList_test_delHead_TestE10CreateTestEv
FNDA:2,_ZN7testing8internal15TestFactoryImplI28LinkedList_test_delTail_TestE10CreateTestEv
FNDA:2,_ZN7testing8internal15TestFactoryImplI28LinkedList_test_isEmpty_TestE10CreateTestEv
FNDA:2,_ZN7testing8internal15TestFactoryImplI28Stack_test_isEmptyError_TestE10CreateTestEv
FNDA:2,_ZN7testing8internal15TestFactoryImplI29DynamicArray_test_Resize_TestE10CreateTestEv
FNDA:2,_ZN7testing8internal15TestFactoryImplI29ForwardList_test_addHead_TestE10CreateTestEv
FNDA:2,_ZN7testing8internal15TestFactoryImplI29ForwardList_test_addTail_TestE10CreateTestEv
FNDA:2,_ZN7testing8internal15TestFactoryImplI29ForwardList_test_delHead_TestE10CreateTestEv
FNDA:2,_ZN7testing8internal15TestFactoryImplI29ForwardList_test_delTail_TestE10CreateTestEv
FNDA:2,_ZN7testing8internal15TestFactoryImplI29ForwardList_test_isEmpty_TestE10CreateTestEv
FNDA:2,_ZN7testing8internal15TestFactoryImplI29Hashtable_test_addAndGet_TestE10CreateTestEv
FNDA:2,_ZN7testing8internal15TestFactoryImplI29Hashtable_test_collision_TestE10CreateTestEv
FNDA:2,_ZN7testing8internal15TestFactoryImplI31Hashtable_test_updateValue_TestE10CreateTestEv
FNDA:2,_ZN7testing8internal15TestFactoryImplI32DynamicArray_test_Iterators_TestE10CreateTestEv
FNDA:2,_ZN7testing8internal15TestFactoryImplI32LinkedList_test_constructor_TestE10CreateTestEv
FNDA:2,_ZN7testing8internal15TestFactoryImplI34Queue_test_defaultConstructor_TestE10CreateTestEv
FNDA:2,_ZN7testing8internal15TestFactoryImplI34Stack_test_defaultConstructor_TestE10CreateTestEv
FNDA:2,_ZN7testing8internal15TestFactoryImplI35DynamicArray_test_MPUSHAtIndex_TestE10CreateTestEv
FNDA:2,_ZN7testing8internal15TestFactoryImplI38DynamicArray_test_copyConstructor_TestE10CreateTestEv
FNDA:2,_ZN7testing8internal15TestFactoryImplI40DynamicArray_test_assigmentOperator_TestE10CreateTestEv
FNDA:2,_ZN7testing8internal15TestFactoryImplI40ForwardList_test_defaultConstructor_TestE10CreateTestEv
FNDA:2,_ZN7testing8internal15TestFactoryImplI41DynamicArray_test_defaultConstructor_TestE10CreateTestEv
FNDA:2,_ZN7testing8internal15TestFactoryImplI45DynamicArray_test_initializerConstructor_TestE10CreateTestEv
FNDA:98,_ZN7testing8internal12CodeLocationC2ERKNSt7__cxx1112basic_stringIcSt11char_traitsIcESaIcEEEi
FNDA:392,_ZN7testing8internal19GetNotDefaultOrNullEPFvvES2_
FNDA:98,_ZN7testing8internal16SuiteApiResolverINS_4TestEE19GetSetUpCaseOrSuiteEPKci
FNDA:98,_ZN7testing8internal16SuiteApiResolverINS_4TestEE22GetTearDownCaseOrSuiteEPKci
FNDA:36,_ZN7testing8internal14TrueWithStringC2Ev
FNDA:36,_ZNK7testing8internal14TrueWithStringcvbEv
FNF:58
FNH:57
DA:438,98
DA:445,98
DA:457,98
DA:478,98
DA:479,98
DA:491,392
DA:493,392
DA:506,98
DA:510,98
DA:512,98
DA:514,98
DA:517,0
DA:519,98
DA:527,98
DA:531,98
DA:533,98
DA:535,98
DA:538,0
DA:540,98
DA:843,36
DA:846,36
LF:21
LH:19
end_of_record
TN:
SF:/usr/include/gtest/internal/gtest-port.h
FN:1042,1042,_ZN7testing8internal8GTestLog9GetStreamEv
FNDA:0,_ZN7testing8internal8GTestLog9GetStreamEv
FNF:1
FNH:0
DA:1042,0
LF:1
LH:0
end_of_record
TN:
SF:/usr/include/gtest/internal/gtest-type-util.h
FN:61,87,_ZN7testing8internal31CanonicalizeForStdLibVersioningENSt7__cxx1112basic_stringIcSt11char_traitsIcESaIcEEE
FN:91,121,_ZN7testing8internal11GetTypeNameB5cxx11ERKSt9type_info
FNDA:0,_ZN7testing8internal31CanonicalizeForStdLibVersioningENSt7__cxx1112basic_stringIcSt11char_traitsIcESaIcEEE
FNDA:0,_ZN7testing8internal11GetTypeNameB5cxx11ERKSt9type_info
FNF:2
FNH:0
DA:61,0
DA:63,0
DA:64,0
DA:65,0
DA:67,0
DA:75,0
DA:78,0
DA:79,0
DA:80,0
DA:83,0
DA:84,0
DA:86,0
DA:91,0
DA:92,0
DA:94,0
DA:100,0
DA:101,0
DA:102,0
DA:103,0
DA:121,0
LF:20
LH:0
end_of_record
TN:
SF:/usr/include/x86_64-linux-gnu/c++/13/bits/c++config.h
FN:540,551,_ZSt23__is_constant_evaluatedv
FNDA:584,_ZSt23__is_constant_evaluatedv
FNF:1
FNH:1
DA:540,584
DA:547,584
LF:2
LH:2
end_of_record
